CRITICAL - 2022-04-18 08:51:49 --> The action you requested is not allowed.
#0 /opt/lampp/htdocs/konveksi/system/Security/Security.php(222): CodeIgniter\Security\Exceptions\SecurityException::forDisallowedAction()
#1 /opt/lampp/htdocs/konveksi/system/Filters/CSRF.php(53): CodeIgniter\Security\Security->verify(Object(CodeIgniter\HTTP\IncomingRequest))
#2 /opt/lampp/htdocs/konveksi/system/Filters/Filters.php(169): CodeIgniter\Filters\CSRF->before(Object(CodeIgniter\HTTP\IncomingRequest), NULL)
#3 /opt/lampp/htdocs/konveksi/system/CodeIgniter.php(374): CodeIgniter\Filters\Filters->run('/save/yard/f728...', 'before')
#4 /opt/lampp/htdocs/konveksi/system/CodeIgniter.php(317): CodeIgniter\CodeIgniter->handleRequest(NULL, Object(Config\Cache), false)
#5 /opt/lampp/htdocs/konveksi/index.php(38): CodeIgniter\CodeIgniter->run()
#6 {main}
CRITICAL - 2022-04-18 08:51:49 --> The action you requested is not allowed.
#0 /opt/lampp/htdocs/konveksi/system/Security/Security.php(222): CodeIgniter\Security\Exceptions\SecurityException::forDisallowedAction()
#1 /opt/lampp/htdocs/konveksi/system/Filters/CSRF.php(53): CodeIgniter\Security\Security->verify(Object(CodeIgniter\HTTP\IncomingRequest))
#2 /opt/lampp/htdocs/konveksi/system/Filters/Filters.php(169): CodeIgniter\Filters\CSRF->before(Object(CodeIgniter\HTTP\IncomingRequest), NULL)
#3 /opt/lampp/htdocs/konveksi/system/CodeIgniter.php(374): CodeIgniter\Filters\Filters->run('/save/yard/f728...', 'before')
#4 /opt/lampp/htdocs/konveksi/system/CodeIgniter.php(317): CodeIgniter\CodeIgniter->handleRequest(NULL, Object(Config\Cache), false)
#5 /opt/lampp/htdocs/konveksi/index.php(38): CodeIgniter\CodeIgniter->run()
#6 {main}
CRITICAL - 2022-04-18 08:51:50 --> The action you requested is not allowed.
#0 /opt/lampp/htdocs/konveksi/system/Security/Security.php(222): CodeIgniter\Security\Exceptions\SecurityException::forDisallowedAction()
#1 /opt/lampp/htdocs/konveksi/system/Filters/CSRF.php(53): CodeIgniter\Security\Security->verify(Object(CodeIgniter\HTTP\IncomingRequest))
#2 /opt/lampp/htdocs/konveksi/system/Filters/Filters.php(169): CodeIgniter\Filters\CSRF->before(Object(CodeIgniter\HTTP\IncomingRequest), NULL)
#3 /opt/lampp/htdocs/konveksi/system/CodeIgniter.php(374): CodeIgniter\Filters\Filters->run('/save/yard/f728...', 'before')
#4 /opt/lampp/htdocs/konveksi/system/CodeIgniter.php(317): CodeIgniter\CodeIgniter->handleRequest(NULL, Object(Config\Cache), false)
#5 /opt/lampp/htdocs/konveksi/index.php(38): CodeIgniter\CodeIgniter->run()
#6 {main}
CRITICAL - 2022-04-18 08:51:50 --> The action you requested is not allowed.
#0 /opt/lampp/htdocs/konveksi/system/Security/Security.php(222): CodeIgniter\Security\Exceptions\SecurityException::forDisallowedAction()
#1 /opt/lampp/htdocs/konveksi/system/Filters/CSRF.php(53): CodeIgniter\Security\Security->verify(Object(CodeIgniter\HTTP\IncomingRequest))
#2 /opt/lampp/htdocs/konveksi/system/Filters/Filters.php(169): CodeIgniter\Filters\CSRF->before(Object(CodeIgniter\HTTP\IncomingRequest), NULL)
#3 /opt/lampp/htdocs/konveksi/system/CodeIgniter.php(374): CodeIgniter\Filters\Filters->run('/save/yard/f728...', 'before')
#4 /opt/lampp/htdocs/konveksi/system/CodeIgniter.php(317): CodeIgniter\CodeIgniter->handleRequest(NULL, Object(Config\Cache), false)
#5 /opt/lampp/htdocs/konveksi/index.php(38): CodeIgniter\CodeIgniter->run()
#6 {main}
CRITICAL - 2022-04-18 08:51:55 --> The action you requested is not allowed.
#0 /opt/lampp/htdocs/konveksi/system/Security/Security.php(222): CodeIgniter\Security\Exceptions\SecurityException::forDisallowedAction()
#1 /opt/lampp/htdocs/konveksi/system/Filters/CSRF.php(53): CodeIgniter\Security\Security->verify(Object(CodeIgniter\HTTP\IncomingRequest))
#2 /opt/lampp/htdocs/konveksi/system/Filters/Filters.php(169): CodeIgniter\Filters\CSRF->before(Object(CodeIgniter\HTTP\IncomingRequest), NULL)
#3 /opt/lampp/htdocs/konveksi/system/CodeIgniter.php(374): CodeIgniter\Filters\Filters->run('/save/yard/f728...', 'before')
#4 /opt/lampp/htdocs/konveksi/system/CodeIgniter.php(317): CodeIgniter\CodeIgniter->handleRequest(NULL, Object(Config\Cache), false)
#5 /opt/lampp/htdocs/konveksi/index.php(38): CodeIgniter\CodeIgniter->run()
#6 {main}
CRITICAL - 2022-04-18 08:53:20 --> The action you requested is not allowed.
#0 /opt/lampp/htdocs/konveksi/system/Security/Security.php(222): CodeIgniter\Security\Exceptions\SecurityException::forDisallowedAction()
#1 /opt/lampp/htdocs/konveksi/system/Filters/CSRF.php(53): CodeIgniter\Security\Security->verify(Object(CodeIgniter\HTTP\IncomingRequest))
#2 /opt/lampp/htdocs/konveksi/system/Filters/Filters.php(169): CodeIgniter\Filters\CSRF->before(Object(CodeIgniter\HTTP\IncomingRequest), NULL)
#3 /opt/lampp/htdocs/konveksi/system/CodeIgniter.php(374): CodeIgniter\Filters\Filters->run('/save/yard/de04...', 'before')
#4 /opt/lampp/htdocs/konveksi/system/CodeIgniter.php(317): CodeIgniter\CodeIgniter->handleRequest(NULL, Object(Config\Cache), false)
#5 /opt/lampp/htdocs/konveksi/index.php(38): CodeIgniter\CodeIgniter->run()
#6 {main}
CRITICAL - 2022-04-18 08:55:09 --> The action you requested is not allowed.
#0 /opt/lampp/htdocs/konveksi/system/Security/Security.php(222): CodeIgniter\Security\Exceptions\SecurityException::forDisallowedAction()
#1 /opt/lampp/htdocs/konveksi/system/Filters/CSRF.php(53): CodeIgniter\Security\Security->verify(Object(CodeIgniter\HTTP\IncomingRequest))
#2 /opt/lampp/htdocs/konveksi/system/Filters/Filters.php(169): CodeIgniter\Filters\CSRF->before(Object(CodeIgniter\HTTP\IncomingRequest), NULL)
#3 /opt/lampp/htdocs/konveksi/system/CodeIgniter.php(374): CodeIgniter\Filters\Filters->run('/save/yard', 'before')
#4 /opt/lampp/htdocs/konveksi/system/CodeIgniter.php(317): CodeIgniter\CodeIgniter->handleRequest(NULL, Object(Config\Cache), false)
#5 /opt/lampp/htdocs/konveksi/index.php(38): CodeIgniter\CodeIgniter->run()
#6 {main}
CRITICAL - 2022-04-18 08:55:11 --> The action you requested is not allowed.
#0 /opt/lampp/htdocs/konveksi/system/Security/Security.php(222): CodeIgniter\Security\Exceptions\SecurityException::forDisallowedAction()
#1 /opt/lampp/htdocs/konveksi/system/Filters/CSRF.php(53): CodeIgniter\Security\Security->verify(Object(CodeIgniter\HTTP\IncomingRequest))
#2 /opt/lampp/htdocs/konveksi/system/Filters/Filters.php(169): CodeIgniter\Filters\CSRF->before(Object(CodeIgniter\HTTP\IncomingRequest), NULL)
#3 /opt/lampp/htdocs/konveksi/system/CodeIgniter.php(374): CodeIgniter\Filters\Filters->run('/save/yard', 'before')
#4 /opt/lampp/htdocs/konveksi/system/CodeIgniter.php(317): CodeIgniter\CodeIgniter->handleRequest(NULL, Object(Config\Cache), false)
#5 /opt/lampp/htdocs/konveksi/index.php(38): CodeIgniter\CodeIgniter->run()
#6 {main}
ERROR - 2022-04-18 10:08:51 --> Column 'bahan_baku_id' cannot be null
CRITICAL - 2022-04-18 10:08:51 --> Column 'bahan_baku_id' cannot be null
#0 /opt/lampp/htdocs/konveksi/system/Database/MySQLi/Connection.php(280): mysqli->query('INSERT INTO `ya...')
#1 /opt/lampp/htdocs/konveksi/system/Database/BaseConnection.php(663): CodeIgniter\Database\MySQLi\Connection->execute('INSERT INTO `ya...')
#2 /opt/lampp/htdocs/konveksi/system/Database/BaseConnection.php(591): CodeIgniter\Database\BaseConnection->simpleQuery('INSERT INTO `ya...')
#3 /opt/lampp/htdocs/konveksi/system/Database/BaseBuilder.php(1733): CodeIgniter\Database\BaseConnection->query('INSERT INTO `ya...', Array, false)
#4 /opt/lampp/htdocs/konveksi/system/Model.php(239): CodeIgniter\Database\BaseBuilder->insert()
#5 /opt/lampp/htdocs/konveksi/system/BaseModel.php(738): CodeIgniter\Model->doInsert(Array)
#6 /opt/lampp/htdocs/konveksi/system/Model.php(620): CodeIgniter\BaseModel->insert(Array, true)
#7 /opt/lampp/htdocs/konveksi/app/Controllers/Bahanbaku.php(267): CodeIgniter\Model->insert(Array)
#8 /opt/lampp/htdocs/konveksi/system/CodeIgniter.php(802): App\Controllers\Bahanbaku->save_yard()
#9 /opt/lampp/htdocs/konveksi/system/CodeIgniter.php(399): CodeIgniter\CodeIgniter->runController(Object(App\Controllers\Bahanbaku))
#10 /opt/lampp/htdocs/konveksi/system/CodeIgniter.php(317): CodeIgniter\CodeIgniter->handleRequest(NULL, Object(Config\Cache), false)
#11 /opt/lampp/htdocs/konveksi/index.php(38): CodeIgniter\CodeIgniter->run()
#12 {main}
CRITICAL - 2022-04-18 10:09:05 --> The action you requested is not allowed.
#0 /opt/lampp/htdocs/konveksi/system/Security/Security.php(222): CodeIgniter\Security\Exceptions\SecurityException::forDisallowedAction()
#1 /opt/lampp/htdocs/konveksi/system/Filters/CSRF.php(53): CodeIgniter\Security\Security->verify(Object(CodeIgniter\HTTP\IncomingRequest))
#2 /opt/lampp/htdocs/konveksi/system/Filters/Filters.php(169): CodeIgniter\Filters\CSRF->before(Object(CodeIgniter\HTTP\IncomingRequest), NULL)
#3 /opt/lampp/htdocs/konveksi/system/CodeIgniter.php(374): CodeIgniter\Filters\Filters->run('/save/yard', 'before')
#4 /opt/lampp/htdocs/konveksi/system/CodeIgniter.php(317): CodeIgniter\CodeIgniter->handleRequest(NULL, Object(Config\Cache), false)
#5 /opt/lampp/htdocs/konveksi/index.php(38): CodeIgniter\CodeIgniter->run()
#6 {main}
CRITICAL - 2022-04-18 10:09:07 --> The action you requested is not allowed.
#0 /opt/lampp/htdocs/konveksi/system/Security/Security.php(222): CodeIgniter\Security\Exceptions\SecurityException::forDisallowedAction()
#1 /opt/lampp/htdocs/konveksi/system/Filters/CSRF.php(53): CodeIgniter\Security\Security->verify(Object(CodeIgniter\HTTP\IncomingRequest))
#2 /opt/lampp/htdocs/konveksi/system/Filters/Filters.php(169): CodeIgniter\Filters\CSRF->before(Object(CodeIgniter\HTTP\IncomingRequest), NULL)
#3 /opt/lampp/htdocs/konveksi/system/CodeIgniter.php(374): CodeIgniter\Filters\Filters->run('/save/yard', 'before')
#4 /opt/lampp/htdocs/konveksi/system/CodeIgniter.php(317): CodeIgniter\CodeIgniter->handleRequest(NULL, Object(Config\Cache), false)
#5 /opt/lampp/htdocs/konveksi/index.php(38): CodeIgniter\CodeIgniter->run()
#6 {main}
ERROR - 2022-04-18 10:09:51 --> Column 'bahan_baku_id' cannot be null
CRITICAL - 2022-04-18 10:09:51 --> Column 'bahan_baku_id' cannot be null
#0 /opt/lampp/htdocs/konveksi/system/Database/MySQLi/Connection.php(280): mysqli->query('INSERT INTO `ya...')
#1 /opt/lampp/htdocs/konveksi/system/Database/BaseConnection.php(663): CodeIgniter\Database\MySQLi\Connection->execute('INSERT INTO `ya...')
#2 /opt/lampp/htdocs/konveksi/system/Database/BaseConnection.php(591): CodeIgniter\Database\BaseConnection->simpleQuery('INSERT INTO `ya...')
#3 /opt/lampp/htdocs/konveksi/system/Database/BaseBuilder.php(1733): CodeIgniter\Database\BaseConnection->query('INSERT INTO `ya...', Array, false)
#4 /opt/lampp/htdocs/konveksi/system/Model.php(239): CodeIgniter\Database\BaseBuilder->insert()
#5 /opt/lampp/htdocs/konveksi/system/BaseModel.php(738): CodeIgniter\Model->doInsert(Array)
#6 /opt/lampp/htdocs/konveksi/system/Model.php(620): CodeIgniter\BaseModel->insert(Array, true)
#7 /opt/lampp/htdocs/konveksi/app/Controllers/Bahanbaku.php(267): CodeIgniter\Model->insert(Array)
#8 /opt/lampp/htdocs/konveksi/system/CodeIgniter.php(802): App\Controllers\Bahanbaku->save_yard()
#9 /opt/lampp/htdocs/konveksi/system/CodeIgniter.php(399): CodeIgniter\CodeIgniter->runController(Object(App\Controllers\Bahanbaku))
#10 /opt/lampp/htdocs/konveksi/system/CodeIgniter.php(317): CodeIgniter\CodeIgniter->handleRequest(NULL, Object(Config\Cache), false)
#11 /opt/lampp/htdocs/konveksi/index.php(38): CodeIgniter\CodeIgniter->run()
#12 {main}
CRITICAL - 2022-04-18 10:09:56 --> The action you requested is not allowed.
#0 /opt/lampp/htdocs/konveksi/system/Security/Security.php(222): CodeIgniter\Security\Exceptions\SecurityException::forDisallowedAction()
#1 /opt/lampp/htdocs/konveksi/system/Filters/CSRF.php(53): CodeIgniter\Security\Security->verify(Object(CodeIgniter\HTTP\IncomingRequest))
#2 /opt/lampp/htdocs/konveksi/system/Filters/Filters.php(169): CodeIgniter\Filters\CSRF->before(Object(CodeIgniter\HTTP\IncomingRequest), NULL)
#3 /opt/lampp/htdocs/konveksi/system/CodeIgniter.php(374): CodeIgniter\Filters\Filters->run('/save/yard', 'before')
#4 /opt/lampp/htdocs/konveksi/system/CodeIgniter.php(317): CodeIgniter\CodeIgniter->handleRequest(NULL, Object(Config\Cache), false)
#5 /opt/lampp/htdocs/konveksi/index.php(38): CodeIgniter\CodeIgniter->run()
#6 {main}
CRITICAL - 2022-04-18 10:09:58 --> The action you requested is not allowed.
#0 /opt/lampp/htdocs/konveksi/system/Security/Security.php(222): CodeIgniter\Security\Exceptions\SecurityException::forDisallowedAction()
#1 /opt/lampp/htdocs/konveksi/system/Filters/CSRF.php(53): CodeIgniter\Security\Security->verify(Object(CodeIgniter\HTTP\IncomingRequest))
#2 /opt/lampp/htdocs/konveksi/system/Filters/Filters.php(169): CodeIgniter\Filters\CSRF->before(Object(CodeIgniter\HTTP\IncomingRequest), NULL)
#3 /opt/lampp/htdocs/konveksi/system/CodeIgniter.php(374): CodeIgniter\Filters\Filters->run('/save/yard', 'before')
#4 /opt/lampp/htdocs/konveksi/system/CodeIgniter.php(317): CodeIgniter\CodeIgniter->handleRequest(NULL, Object(Config\Cache), false)
#5 /opt/lampp/htdocs/konveksi/index.php(38): CodeIgniter\CodeIgniter->run()
#6 {main}
CRITICAL - 2022-04-18 10:10:01 --> The action you requested is not allowed.
#0 /opt/lampp/htdocs/konveksi/system/Security/Security.php(222): CodeIgniter\Security\Exceptions\SecurityException::forDisallowedAction()
#1 /opt/lampp/htdocs/konveksi/system/Filters/CSRF.php(53): CodeIgniter\Security\Security->verify(Object(CodeIgniter\HTTP\IncomingRequest))
#2 /opt/lampp/htdocs/konveksi/system/Filters/Filters.php(169): CodeIgniter\Filters\CSRF->before(Object(CodeIgniter\HTTP\IncomingRequest), NULL)
#3 /opt/lampp/htdocs/konveksi/system/CodeIgniter.php(374): CodeIgniter\Filters\Filters->run('/save/yard', 'before')
#4 /opt/lampp/htdocs/konveksi/system/CodeIgniter.php(317): CodeIgniter\CodeIgniter->handleRequest(NULL, Object(Config\Cache), false)
#5 /opt/lampp/htdocs/konveksi/index.php(38): CodeIgniter\CodeIgniter->run()
#6 {main}
CRITICAL - 2022-04-18 10:29:49 --> Array to string conversion
#0 /opt/lampp/htdocs/konveksi/app/Controllers/Bahanbaku.php(187): CodeIgniter\Debug\Exceptions->errorHandler(8, 'Array to string...', '/opt/lampp/htdo...', 187, Array)
#1 /opt/lampp/htdocs/konveksi/system/CodeIgniter.php(802): App\Controllers\Bahanbaku->list_yard('00ec06468ace3c9...')
#2 /opt/lampp/htdocs/konveksi/system/CodeIgniter.php(399): CodeIgniter\CodeIgniter->runController(Object(App\Controllers\Bahanbaku))
#3 /opt/lampp/htdocs/konveksi/system/CodeIgniter.php(317): CodeIgniter\CodeIgniter->handleRequest(NULL, Object(Config\Cache), false)
#4 /opt/lampp/htdocs/konveksi/index.php(38): CodeIgniter\CodeIgniter->run()
#5 {main}
CRITICAL - 2022-04-18 11:05:14 --> Undefined variable: <div class="btn-group btn-group-sm"><button type="button" class="btn btn-success dropdown-toggle dropdown-icon" data-toggle="dropdown"><i class="fas fa-cogs"></i> </button><div class="dropdown-menu dropdown-menu-right"><a class="dropdown-item" href="http://localhost/konveksi/edit/rencanakerja/MTU=">Edit</a><div class="dropdown-divider"></div>
#0 /opt/lampp/htdocs/konveksi/app/Controllers/Rencanakerja.php(42): CodeIgniter\Debug\Exceptions->errorHandler(8, 'Undefined varia...', '/opt/lampp/htdo...', 42, Array)
#1 /opt/lampp/htdocs/konveksi/system/CodeIgniter.php(802): App\Controllers\Rencanakerja->list_rencanakerja('38b8cdd89dc9f1a...')
#2 /opt/lampp/htdocs/konveksi/system/CodeIgniter.php(399): CodeIgniter\CodeIgniter->runController(Object(App\Controllers\Rencanakerja))
#3 /opt/lampp/htdocs/konveksi/system/CodeIgniter.php(317): CodeIgniter\CodeIgniter->handleRequest(NULL, Object(Config\Cache), false)
#4 /opt/lampp/htdocs/konveksi/index.php(38): CodeIgniter\CodeIgniter->run()
#5 {main}
CRITICAL - 2022-04-18 11:06:50 --> The action you requested is not allowed.
#0 /opt/lampp/htdocs/konveksi/system/Security/Security.php(222): CodeIgniter\Security\Exceptions\SecurityException::forDisallowedAction()
#1 /opt/lampp/htdocs/konveksi/system/Filters/CSRF.php(53): CodeIgniter\Security\Security->verify(Object(CodeIgniter\HTTP\IncomingRequest))
#2 /opt/lampp/htdocs/konveksi/system/Filters/Filters.php(169): CodeIgniter\Filters\CSRF->before(Object(CodeIgniter\HTTP\IncomingRequest), NULL)
#3 /opt/lampp/htdocs/konveksi/system/CodeIgniter.php(374): CodeIgniter\Filters\Filters->run('/delete/rencana...', 'before')
#4 /opt/lampp/htdocs/konveksi/system/CodeIgniter.php(317): CodeIgniter\CodeIgniter->handleRequest(NULL, Object(Config\Cache), false)
#5 /opt/lampp/htdocs/konveksi/index.php(38): CodeIgniter\CodeIgniter->run()
#6 {main}
CRITICAL - 2022-04-18 11:15:41 --> Undefined variable: yard
#0 /opt/lampp/htdocs/konveksi/app/Controllers/Rencanakerja.php(213): CodeIgniter\Debug\Exceptions->errorHandler(8, 'Undefined varia...', '/opt/lampp/htdo...', 213, Array)
#1 /opt/lampp/htdocs/konveksi/system/CodeIgniter.php(802): App\Controllers\Rencanakerja->save_rencanakerja()
#2 /opt/lampp/htdocs/konveksi/system/CodeIgniter.php(399): CodeIgniter\CodeIgniter->runController(Object(App\Controllers\Rencanakerja))
#3 /opt/lampp/htdocs/konveksi/system/CodeIgniter.php(317): CodeIgniter\CodeIgniter->handleRequest(NULL, Object(Config\Cache), false)
#4 /opt/lampp/htdocs/konveksi/index.php(38): CodeIgniter\CodeIgniter->run()
#5 {main}
CRITICAL - 2022-04-18 11:15:42 --> The action you requested is not allowed.
#0 /opt/lampp/htdocs/konveksi/system/Security/Security.php(222): CodeIgniter\Security\Exceptions\SecurityException::forDisallowedAction()
#1 /opt/lampp/htdocs/konveksi/system/Filters/CSRF.php(53): CodeIgniter\Security\Security->verify(Object(CodeIgniter\HTTP\IncomingRequest))
#2 /opt/lampp/htdocs/konveksi/system/Filters/Filters.php(169): CodeIgniter\Filters\CSRF->before(Object(CodeIgniter\HTTP\IncomingRequest), NULL)
#3 /opt/lampp/htdocs/konveksi/system/CodeIgniter.php(374): CodeIgniter\Filters\Filters->run('/save/rencanake...', 'before')
#4 /opt/lampp/htdocs/konveksi/system/CodeIgniter.php(317): CodeIgniter\CodeIgniter->handleRequest(NULL, Object(Config\Cache), false)
#5 /opt/lampp/htdocs/konveksi/index.php(38): CodeIgniter\CodeIgniter->run()
#6 {main}
CRITICAL - 2022-04-18 11:15:44 --> The action you requested is not allowed.
#0 /opt/lampp/htdocs/konveksi/system/Security/Security.php(222): CodeIgniter\Security\Exceptions\SecurityException::forDisallowedAction()
#1 /opt/lampp/htdocs/konveksi/system/Filters/CSRF.php(53): CodeIgniter\Security\Security->verify(Object(CodeIgniter\HTTP\IncomingRequest))
#2 /opt/lampp/htdocs/konveksi/system/Filters/Filters.php(169): CodeIgniter\Filters\CSRF->before(Object(CodeIgniter\HTTP\IncomingRequest), NULL)
#3 /opt/lampp/htdocs/konveksi/system/CodeIgniter.php(374): CodeIgniter\Filters\Filters->run('/save/rencanake...', 'before')
#4 /opt/lampp/htdocs/konveksi/system/CodeIgniter.php(317): CodeIgniter\CodeIgniter->handleRequest(NULL, Object(Config\Cache), false)
#5 /opt/lampp/htdocs/konveksi/index.php(38): CodeIgniter\CodeIgniter->run()
#6 {main}
CRITICAL - 2022-04-18 11:15:49 --> The action you requested is not allowed.
#0 /opt/lampp/htdocs/konveksi/system/Security/Security.php(222): CodeIgniter\Security\Exceptions\SecurityException::forDisallowedAction()
#1 /opt/lampp/htdocs/konveksi/system/Filters/CSRF.php(53): CodeIgniter\Security\Security->verify(Object(CodeIgniter\HTTP\IncomingRequest))
#2 /opt/lampp/htdocs/konveksi/system/Filters/Filters.php(169): CodeIgniter\Filters\CSRF->before(Object(CodeIgniter\HTTP\IncomingRequest), NULL)
#3 /opt/lampp/htdocs/konveksi/system/CodeIgniter.php(374): CodeIgniter\Filters\Filters->run('/save/rencanake...', 'before')
#4 /opt/lampp/htdocs/konveksi/system/CodeIgniter.php(317): CodeIgniter\CodeIgniter->handleRequest(NULL, Object(Config\Cache), false)
#5 /opt/lampp/htdocs/konveksi/index.php(38): CodeIgniter\CodeIgniter->run()
#6 {main}
CRITICAL - 2022-04-18 11:46:34 --> Call to undefined method App\Models\PemotonganModel::tanggal
#0 /opt/lampp/htdocs/konveksi/app/Controllers/Pemotongan.php(32): CodeIgniter\Model->__call('tanggal', Array)
#1 /opt/lampp/htdocs/konveksi/system/CodeIgniter.php(802): App\Controllers\Pemotongan->list_pemotongan('975bf1269c4a4aa...')
#2 /opt/lampp/htdocs/konveksi/system/CodeIgniter.php(399): CodeIgniter\CodeIgniter->runController(Object(App\Controllers\Pemotongan))
#3 /opt/lampp/htdocs/konveksi/system/CodeIgniter.php(317): CodeIgniter\CodeIgniter->handleRequest(NULL, Object(Config\Cache), false)
#4 /opt/lampp/htdocs/konveksi/index.php(38): CodeIgniter\CodeIgniter->run()
#5 {main}
CRITICAL - 2022-04-18 11:47:48 --> Call to undefined method App\Models\PemotonganModel::tanggal
#0 /opt/lampp/htdocs/konveksi/app/Controllers/Pemotongan.php(32): CodeIgniter\Model->__call('tanggal', Array)
#1 /opt/lampp/htdocs/konveksi/system/CodeIgniter.php(802): App\Controllers\Pemotongan->list_pemotongan('bad6bcfeeea63c2...')
#2 /opt/lampp/htdocs/konveksi/system/CodeIgniter.php(399): CodeIgniter\CodeIgniter->runController(Object(App\Controllers\Pemotongan))
#3 /opt/lampp/htdocs/konveksi/system/CodeIgniter.php(317): CodeIgniter\CodeIgniter->handleRequest(NULL, Object(Config\Cache), false)
#4 /opt/lampp/htdocs/konveksi/index.php(38): CodeIgniter\CodeIgniter->run()
#5 {main}
CRITICAL - 2022-04-18 12:42:58 --> The action you requested is not allowed.
#0 /opt/lampp/htdocs/konveksi/system/Security/Security.php(222): CodeIgniter\Security\Exceptions\SecurityException::forDisallowedAction()
#1 /opt/lampp/htdocs/konveksi/system/Filters/CSRF.php(53): CodeIgniter\Security\Security->verify(Object(CodeIgniter\HTTP\IncomingRequest))
#2 /opt/lampp/htdocs/konveksi/system/Filters/Filters.php(169): CodeIgniter\Filters\CSRF->before(Object(CodeIgniter\HTTP\IncomingRequest), NULL)
#3 /opt/lampp/htdocs/konveksi/system/CodeIgniter.php(374): CodeIgniter\Filters\Filters->run('/save/pemotonga...', 'before')
#4 /opt/lampp/htdocs/konveksi/system/CodeIgniter.php(317): CodeIgniter\CodeIgniter->handleRequest(NULL, Object(Config\Cache), false)
#5 /opt/lampp/htdocs/konveksi/index.php(38): CodeIgniter\CodeIgniter->run()
#6 {main}
CRITICAL - 2022-04-18 12:44:54 --> The action you requested is not allowed.
#0 /opt/lampp/htdocs/konveksi/system/Security/Security.php(222): CodeIgniter\Security\Exceptions\SecurityException::forDisallowedAction()
#1 /opt/lampp/htdocs/konveksi/system/Filters/CSRF.php(53): CodeIgniter\Security\Security->verify(Object(CodeIgniter\HTTP\IncomingRequest))
#2 /opt/lampp/htdocs/konveksi/system/Filters/Filters.php(169): CodeIgniter\Filters\CSRF->before(Object(CodeIgniter\HTTP\IncomingRequest), NULL)
#3 /opt/lampp/htdocs/konveksi/system/CodeIgniter.php(374): CodeIgniter\Filters\Filters->run('/save/pemotonga...', 'before')
#4 /opt/lampp/htdocs/konveksi/system/CodeIgniter.php(317): CodeIgniter\CodeIgniter->handleRequest(NULL, Object(Config\Cache), false)
#5 /opt/lampp/htdocs/konveksi/index.php(38): CodeIgniter\CodeIgniter->run()
#6 {main}
CRITICAL - 2022-04-18 13:11:59 --> The action you requested is not allowed.
#0 /opt/lampp/htdocs/konveksi/system/Security/Security.php(222): CodeIgniter\Security\Exceptions\SecurityException::forDisallowedAction()
#1 /opt/lampp/htdocs/konveksi/system/Filters/CSRF.php(53): CodeIgniter\Security\Security->verify(Object(CodeIgniter\HTTP\IncomingRequest))
#2 /opt/lampp/htdocs/konveksi/system/Filters/Filters.php(169): CodeIgniter\Filters\CSRF->before(Object(CodeIgniter\HTTP\IncomingRequest), NULL)
#3 /opt/lampp/htdocs/konveksi/system/CodeIgniter.php(374): CodeIgniter\Filters\Filters->run('/save/pemotonga...', 'before')
#4 /opt/lampp/htdocs/konveksi/system/CodeIgniter.php(317): CodeIgniter\CodeIgniter->handleRequest(NULL, Object(Config\Cache), false)
#5 /opt/lampp/htdocs/konveksi/index.php(38): CodeIgniter\CodeIgniter->run()
#6 {main}
CRITICAL - 2022-04-18 13:12:00 --> The action you requested is not allowed.
#0 /opt/lampp/htdocs/konveksi/system/Security/Security.php(222): CodeIgniter\Security\Exceptions\SecurityException::forDisallowedAction()
#1 /opt/lampp/htdocs/konveksi/system/Filters/CSRF.php(53): CodeIgniter\Security\Security->verify(Object(CodeIgniter\HTTP\IncomingRequest))
#2 /opt/lampp/htdocs/konveksi/system/Filters/Filters.php(169): CodeIgniter\Filters\CSRF->before(Object(CodeIgniter\HTTP\IncomingRequest), NULL)
#3 /opt/lampp/htdocs/konveksi/system/CodeIgniter.php(374): CodeIgniter\Filters\Filters->run('/save/pemotonga...', 'before')
#4 /opt/lampp/htdocs/konveksi/system/CodeIgniter.php(317): CodeIgniter\CodeIgniter->handleRequest(NULL, Object(Config\Cache), false)
#5 /opt/lampp/htdocs/konveksi/index.php(38): CodeIgniter\CodeIgniter->run()
#6 {main}
CRITICAL - 2022-04-18 13:12:27 --> The action you requested is not allowed.
#0 /opt/lampp/htdocs/konveksi/system/Security/Security.php(222): CodeIgniter\Security\Exceptions\SecurityException::forDisallowedAction()
#1 /opt/lampp/htdocs/konveksi/system/Filters/CSRF.php(53): CodeIgniter\Security\Security->verify(Object(CodeIgniter\HTTP\IncomingRequest))
#2 /opt/lampp/htdocs/konveksi/system/Filters/Filters.php(169): CodeIgniter\Filters\CSRF->before(Object(CodeIgniter\HTTP\IncomingRequest), NULL)
#3 /opt/lampp/htdocs/konveksi/system/CodeIgniter.php(374): CodeIgniter\Filters\Filters->run('/save/pemotonga...', 'before')
#4 /opt/lampp/htdocs/konveksi/system/CodeIgniter.php(317): CodeIgniter\CodeIgniter->handleRequest(NULL, Object(Config\Cache), false)
#5 /opt/lampp/htdocs/konveksi/index.php(38): CodeIgniter\CodeIgniter->run()
#6 {main}
CRITICAL - 2022-04-18 13:29:07 --> syntax error, unexpected ';', expecting ')'
#0 /opt/lampp/htdocs/konveksi/system/Autoloader/Autoloader.php(241): CodeIgniter\Autoloader\Autoloader->includeFile('/opt/lampp/htdo...')
#1 /opt/lampp/htdocs/konveksi/system/Autoloader/Autoloader.php(219): CodeIgniter\Autoloader\Autoloader->loadInNamespace('App\\Controllers...')
#2 [internal function]: CodeIgniter\Autoloader\Autoloader->loadClass('App\\Controllers...')
#3 [internal function]: spl_autoload_call('App\\Controllers...')
#4 /opt/lampp/htdocs/konveksi/system/CodeIgniter.php(767): class_exists('\\App\\Controller...', true)
#5 /opt/lampp/htdocs/konveksi/system/CodeIgniter.php(386): CodeIgniter\CodeIgniter->startController()
#6 /opt/lampp/htdocs/konveksi/system/CodeIgniter.php(317): CodeIgniter\CodeIgniter->handleRequest(NULL, Object(Config\Cache), false)
#7 /opt/lampp/htdocs/konveksi/index.php(38): CodeIgniter\CodeIgniter->run()
#8 {main}
