ERROR - 2022-06-18 22:58:39 --> Error connecting to the database: Unknown database 'apk_konveksi'
CRITICAL - 2022-06-18 22:58:39 --> Unable to connect to the database.
Main connection [MySQLi]: Unknown database 'apk_konveksi'
#0 /opt/lampp/htdocs/transaksibarang/system/Database/BaseConnection.php(570): CodeIgniter\Database\BaseConnection->initialize()
#1 /opt/lampp/htdocs/transaksibarang/system/Database/BaseBuilder.php(1428): CodeIgniter\Database\BaseConnection->query('SELECT *\nFROM `...', Array, false)
#2 /opt/lampp/htdocs/transaksibarang/system/Model.php(210): CodeIgniter\Database\BaseBuilder->get()
#3 /opt/lampp/htdocs/transaksibarang/system/BaseModel.php(622): CodeIgniter\Model->doFirst()
#4 /opt/lampp/htdocs/transaksibarang/app/Controllers/Auth.php(38): CodeIgniter\BaseModel->first()
#5 /opt/lampp/htdocs/transaksibarang/app/Controllers/Auth.php(30): App\Controllers\Auth->_logged_in()
#6 /opt/lampp/htdocs/transaksibarang/system/CodeIgniter.php(802): App\Controllers\Auth->login()
#7 /opt/lampp/htdocs/transaksibarang/system/CodeIgniter.php(399): CodeIgniter\CodeIgniter->runController(Object(App\Controllers\Auth))
#8 /opt/lampp/htdocs/transaksibarang/system/CodeIgniter.php(317): CodeIgniter\CodeIgniter->handleRequest(NULL, Object(Config\Cache), false)
#9 /opt/lampp/htdocs/transaksibarang/index.php(38): CodeIgniter\CodeIgniter->run()
#10 {main}
CRITICAL - 2022-06-18 10:58:40 --> The action you requested is not allowed.
#0 /opt/lampp/htdocs/transaksibarang/system/Security/Security.php(222): CodeIgniter\Security\Exceptions\SecurityException::forDisallowedAction()
#1 /opt/lampp/htdocs/transaksibarang/system/Filters/CSRF.php(53): CodeIgniter\Security\Security->verify(Object(CodeIgniter\HTTP\IncomingRequest))
#2 /opt/lampp/htdocs/transaksibarang/system/Filters/Filters.php(169): CodeIgniter\Filters\CSRF->before(Object(CodeIgniter\HTTP\IncomingRequest), NULL)
#3 /opt/lampp/htdocs/transaksibarang/system/CodeIgniter.php(374): CodeIgniter\Filters\Filters->run('/login', 'before')
#4 /opt/lampp/htdocs/transaksibarang/system/CodeIgniter.php(317): CodeIgniter\CodeIgniter->handleRequest(NULL, Object(Config\Cache), false)
#5 /opt/lampp/htdocs/transaksibarang/index.php(38): CodeIgniter\CodeIgniter->run()
#6 {main}
CRITICAL - 2022-06-18 10:58:45 --> The action you requested is not allowed.
#0 /opt/lampp/htdocs/transaksibarang/system/Security/Security.php(222): CodeIgniter\Security\Exceptions\SecurityException::forDisallowedAction()
#1 /opt/lampp/htdocs/transaksibarang/system/Filters/CSRF.php(53): CodeIgniter\Security\Security->verify(Object(CodeIgniter\HTTP\IncomingRequest))
#2 /opt/lampp/htdocs/transaksibarang/system/Filters/Filters.php(169): CodeIgniter\Filters\CSRF->before(Object(CodeIgniter\HTTP\IncomingRequest), NULL)
#3 /opt/lampp/htdocs/transaksibarang/system/CodeIgniter.php(374): CodeIgniter\Filters\Filters->run('/login', 'before')
#4 /opt/lampp/htdocs/transaksibarang/system/CodeIgniter.php(317): CodeIgniter\CodeIgniter->handleRequest(NULL, Object(Config\Cache), false)
#5 /opt/lampp/htdocs/transaksibarang/index.php(38): CodeIgniter\CodeIgniter->run()
#6 {main}
CRITICAL - 2022-06-18 10:58:48 --> The action you requested is not allowed.
#0 /opt/lampp/htdocs/transaksibarang/system/Security/Security.php(222): CodeIgniter\Security\Exceptions\SecurityException::forDisallowedAction()
#1 /opt/lampp/htdocs/transaksibarang/system/Filters/CSRF.php(53): CodeIgniter\Security\Security->verify(Object(CodeIgniter\HTTP\IncomingRequest))
#2 /opt/lampp/htdocs/transaksibarang/system/Filters/Filters.php(169): CodeIgniter\Filters\CSRF->before(Object(CodeIgniter\HTTP\IncomingRequest), NULL)
#3 /opt/lampp/htdocs/transaksibarang/system/CodeIgniter.php(374): CodeIgniter\Filters\Filters->run('/login', 'before')
#4 /opt/lampp/htdocs/transaksibarang/system/CodeIgniter.php(317): CodeIgniter\CodeIgniter->handleRequest(NULL, Object(Config\Cache), false)
#5 /opt/lampp/htdocs/transaksibarang/index.php(38): CodeIgniter\CodeIgniter->run()
#6 {main}
CRITICAL - 2022-06-18 10:58:49 --> The action you requested is not allowed.
#0 /opt/lampp/htdocs/transaksibarang/system/Security/Security.php(222): CodeIgniter\Security\Exceptions\SecurityException::forDisallowedAction()
#1 /opt/lampp/htdocs/transaksibarang/system/Filters/CSRF.php(53): CodeIgniter\Security\Security->verify(Object(CodeIgniter\HTTP\IncomingRequest))
#2 /opt/lampp/htdocs/transaksibarang/system/Filters/Filters.php(169): CodeIgniter\Filters\CSRF->before(Object(CodeIgniter\HTTP\IncomingRequest), NULL)
#3 /opt/lampp/htdocs/transaksibarang/system/CodeIgniter.php(374): CodeIgniter\Filters\Filters->run('/login', 'before')
#4 /opt/lampp/htdocs/transaksibarang/system/CodeIgniter.php(317): CodeIgniter\CodeIgniter->handleRequest(NULL, Object(Config\Cache), false)
#5 /opt/lampp/htdocs/transaksibarang/index.php(38): CodeIgniter\CodeIgniter->run()
#6 {main}
ERROR - 2022-06-18 22:59:21 --> Error connecting to the database: Unknown database 'apk_konveksi'
CRITICAL - 2022-06-18 22:59:21 --> Unable to connect to the database.
Main connection [MySQLi]: Unknown database 'apk_konveksi'
#0 /opt/lampp/htdocs/transaksibarang/system/Database/BaseConnection.php(570): CodeIgniter\Database\BaseConnection->initialize()
#1 /opt/lampp/htdocs/transaksibarang/system/Database/BaseBuilder.php(1428): CodeIgniter\Database\BaseConnection->query('SELECT *\nFROM `...', Array, false)
#2 /opt/lampp/htdocs/transaksibarang/system/Model.php(210): CodeIgniter\Database\BaseBuilder->get()
#3 /opt/lampp/htdocs/transaksibarang/system/BaseModel.php(622): CodeIgniter\Model->doFirst()
#4 /opt/lampp/htdocs/transaksibarang/app/Controllers/Auth.php(38): CodeIgniter\BaseModel->first()
#5 /opt/lampp/htdocs/transaksibarang/app/Controllers/Auth.php(30): App\Controllers\Auth->_logged_in()
#6 /opt/lampp/htdocs/transaksibarang/system/CodeIgniter.php(802): App\Controllers\Auth->login()
#7 /opt/lampp/htdocs/transaksibarang/system/CodeIgniter.php(399): CodeIgniter\CodeIgniter->runController(Object(App\Controllers\Auth))
#8 /opt/lampp/htdocs/transaksibarang/system/CodeIgniter.php(317): CodeIgniter\CodeIgniter->handleRequest(NULL, Object(Config\Cache), false)
#9 /opt/lampp/htdocs/transaksibarang/index.php(38): CodeIgniter\CodeIgniter->run()
#10 {main}
ERROR - 2022-06-18 21:29:06 --> You have an error in your SQL syntax; check the manual that corresponds to your MariaDB server version for the right syntax to use near '*
FROM `barang`' at line 1
CRITICAL - 2022-06-18 21:29:06 --> You have an error in your SQL syntax; check the manual that corresponds to your MariaDB server version for the right syntax to use near '*
FROM `barang`' at line 1
#0 /opt/lampp/htdocs/transaksibarang/system/Database/MySQLi/Connection.php(280): mysqli->query('SELECT COUNT(*)...')
#1 /opt/lampp/htdocs/transaksibarang/system/Database/BaseConnection.php(663): CodeIgniter\Database\MySQLi\Connection->execute('SELECT COUNT(*)...')
#2 /opt/lampp/htdocs/transaksibarang/system/Database/BaseConnection.php(591): CodeIgniter\Database\BaseConnection->simpleQuery('SELECT COUNT(*)...')
#3 /opt/lampp/htdocs/transaksibarang/system/Database/BaseBuilder.php(1428): CodeIgniter\Database\BaseConnection->query('SELECT COUNT(*)...', Array, false)
#4 /opt/lampp/htdocs/transaksibarang/app/Controllers/Home.php(19): CodeIgniter\Database\BaseBuilder->get()
#5 /opt/lampp/htdocs/transaksibarang/system/CodeIgniter.php(802): App\Controllers\Home->index()
#6 /opt/lampp/htdocs/transaksibarang/system/CodeIgniter.php(399): CodeIgniter\CodeIgniter->runController(Object(App\Controllers\Home))
#7 /opt/lampp/htdocs/transaksibarang/system/CodeIgniter.php(317): CodeIgniter\CodeIgniter->handleRequest(NULL, Object(Config\Cache), false)
#8 /opt/lampp/htdocs/transaksibarang/index.php(38): CodeIgniter\CodeIgniter->run()
#9 {main}
ERROR - 2022-06-18 21:31:56 --> Table 'apk_mitrasinerji.transaksi' doesn't exist
CRITICAL - 2022-06-18 21:31:56 --> Table 'apk_mitrasinerji.transaksi' doesn't exist
#0 /opt/lampp/htdocs/transaksibarang/system/Database/MySQLi/Connection.php(280): mysqli->query('SELECT COUNT(*)...')
#1 /opt/lampp/htdocs/transaksibarang/system/Database/BaseConnection.php(663): CodeIgniter\Database\MySQLi\Connection->execute('SELECT COUNT(*)...')
#2 /opt/lampp/htdocs/transaksibarang/system/Database/BaseConnection.php(591): CodeIgniter\Database\BaseConnection->simpleQuery('SELECT COUNT(*)...')
#3 /opt/lampp/htdocs/transaksibarang/system/Database/BaseBuilder.php(1512): CodeIgniter\Database\BaseConnection->query('SELECT COUNT(*)...', Array, false)
#4 /opt/lampp/htdocs/transaksibarang/app/Controllers/Home.php(21): CodeIgniter\Database\BaseBuilder->countAllResults()
#5 /opt/lampp/htdocs/transaksibarang/system/CodeIgniter.php(802): App\Controllers\Home->index()
#6 /opt/lampp/htdocs/transaksibarang/system/CodeIgniter.php(399): CodeIgniter\CodeIgniter->runController(Object(App\Controllers\Home))
#7 /opt/lampp/htdocs/transaksibarang/system/CodeIgniter.php(317): CodeIgniter\CodeIgniter->handleRequest(NULL, Object(Config\Cache), false)
#8 /opt/lampp/htdocs/transaksibarang/index.php(38): CodeIgniter\CodeIgniter->run()
#9 {main}
CRITICAL - 2022-06-18 21:58:26 --> Too few arguments to function App\Models\TransaksiModel::findMonth(), 0 passed in /opt/lampp/htdocs/transaksibarang/app/Controllers/Home.php on line 34 and exactly 1 expected
#0 /opt/lampp/htdocs/transaksibarang/app/Controllers/Home.php(34): App\Models\TransaksiModel->findMonth()
#1 /opt/lampp/htdocs/transaksibarang/app/Controllers/Home.php(23): App\Controllers\Home->_count_transaksi()
#2 /opt/lampp/htdocs/transaksibarang/system/CodeIgniter.php(802): App\Controllers\Home->index()
#3 /opt/lampp/htdocs/transaksibarang/system/CodeIgniter.php(399): CodeIgniter\CodeIgniter->runController(Object(App\Controllers\Home))
#4 /opt/lampp/htdocs/transaksibarang/system/CodeIgniter.php(317): CodeIgniter\CodeIgniter->handleRequest(NULL, Object(Config\Cache), false)
#5 /opt/lampp/htdocs/transaksibarang/index.php(38): CodeIgniter\CodeIgniter->run()
#6 {main}
CRITICAL - 2022-06-18 21:59:55 --> syntax error, unexpected token "array"
#0 /opt/lampp/htdocs/transaksibarang/system/Autoloader/Autoloader.php(241): CodeIgniter\Autoloader\Autoloader->includeFile('/opt/lampp/htdo...')
#1 /opt/lampp/htdocs/transaksibarang/system/Autoloader/Autoloader.php(219): CodeIgniter\Autoloader\Autoloader->loadInNamespace('App\\Models\\Tran...')
#2 /opt/lampp/htdocs/transaksibarang/app/Controllers/Home.php(30): CodeIgniter\Autoloader\Autoloader->loadClass('App\\Models\\Tran...')
#3 /opt/lampp/htdocs/transaksibarang/app/Controllers/Home.php(23): App\Controllers\Home->_count_transaksi()
#4 /opt/lampp/htdocs/transaksibarang/system/CodeIgniter.php(802): App\Controllers\Home->index()
#5 /opt/lampp/htdocs/transaksibarang/system/CodeIgniter.php(399): CodeIgniter\CodeIgniter->runController(Object(App\Controllers\Home))
#6 /opt/lampp/htdocs/transaksibarang/system/CodeIgniter.php(317): CodeIgniter\CodeIgniter->handleRequest(NULL, Object(Config\Cache), false)
#7 /opt/lampp/htdocs/transaksibarang/index.php(38): CodeIgniter\CodeIgniter->run()
#8 {main}
