CRITICAL - 2024-04-03 08:56:55 -->  is not a valid rule.
#0 /opt/lampp/htdocs/arsipsurat/system/Validation/Validation.php(285): CodeIgniter\Validation\Exceptions\ValidationException::forRuleNotFound('')
#1 /opt/lampp/htdocs/arsipsurat/system/Validation/Validation.php(151): CodeIgniter\Validation\Validation->processRules('no_surat', 'No Surat', '00001/IV', Array, Array)
#2 /opt/lampp/htdocs/arsipsurat/app/Controllers/Surat.php(158): CodeIgniter\Validation\Validation->run()
#3 /opt/lampp/htdocs/arsipsurat/system/CodeIgniter.php(802): App\Controllers\Surat->save_surat()
#4 /opt/lampp/htdocs/arsipsurat/system/CodeIgniter.php(399): CodeIgniter\CodeIgniter->runController(Object(App\Controllers\Surat))
#5 /opt/lampp/htdocs/arsipsurat/system/CodeIgniter.php(317): CodeIgniter\CodeIgniter->handleRequest(NULL, Object(Config\Cache), false)
#6 /opt/lampp/htdocs/arsipsurat/index.php(38): CodeIgniter\CodeIgniter->run()
#7 {main}
CRITICAL - 2024-04-03 08:56:56 --> The action you requested is not allowed.
#0 /opt/lampp/htdocs/arsipsurat/system/Security/Security.php(222): CodeIgniter\Security\Exceptions\SecurityException::forDisallowedAction()
#1 /opt/lampp/htdocs/arsipsurat/system/Filters/CSRF.php(53): CodeIgniter\Security\Security->verify(Object(CodeIgniter\HTTP\IncomingRequest))
#2 /opt/lampp/htdocs/arsipsurat/system/Filters/Filters.php(169): CodeIgniter\Filters\CSRF->before(Object(CodeIgniter\HTTP\IncomingRequest), NULL)
#3 /opt/lampp/htdocs/arsipsurat/system/CodeIgniter.php(374): CodeIgniter\Filters\Filters->run('/save/letter', 'before')
#4 /opt/lampp/htdocs/arsipsurat/system/CodeIgniter.php(317): CodeIgniter\CodeIgniter->handleRequest(NULL, Object(Config\Cache), false)
#5 /opt/lampp/htdocs/arsipsurat/index.php(38): CodeIgniter\CodeIgniter->run()
#6 {main}
CRITICAL - 2024-04-03 08:57:00 --> The action you requested is not allowed.
#0 /opt/lampp/htdocs/arsipsurat/system/Security/Security.php(222): CodeIgniter\Security\Exceptions\SecurityException::forDisallowedAction()
#1 /opt/lampp/htdocs/arsipsurat/system/Filters/CSRF.php(53): CodeIgniter\Security\Security->verify(Object(CodeIgniter\HTTP\IncomingRequest))
#2 /opt/lampp/htdocs/arsipsurat/system/Filters/Filters.php(169): CodeIgniter\Filters\CSRF->before(Object(CodeIgniter\HTTP\IncomingRequest), NULL)
#3 /opt/lampp/htdocs/arsipsurat/system/CodeIgniter.php(374): CodeIgniter\Filters\Filters->run('/save/letter', 'before')
#4 /opt/lampp/htdocs/arsipsurat/system/CodeIgniter.php(317): CodeIgniter\CodeIgniter->handleRequest(NULL, Object(Config\Cache), false)
#5 /opt/lampp/htdocs/arsipsurat/index.php(38): CodeIgniter\CodeIgniter->run()
#6 {main}
CRITICAL - 2024-04-03 08:57:09 --> The action you requested is not allowed.
#0 /opt/lampp/htdocs/arsipsurat/system/Security/Security.php(222): CodeIgniter\Security\Exceptions\SecurityException::forDisallowedAction()
#1 /opt/lampp/htdocs/arsipsurat/system/Filters/CSRF.php(53): CodeIgniter\Security\Security->verify(Object(CodeIgniter\HTTP\IncomingRequest))
#2 /opt/lampp/htdocs/arsipsurat/system/Filters/Filters.php(169): CodeIgniter\Filters\CSRF->before(Object(CodeIgniter\HTTP\IncomingRequest), NULL)
#3 /opt/lampp/htdocs/arsipsurat/system/CodeIgniter.php(374): CodeIgniter\Filters\Filters->run('/save/letter', 'before')
#4 /opt/lampp/htdocs/arsipsurat/system/CodeIgniter.php(317): CodeIgniter\CodeIgniter->handleRequest(NULL, Object(Config\Cache), false)
#5 /opt/lampp/htdocs/arsipsurat/index.php(38): CodeIgniter\CodeIgniter->run()
#6 {main}
CRITICAL - 2024-04-03 08:57:51 --> The action you requested is not allowed.
#0 /opt/lampp/htdocs/arsipsurat/system/Security/Security.php(222): CodeIgniter\Security\Exceptions\SecurityException::forDisallowedAction()
#1 /opt/lampp/htdocs/arsipsurat/system/Filters/CSRF.php(53): CodeIgniter\Security\Security->verify(Object(CodeIgniter\HTTP\IncomingRequest))
#2 /opt/lampp/htdocs/arsipsurat/system/Filters/Filters.php(169): CodeIgniter\Filters\CSRF->before(Object(CodeIgniter\HTTP\IncomingRequest), NULL)
#3 /opt/lampp/htdocs/arsipsurat/system/CodeIgniter.php(374): CodeIgniter\Filters\Filters->run('/save/letter', 'before')
#4 /opt/lampp/htdocs/arsipsurat/system/CodeIgniter.php(317): CodeIgniter\CodeIgniter->handleRequest(NULL, Object(Config\Cache), false)
#5 /opt/lampp/htdocs/arsipsurat/index.php(38): CodeIgniter\CodeIgniter->run()
#6 {main}
CRITICAL - 2024-04-03 08:58:00 -->  is not a valid rule.
#0 /opt/lampp/htdocs/arsipsurat/system/Validation/Validation.php(285): CodeIgniter\Validation\Exceptions\ValidationException::forRuleNotFound('')
#1 /opt/lampp/htdocs/arsipsurat/system/Validation/Validation.php(151): CodeIgniter\Validation\Validation->processRules('no_surat', 'No Surat', '00001/IV', Array, Array)
#2 /opt/lampp/htdocs/arsipsurat/app/Controllers/Surat.php(158): CodeIgniter\Validation\Validation->run()
#3 /opt/lampp/htdocs/arsipsurat/system/CodeIgniter.php(802): App\Controllers\Surat->save_surat()
#4 /opt/lampp/htdocs/arsipsurat/system/CodeIgniter.php(399): CodeIgniter\CodeIgniter->runController(Object(App\Controllers\Surat))
#5 /opt/lampp/htdocs/arsipsurat/system/CodeIgniter.php(317): CodeIgniter\CodeIgniter->handleRequest(NULL, Object(Config\Cache), false)
#6 /opt/lampp/htdocs/arsipsurat/index.php(38): CodeIgniter\CodeIgniter->run()
#7 {main}
CRITICAL - 2024-04-03 08:58:01 --> The action you requested is not allowed.
#0 /opt/lampp/htdocs/arsipsurat/system/Security/Security.php(222): CodeIgniter\Security\Exceptions\SecurityException::forDisallowedAction()
#1 /opt/lampp/htdocs/arsipsurat/system/Filters/CSRF.php(53): CodeIgniter\Security\Security->verify(Object(CodeIgniter\HTTP\IncomingRequest))
#2 /opt/lampp/htdocs/arsipsurat/system/Filters/Filters.php(169): CodeIgniter\Filters\CSRF->before(Object(CodeIgniter\HTTP\IncomingRequest), NULL)
#3 /opt/lampp/htdocs/arsipsurat/system/CodeIgniter.php(374): CodeIgniter\Filters\Filters->run('/save/letter', 'before')
#4 /opt/lampp/htdocs/arsipsurat/system/CodeIgniter.php(317): CodeIgniter\CodeIgniter->handleRequest(NULL, Object(Config\Cache), false)
#5 /opt/lampp/htdocs/arsipsurat/index.php(38): CodeIgniter\CodeIgniter->run()
#6 {main}
CRITICAL - 2024-04-03 08:58:06 --> The action you requested is not allowed.
#0 /opt/lampp/htdocs/arsipsurat/system/Security/Security.php(222): CodeIgniter\Security\Exceptions\SecurityException::forDisallowedAction()
#1 /opt/lampp/htdocs/arsipsurat/system/Filters/CSRF.php(53): CodeIgniter\Security\Security->verify(Object(CodeIgniter\HTTP\IncomingRequest))
#2 /opt/lampp/htdocs/arsipsurat/system/Filters/Filters.php(169): CodeIgniter\Filters\CSRF->before(Object(CodeIgniter\HTTP\IncomingRequest), NULL)
#3 /opt/lampp/htdocs/arsipsurat/system/CodeIgniter.php(374): CodeIgniter\Filters\Filters->run('/save/letter', 'before')
#4 /opt/lampp/htdocs/arsipsurat/system/CodeIgniter.php(317): CodeIgniter\CodeIgniter->handleRequest(NULL, Object(Config\Cache), false)
#5 /opt/lampp/htdocs/arsipsurat/index.php(38): CodeIgniter\CodeIgniter->run()
#6 {main}
CRITICAL - 2024-04-03 08:58:41 -->  is not a valid rule.
#0 /opt/lampp/htdocs/arsipsurat/system/Validation/Validation.php(285): CodeIgniter\Validation\Exceptions\ValidationException::forRuleNotFound('')
#1 /opt/lampp/htdocs/arsipsurat/system/Validation/Validation.php(151): CodeIgniter\Validation\Validation->processRules('no_surat', 'No Surat', 'asas', Array, Array)
#2 /opt/lampp/htdocs/arsipsurat/app/Controllers/Surat.php(158): CodeIgniter\Validation\Validation->run()
#3 /opt/lampp/htdocs/arsipsurat/system/CodeIgniter.php(802): App\Controllers\Surat->save_surat()
#4 /opt/lampp/htdocs/arsipsurat/system/CodeIgniter.php(399): CodeIgniter\CodeIgniter->runController(Object(App\Controllers\Surat))
#5 /opt/lampp/htdocs/arsipsurat/system/CodeIgniter.php(317): CodeIgniter\CodeIgniter->handleRequest(NULL, Object(Config\Cache), false)
#6 /opt/lampp/htdocs/arsipsurat/index.php(38): CodeIgniter\CodeIgniter->run()
#7 {main}
CRITICAL - 2024-04-03 09:16:08 --> Undefined property: stdClass::$no_surat
#0 /opt/lampp/htdocs/arsipsurat/app/Controllers/Surat.php(269): CodeIgniter\Debug\Exceptions->errorHandler(2, 'Undefined prope...', '/opt/lampp/htdo...', 269)
#1 /opt/lampp/htdocs/arsipsurat/system/CodeIgniter.php(802): App\Controllers\Surat->list_rekap_surat('3eeb7dbdd83988e...')
#2 /opt/lampp/htdocs/arsipsurat/system/CodeIgniter.php(399): CodeIgniter\CodeIgniter->runController(Object(App\Controllers\Surat))
#3 /opt/lampp/htdocs/arsipsurat/system/CodeIgniter.php(317): CodeIgniter\CodeIgniter->handleRequest(NULL, Object(Config\Cache), false)
#4 /opt/lampp/htdocs/arsipsurat/index.php(38): CodeIgniter\CodeIgniter->run()
#5 {main}
