CRITICAL - 2022-04-01 08:34:18 --> Undefined property: stdClass::$aktivasi
#0 /opt/lampp/htdocs/konveksi/app/Controllers/Bahanbaku.php(32): CodeIgniter\Debug\Exceptions->errorHandler(8, 'Undefined prope...', '/opt/lampp/htdo...', 32, Array)
#1 /opt/lampp/htdocs/konveksi/system/CodeIgniter.php(802): App\Controllers\Bahanbaku->list_bahanbaku('62e6f580fbf5f6f...')
#2 /opt/lampp/htdocs/konveksi/system/CodeIgniter.php(399): CodeIgniter\CodeIgniter->runController(Object(App\Controllers\Bahanbaku))
#3 /opt/lampp/htdocs/konveksi/system/CodeIgniter.php(317): CodeIgniter\CodeIgniter->handleRequest(NULL, Object(Config\Cache), false)
#4 /opt/lampp/htdocs/konveksi/index.php(38): CodeIgniter\CodeIgniter->run()
#5 {main}
CRITICAL - 2022-04-01 08:34:45 --> Undefined property: stdClass::$username
#0 /opt/lampp/htdocs/konveksi/app/Controllers/Bahanbaku.php(52): CodeIgniter\Debug\Exceptions->errorHandler(8, 'Undefined prope...', '/opt/lampp/htdo...', 52, Array)
#1 /opt/lampp/htdocs/konveksi/system/CodeIgniter.php(802): App\Controllers\Bahanbaku->list_bahanbaku('1cd4b2197da9578...')
#2 /opt/lampp/htdocs/konveksi/system/CodeIgniter.php(399): CodeIgniter\CodeIgniter->runController(Object(App\Controllers\Bahanbaku))
#3 /opt/lampp/htdocs/konveksi/system/CodeIgniter.php(317): CodeIgniter\CodeIgniter->handleRequest(NULL, Object(Config\Cache), false)
#4 /opt/lampp/htdocs/konveksi/index.php(38): CodeIgniter\CodeIgniter->run()
#5 {main}
CRITICAL - 2022-04-01 08:36:24 --> Undefined property: stdClass::$nama_jenis_bahan
#0 /opt/lampp/htdocs/konveksi/app/Controllers/Bahanbaku.php(42): CodeIgniter\Debug\Exceptions->errorHandler(8, 'Undefined prope...', '/opt/lampp/htdo...', 42, Array)
#1 /opt/lampp/htdocs/konveksi/system/CodeIgniter.php(802): App\Controllers\Bahanbaku->list_bahanbaku('caed1f3a0788e54...')
#2 /opt/lampp/htdocs/konveksi/system/CodeIgniter.php(399): CodeIgniter\CodeIgniter->runController(Object(App\Controllers\Bahanbaku))
#3 /opt/lampp/htdocs/konveksi/system/CodeIgniter.php(317): CodeIgniter\CodeIgniter->handleRequest(NULL, Object(Config\Cache), false)
#4 /opt/lampp/htdocs/konveksi/index.php(38): CodeIgniter\CodeIgniter->run()
#5 {main}
CRITICAL - 2022-04-01 08:36:26 --> Undefined property: stdClass::$nama_jenis_bahan
#0 /opt/lampp/htdocs/konveksi/app/Controllers/Bahanbaku.php(42): CodeIgniter\Debug\Exceptions->errorHandler(8, 'Undefined prope...', '/opt/lampp/htdo...', 42, Array)
#1 /opt/lampp/htdocs/konveksi/system/CodeIgniter.php(802): App\Controllers\Bahanbaku->list_bahanbaku('be437d18e381d65...')
#2 /opt/lampp/htdocs/konveksi/system/CodeIgniter.php(399): CodeIgniter\CodeIgniter->runController(Object(App\Controllers\Bahanbaku))
#3 /opt/lampp/htdocs/konveksi/system/CodeIgniter.php(317): CodeIgniter\CodeIgniter->handleRequest(NULL, Object(Config\Cache), false)
#4 /opt/lampp/htdocs/konveksi/index.php(38): CodeIgniter\CodeIgniter->run()
#5 {main}
CRITICAL - 2022-04-01 08:36:29 --> Undefined property: stdClass::$nama_jenis_bahan
#0 /opt/lampp/htdocs/konveksi/app/Controllers/Bahanbaku.php(42): CodeIgniter\Debug\Exceptions->errorHandler(8, 'Undefined prope...', '/opt/lampp/htdo...', 42, Array)
#1 /opt/lampp/htdocs/konveksi/system/CodeIgniter.php(802): App\Controllers\Bahanbaku->list_bahanbaku('43f37153fd5177b...')
#2 /opt/lampp/htdocs/konveksi/system/CodeIgniter.php(399): CodeIgniter\CodeIgniter->runController(Object(App\Controllers\Bahanbaku))
#3 /opt/lampp/htdocs/konveksi/system/CodeIgniter.php(317): CodeIgniter\CodeIgniter->handleRequest(NULL, Object(Config\Cache), false)
#4 /opt/lampp/htdocs/konveksi/index.php(38): CodeIgniter\CodeIgniter->run()
#5 {main}
CRITICAL - 2022-04-01 08:36:31 --> Undefined property: stdClass::$nama_jenis_bahan
#0 /opt/lampp/htdocs/konveksi/app/Controllers/Bahanbaku.php(42): CodeIgniter\Debug\Exceptions->errorHandler(8, 'Undefined prope...', '/opt/lampp/htdo...', 42, Array)
#1 /opt/lampp/htdocs/konveksi/system/CodeIgniter.php(802): App\Controllers\Bahanbaku->list_bahanbaku('7984c83b9101d23...')
#2 /opt/lampp/htdocs/konveksi/system/CodeIgniter.php(399): CodeIgniter\CodeIgniter->runController(Object(App\Controllers\Bahanbaku))
#3 /opt/lampp/htdocs/konveksi/system/CodeIgniter.php(317): CodeIgniter\CodeIgniter->handleRequest(NULL, Object(Config\Cache), false)
#4 /opt/lampp/htdocs/konveksi/index.php(38): CodeIgniter\CodeIgniter->run()
#5 {main}
CRITICAL - 2022-04-01 08:54:52 --> Undefined variable: db
#0 /opt/lampp/htdocs/konveksi/app/Models/BahanBakuModel.php(78): CodeIgniter\Debug\Exceptions->errorHandler(8, 'Undefined varia...', '/opt/lampp/htdo...', 78, Array)
#1 /opt/lampp/htdocs/konveksi/app/Controllers/Bahanbaku.php(41): App\Models\BahanBakuModel->total_yard('1')
#2 /opt/lampp/htdocs/konveksi/system/CodeIgniter.php(802): App\Controllers\Bahanbaku->list_bahanbaku('3405a2315d07899...')
#3 /opt/lampp/htdocs/konveksi/system/CodeIgniter.php(399): CodeIgniter\CodeIgniter->runController(Object(App\Controllers\Bahanbaku))
#4 /opt/lampp/htdocs/konveksi/system/CodeIgniter.php(317): CodeIgniter\CodeIgniter->handleRequest(NULL, Object(Config\Cache), false)
#5 /opt/lampp/htdocs/konveksi/index.php(38): CodeIgniter\CodeIgniter->run()
#6 {main}
CRITICAL - 2022-04-01 08:56:29 --> Undefined variable: db
#0 /opt/lampp/htdocs/konveksi/app/Models/BahanBakuModel.php(78): CodeIgniter\Debug\Exceptions->errorHandler(8, 'Undefined varia...', '/opt/lampp/htdo...', 78, Array)
#1 /opt/lampp/htdocs/konveksi/app/Controllers/Bahanbaku.php(41): App\Models\BahanBakuModel->total_yard('1')
#2 /opt/lampp/htdocs/konveksi/system/CodeIgniter.php(802): App\Controllers\Bahanbaku->list_bahanbaku('a4dc4ee026d0b4a...')
#3 /opt/lampp/htdocs/konveksi/system/CodeIgniter.php(399): CodeIgniter\CodeIgniter->runController(Object(App\Controllers\Bahanbaku))
#4 /opt/lampp/htdocs/konveksi/system/CodeIgniter.php(317): CodeIgniter\CodeIgniter->handleRequest(NULL, Object(Config\Cache), false)
#5 /opt/lampp/htdocs/konveksi/index.php(38): CodeIgniter\CodeIgniter->run()
#6 {main}
CRITICAL - 2022-04-01 08:56:32 --> Undefined variable: db
#0 /opt/lampp/htdocs/konveksi/app/Models/BahanBakuModel.php(78): CodeIgniter\Debug\Exceptions->errorHandler(8, 'Undefined varia...', '/opt/lampp/htdo...', 78, Array)
#1 /opt/lampp/htdocs/konveksi/app/Controllers/Bahanbaku.php(41): App\Models\BahanBakuModel->total_yard('1')
#2 /opt/lampp/htdocs/konveksi/system/CodeIgniter.php(802): App\Controllers\Bahanbaku->list_bahanbaku('bdb0c2172d0b8a9...')
#3 /opt/lampp/htdocs/konveksi/system/CodeIgniter.php(399): CodeIgniter\CodeIgniter->runController(Object(App\Controllers\Bahanbaku))
#4 /opt/lampp/htdocs/konveksi/system/CodeIgniter.php(317): CodeIgniter\CodeIgniter->handleRequest(NULL, Object(Config\Cache), false)
#5 /opt/lampp/htdocs/konveksi/index.php(38): CodeIgniter\CodeIgniter->run()
#6 {main}
CRITICAL - 2022-04-01 08:56:55 --> Undefined variable: db
#0 /opt/lampp/htdocs/konveksi/app/Models/BahanBakuModel.php(78): CodeIgniter\Debug\Exceptions->errorHandler(8, 'Undefined varia...', '/opt/lampp/htdo...', 78, Array)
#1 /opt/lampp/htdocs/konveksi/app/Controllers/Bahanbaku.php(41): App\Models\BahanBakuModel->total_yard('1')
#2 /opt/lampp/htdocs/konveksi/system/CodeIgniter.php(802): App\Controllers\Bahanbaku->list_bahanbaku('1d873b06a3372f1...')
#3 /opt/lampp/htdocs/konveksi/system/CodeIgniter.php(399): CodeIgniter\CodeIgniter->runController(Object(App\Controllers\Bahanbaku))
#4 /opt/lampp/htdocs/konveksi/system/CodeIgniter.php(317): CodeIgniter\CodeIgniter->handleRequest(NULL, Object(Config\Cache), false)
#5 /opt/lampp/htdocs/konveksi/index.php(38): CodeIgniter\CodeIgniter->run()
#6 {main}
CRITICAL - 2022-04-01 08:57:02 --> Undefined variable: db
#0 /opt/lampp/htdocs/konveksi/app/Models/BahanBakuModel.php(78): CodeIgniter\Debug\Exceptions->errorHandler(8, 'Undefined varia...', '/opt/lampp/htdo...', 78, Array)
#1 /opt/lampp/htdocs/konveksi/app/Controllers/Bahanbaku.php(41): App\Models\BahanBakuModel->total_yard('1')
#2 /opt/lampp/htdocs/konveksi/system/CodeIgniter.php(802): App\Controllers\Bahanbaku->list_bahanbaku('f7a2769b1669484...')
#3 /opt/lampp/htdocs/konveksi/system/CodeIgniter.php(399): CodeIgniter\CodeIgniter->runController(Object(App\Controllers\Bahanbaku))
#4 /opt/lampp/htdocs/konveksi/system/CodeIgniter.php(317): CodeIgniter\CodeIgniter->handleRequest(NULL, Object(Config\Cache), false)
#5 /opt/lampp/htdocs/konveksi/index.php(38): CodeIgniter\CodeIgniter->run()
#6 {main}
CRITICAL - 2022-04-01 09:02:37 --> Undefined index: siswa
#0 /opt/lampp/htdocs/konveksi/app/Controllers/Bahanbaku.php(54): CodeIgniter\Debug\Exceptions->errorHandler(8, 'Undefined index...', '/opt/lampp/htdo...', 54, Array)
#1 /opt/lampp/htdocs/konveksi/system/CodeIgniter.php(802): App\Controllers\Bahanbaku->list_bahanbaku('247d5faf56834a9...')
#2 /opt/lampp/htdocs/konveksi/system/CodeIgniter.php(399): CodeIgniter\CodeIgniter->runController(Object(App\Controllers\Bahanbaku))
#3 /opt/lampp/htdocs/konveksi/system/CodeIgniter.php(317): CodeIgniter\CodeIgniter->handleRequest(NULL, Object(Config\Cache), false)
#4 /opt/lampp/htdocs/konveksi/index.php(38): CodeIgniter\CodeIgniter->run()
#5 {main}
CRITICAL - 2022-04-01 09:02:53 --> Undefined index: siswa
#0 /opt/lampp/htdocs/konveksi/app/Controllers/Bahanbaku.php(54): CodeIgniter\Debug\Exceptions->errorHandler(8, 'Undefined index...', '/opt/lampp/htdo...', 54, Array)
#1 /opt/lampp/htdocs/konveksi/system/CodeIgniter.php(802): App\Controllers\Bahanbaku->list_bahanbaku('ab7dd2a4004c25b...')
#2 /opt/lampp/htdocs/konveksi/system/CodeIgniter.php(399): CodeIgniter\CodeIgniter->runController(Object(App\Controllers\Bahanbaku))
#3 /opt/lampp/htdocs/konveksi/system/CodeIgniter.php(317): CodeIgniter\CodeIgniter->handleRequest(NULL, Object(Config\Cache), false)
#4 /opt/lampp/htdocs/konveksi/index.php(38): CodeIgniter\CodeIgniter->run()
#5 {main}
CRITICAL - 2022-04-01 09:17:37 --> syntax error, unexpected ')', expecting '('
#0 /opt/lampp/htdocs/konveksi/system/Autoloader/Autoloader.php(241): CodeIgniter\Autoloader\Autoloader->includeFile('/opt/lampp/htdo...')
#1 /opt/lampp/htdocs/konveksi/system/Autoloader/Autoloader.php(219): CodeIgniter\Autoloader\Autoloader->loadInNamespace('App\\Controllers...')
#2 [internal function]: CodeIgniter\Autoloader\Autoloader->loadClass('App\\Controllers...')
#3 [internal function]: spl_autoload_call('App\\Controllers...')
#4 /opt/lampp/htdocs/konveksi/system/CodeIgniter.php(767): class_exists('\\App\\Controller...', true)
#5 /opt/lampp/htdocs/konveksi/system/CodeIgniter.php(386): CodeIgniter\CodeIgniter->startController()
#6 /opt/lampp/htdocs/konveksi/system/CodeIgniter.php(317): CodeIgniter\CodeIgniter->handleRequest(NULL, Object(Config\Cache), false)
#7 /opt/lampp/htdocs/konveksi/index.php(38): CodeIgniter\CodeIgniter->run()
#8 {main}
CRITICAL - 2022-04-01 09:40:38 --> Undefined variable: title
#0 /opt/lampp/htdocs/konveksi/app/Views/section/add_edit_bahanbaku.php(10): CodeIgniter\Debug\Exceptions->errorHandler(8, 'Undefined varia...', '/opt/lampp/htdo...', 10, Array)
#1 /opt/lampp/htdocs/konveksi/system/View/View.php(214): include('/opt/lampp/htdo...')
#2 /opt/lampp/htdocs/konveksi/system/View/View.php(217): CodeIgniter\View\View->CodeIgniter\View\{closure}()
#3 /opt/lampp/htdocs/konveksi/system/Common.php(1092): CodeIgniter\View\View->render('section/add_edi...', Array, true)
#4 /opt/lampp/htdocs/konveksi/app/Controllers/Bahanbaku.php(78): view('section/add_edi...', Array)
#5 /opt/lampp/htdocs/konveksi/system/CodeIgniter.php(802): App\Controllers\Bahanbaku->add_bahanbaku()
#6 /opt/lampp/htdocs/konveksi/system/CodeIgniter.php(399): CodeIgniter\CodeIgniter->runController(Object(App\Controllers\Bahanbaku))
#7 /opt/lampp/htdocs/konveksi/system/CodeIgniter.php(317): CodeIgniter\CodeIgniter->handleRequest(NULL, Object(Config\Cache), false)
#8 /opt/lampp/htdocs/konveksi/index.php(38): CodeIgniter\CodeIgniter->run()
#9 {main}
CRITICAL - 2022-04-01 09:47:08 --> Undefined variable: totalTime
#0 /opt/lampp/htdocs/konveksi/system/Debug/Toolbar/Views/toolbar.tpl.php(40): CodeIgniter\Debug\Exceptions->errorHandler(8, 'Undefined varia...', '/opt/lampp/htdo...', 40, Array)
#1 /opt/lampp/htdocs/konveksi/system/Debug/Toolbar.php(413): include('/opt/lampp/htdo...')
#2 /opt/lampp/htdocs/konveksi/system/Debug/Toolbar.php(375): CodeIgniter\Debug\Toolbar->format(Array, 'html')
#3 /opt/lampp/htdocs/konveksi/app/Config/Events.php(48): CodeIgniter\Debug\Toolbar->respond()
#4 /opt/lampp/htdocs/konveksi/system/Events/Events.php(149): CodeIgniter\Events\Events::Config\{closure}()
#5 /opt/lampp/htdocs/konveksi/system/CodeIgniter.php(299): CodeIgniter\Events\Events::trigger('pre_system')
#6 /opt/lampp/htdocs/konveksi/index.php(38): CodeIgniter\CodeIgniter->run()
#7 {main}
CRITICAL - 2022-04-01 09:47:09 --> Undefined variable: totalTime
#0 /opt/lampp/htdocs/konveksi/system/Debug/Toolbar/Views/toolbar.tpl.php(40): CodeIgniter\Debug\Exceptions->errorHandler(8, 'Undefined varia...', '/opt/lampp/htdo...', 40, Array)
#1 /opt/lampp/htdocs/konveksi/system/Debug/Toolbar.php(413): include('/opt/lampp/htdo...')
#2 /opt/lampp/htdocs/konveksi/system/Debug/Toolbar.php(375): CodeIgniter\Debug\Toolbar->format(Array, 'html')
#3 /opt/lampp/htdocs/konveksi/app/Config/Events.php(48): CodeIgniter\Debug\Toolbar->respond()
#4 /opt/lampp/htdocs/konveksi/system/Events/Events.php(149): CodeIgniter\Events\Events::Config\{closure}()
#5 /opt/lampp/htdocs/konveksi/system/CodeIgniter.php(299): CodeIgniter\Events\Events::trigger('pre_system')
#6 /opt/lampp/htdocs/konveksi/index.php(38): CodeIgniter\CodeIgniter->run()
#7 {main}
CRITICAL - 2022-04-01 10:59:18 --> Array to string conversion
#0 /opt/lampp/htdocs/konveksi/app/Views/section/add_edit_bahanbaku.php(111): CodeIgniter\Debug\Exceptions->errorHandler(8, 'Array to string...', '/opt/lampp/htdo...', 111, Array)
#1 /opt/lampp/htdocs/konveksi/system/View/View.php(214): include('/opt/lampp/htdo...')
#2 /opt/lampp/htdocs/konveksi/system/View/View.php(217): CodeIgniter\View\View->CodeIgniter\View\{closure}()
#3 /opt/lampp/htdocs/konveksi/system/Common.php(1092): CodeIgniter\View\View->render('section/add_edi...', Array, true)
#4 /opt/lampp/htdocs/konveksi/app/Controllers/Bahanbaku.php(78): view('section/add_edi...', Array)
#5 /opt/lampp/htdocs/konveksi/system/CodeIgniter.php(802): App\Controllers\Bahanbaku->add_bahanbaku()
#6 /opt/lampp/htdocs/konveksi/system/CodeIgniter.php(399): CodeIgniter\CodeIgniter->runController(Object(App\Controllers\Bahanbaku))
#7 /opt/lampp/htdocs/konveksi/system/CodeIgniter.php(317): CodeIgniter\CodeIgniter->handleRequest(NULL, Object(Config\Cache), false)
#8 /opt/lampp/htdocs/konveksi/index.php(38): CodeIgniter\CodeIgniter->run()
#9 {main}
CRITICAL - 2022-04-01 10:59:47 --> Array to string conversion
#0 /opt/lampp/htdocs/konveksi/app/Views/section/add_edit_bahanbaku.php(111): CodeIgniter\Debug\Exceptions->errorHandler(8, 'Array to string...', '/opt/lampp/htdo...', 111, Array)
#1 /opt/lampp/htdocs/konveksi/system/View/View.php(214): include('/opt/lampp/htdo...')
#2 /opt/lampp/htdocs/konveksi/system/View/View.php(217): CodeIgniter\View\View->CodeIgniter\View\{closure}()
#3 /opt/lampp/htdocs/konveksi/system/Common.php(1092): CodeIgniter\View\View->render('section/add_edi...', Array, true)
#4 /opt/lampp/htdocs/konveksi/app/Controllers/Bahanbaku.php(78): view('section/add_edi...', Array)
#5 /opt/lampp/htdocs/konveksi/system/CodeIgniter.php(802): App\Controllers\Bahanbaku->add_bahanbaku()
#6 /opt/lampp/htdocs/konveksi/system/CodeIgniter.php(399): CodeIgniter\CodeIgniter->runController(Object(App\Controllers\Bahanbaku))
#7 /opt/lampp/htdocs/konveksi/system/CodeIgniter.php(317): CodeIgniter\CodeIgniter->handleRequest(NULL, Object(Config\Cache), false)
#8 /opt/lampp/htdocs/konveksi/index.php(38): CodeIgniter\CodeIgniter->run()
#9 {main}
