CRITICAL - 2022-04-17 08:59:37 --> Undefined offset: 0
#0 /opt/lampp/htdocs/konveksi/app/Controllers/Rencanakerja.php(134): CodeIgniter\Debug\Exceptions->errorHandler(8, 'Undefined offse...', '/opt/lampp/htdo...', 134, Array)
#1 /opt/lampp/htdocs/konveksi/system/CodeIgniter.php(802): App\Controllers\Rencanakerja->edit_rencanakerja('Ng==')
#2 /opt/lampp/htdocs/konveksi/system/CodeIgniter.php(399): CodeIgniter\CodeIgniter->runController(Object(App\Controllers\Rencanakerja))
#3 /opt/lampp/htdocs/konveksi/system/CodeIgniter.php(317): CodeIgniter\CodeIgniter->handleRequest(NULL, Object(Config\Cache), false)
#4 /opt/lampp/htdocs/konveksi/index.php(38): CodeIgniter\CodeIgniter->run()
#5 {main}
CRITICAL - 2022-04-17 09:02:43 --> Undefined offset: 3
#0 /opt/lampp/htdocs/konveksi/app/Views/section/add_edit_rencanakerja.php(35): CodeIgniter\Debug\Exceptions->errorHandler(8, 'Undefined offse...', '/opt/lampp/htdo...', 35, Array)
#1 /opt/lampp/htdocs/konveksi/system/View/View.php(214): include('/opt/lampp/htdo...')
#2 /opt/lampp/htdocs/konveksi/system/View/View.php(217): CodeIgniter\View\View->CodeIgniter\View\{closure}()
#3 /opt/lampp/htdocs/konveksi/system/Common.php(1092): CodeIgniter\View\View->render('section/add_edi...', Array, true)
#4 /opt/lampp/htdocs/konveksi/app/Controllers/Rencanakerja.php(134): view('section/add_edi...', Array)
#5 /opt/lampp/htdocs/konveksi/system/CodeIgniter.php(802): App\Controllers\Rencanakerja->edit_rencanakerja('Ng==')
#6 /opt/lampp/htdocs/konveksi/system/CodeIgniter.php(399): CodeIgniter\CodeIgniter->runController(Object(App\Controllers\Rencanakerja))
#7 /opt/lampp/htdocs/konveksi/system/CodeIgniter.php(317): CodeIgniter\CodeIgniter->handleRequest(NULL, Object(Config\Cache), false)
#8 /opt/lampp/htdocs/konveksi/index.php(38): CodeIgniter\CodeIgniter->run()
#9 {main}
CRITICAL - 2022-04-17 09:57:45 --> The action you requested is not allowed.
#0 /opt/lampp/htdocs/konveksi/system/Security/Security.php(222): CodeIgniter\Security\Exceptions\SecurityException::forDisallowedAction()
#1 /opt/lampp/htdocs/konveksi/system/Filters/CSRF.php(53): CodeIgniter\Security\Security->verify(Object(CodeIgniter\HTTP\IncomingRequest))
#2 /opt/lampp/htdocs/konveksi/system/Filters/Filters.php(169): CodeIgniter\Filters\CSRF->before(Object(CodeIgniter\HTTP\IncomingRequest), NULL)
#3 /opt/lampp/htdocs/konveksi/system/CodeIgniter.php(374): CodeIgniter\Filters\Filters->run('/find/yard', 'before')
#4 /opt/lampp/htdocs/konveksi/system/CodeIgniter.php(317): CodeIgniter\CodeIgniter->handleRequest(NULL, Object(Config\Cache), false)
#5 /opt/lampp/htdocs/konveksi/index.php(38): CodeIgniter\CodeIgniter->run()
#6 {main}
CRITICAL - 2022-04-17 09:58:14 --> The action you requested is not allowed.
#0 /opt/lampp/htdocs/konveksi/system/Security/Security.php(222): CodeIgniter\Security\Exceptions\SecurityException::forDisallowedAction()
#1 /opt/lampp/htdocs/konveksi/system/Filters/CSRF.php(53): CodeIgniter\Security\Security->verify(Object(CodeIgniter\HTTP\IncomingRequest))
#2 /opt/lampp/htdocs/konveksi/system/Filters/Filters.php(169): CodeIgniter\Filters\CSRF->before(Object(CodeIgniter\HTTP\IncomingRequest), NULL)
#3 /opt/lampp/htdocs/konveksi/system/CodeIgniter.php(374): CodeIgniter\Filters\Filters->run('/find/yard', 'before')
#4 /opt/lampp/htdocs/konveksi/system/CodeIgniter.php(317): CodeIgniter\CodeIgniter->handleRequest(NULL, Object(Config\Cache), false)
#5 /opt/lampp/htdocs/konveksi/index.php(38): CodeIgniter\CodeIgniter->run()
#6 {main}
CRITICAL - 2022-04-17 11:12:36 --> syntax error, unexpected ';'
#0 /opt/lampp/htdocs/konveksi/system/Autoloader/Autoloader.php(241): CodeIgniter\Autoloader\Autoloader->includeFile('/opt/lampp/htdo...')
#1 /opt/lampp/htdocs/konveksi/system/Autoloader/Autoloader.php(219): CodeIgniter\Autoloader\Autoloader->loadInNamespace('App\\Controllers...')
#2 [internal function]: CodeIgniter\Autoloader\Autoloader->loadClass('App\\Controllers...')
#3 [internal function]: spl_autoload_call('App\\Controllers...')
#4 /opt/lampp/htdocs/konveksi/system/CodeIgniter.php(767): class_exists('\\App\\Controller...', true)
#5 /opt/lampp/htdocs/konveksi/system/CodeIgniter.php(386): CodeIgniter\CodeIgniter->startController()
#6 /opt/lampp/htdocs/konveksi/system/CodeIgniter.php(317): CodeIgniter\CodeIgniter->handleRequest(NULL, Object(Config\Cache), false)
#7 /opt/lampp/htdocs/konveksi/index.php(38): CodeIgniter\CodeIgniter->run()
#8 {main}
CRITICAL - 2022-04-17 11:14:18 --> Undefined variable: id_yard
#0 /opt/lampp/htdocs/konveksi/app/Controllers/Rencanakerja.php(150): CodeIgniter\Debug\Exceptions->errorHandler(8, 'Undefined varia...', '/opt/lampp/htdo...', 150, Array)
#1 /opt/lampp/htdocs/konveksi/system/CodeIgniter.php(802): App\Controllers\Rencanakerja->edit_rencanakerja('Ng==')
#2 /opt/lampp/htdocs/konveksi/system/CodeIgniter.php(399): CodeIgniter\CodeIgniter->runController(Object(App\Controllers\Rencanakerja))
#3 /opt/lampp/htdocs/konveksi/system/CodeIgniter.php(317): CodeIgniter\CodeIgniter->handleRequest(NULL, Object(Config\Cache), false)
#4 /opt/lampp/htdocs/konveksi/index.php(38): CodeIgniter\CodeIgniter->run()
#5 {main}
CRITICAL - 2022-04-17 11:20:39 --> Undefined offset: 0
#0 /opt/lampp/htdocs/konveksi/app/Views/section/add_edit_rencanakerja.php(47): CodeIgniter\Debug\Exceptions->errorHandler(8, 'Undefined offse...', '/opt/lampp/htdo...', 47, Array)
#1 /opt/lampp/htdocs/konveksi/system/View/View.php(214): include('/opt/lampp/htdo...')
#2 /opt/lampp/htdocs/konveksi/system/View/View.php(217): CodeIgniter\View\View->CodeIgniter\View\{closure}()
#3 /opt/lampp/htdocs/konveksi/system/Common.php(1092): CodeIgniter\View\View->render('section/add_edi...', Array, true)
#4 /opt/lampp/htdocs/konveksi/app/Controllers/Rencanakerja.php(152): view('section/add_edi...', Array)
#5 /opt/lampp/htdocs/konveksi/system/CodeIgniter.php(802): App\Controllers\Rencanakerja->edit_rencanakerja('Ng==')
#6 /opt/lampp/htdocs/konveksi/system/CodeIgniter.php(399): CodeIgniter\CodeIgniter->runController(Object(App\Controllers\Rencanakerja))
#7 /opt/lampp/htdocs/konveksi/system/CodeIgniter.php(317): CodeIgniter\CodeIgniter->handleRequest(NULL, Object(Config\Cache), false)
#8 /opt/lampp/htdocs/konveksi/index.php(38): CodeIgniter\CodeIgniter->run()
#9 {main}
CRITICAL - 2022-04-17 11:20:59 --> Undefined offset: 0
#0 /opt/lampp/htdocs/konveksi/app/Views/section/add_edit_rencanakerja.php(47): CodeIgniter\Debug\Exceptions->errorHandler(8, 'Undefined offse...', '/opt/lampp/htdo...', 47, Array)
#1 /opt/lampp/htdocs/konveksi/system/View/View.php(214): include('/opt/lampp/htdo...')
#2 /opt/lampp/htdocs/konveksi/system/View/View.php(217): CodeIgniter\View\View->CodeIgniter\View\{closure}()
#3 /opt/lampp/htdocs/konveksi/system/Common.php(1092): CodeIgniter\View\View->render('section/add_edi...', Array, true)
#4 /opt/lampp/htdocs/konveksi/app/Controllers/Rencanakerja.php(152): view('section/add_edi...', Array)
#5 /opt/lampp/htdocs/konveksi/system/CodeIgniter.php(802): App\Controllers\Rencanakerja->edit_rencanakerja('Ng==')
#6 /opt/lampp/htdocs/konveksi/system/CodeIgniter.php(399): CodeIgniter\CodeIgniter->runController(Object(App\Controllers\Rencanakerja))
#7 /opt/lampp/htdocs/konveksi/system/CodeIgniter.php(317): CodeIgniter\CodeIgniter->handleRequest(NULL, Object(Config\Cache), false)
#8 /opt/lampp/htdocs/konveksi/index.php(38): CodeIgniter\CodeIgniter->run()
#9 {main}
CRITICAL - 2022-04-17 11:21:10 --> Undefined offset: 0
#0 /opt/lampp/htdocs/konveksi/app/Views/section/add_edit_rencanakerja.php(47): CodeIgniter\Debug\Exceptions->errorHandler(8, 'Undefined offse...', '/opt/lampp/htdo...', 47, Array)
#1 /opt/lampp/htdocs/konveksi/system/View/View.php(214): include('/opt/lampp/htdo...')
#2 /opt/lampp/htdocs/konveksi/system/View/View.php(217): CodeIgniter\View\View->CodeIgniter\View\{closure}()
#3 /opt/lampp/htdocs/konveksi/system/Common.php(1092): CodeIgniter\View\View->render('section/add_edi...', Array, true)
#4 /opt/lampp/htdocs/konveksi/app/Controllers/Rencanakerja.php(152): view('section/add_edi...', Array)
#5 /opt/lampp/htdocs/konveksi/system/CodeIgniter.php(802): App\Controllers\Rencanakerja->edit_rencanakerja('Ng==')
#6 /opt/lampp/htdocs/konveksi/system/CodeIgniter.php(399): CodeIgniter\CodeIgniter->runController(Object(App\Controllers\Rencanakerja))
#7 /opt/lampp/htdocs/konveksi/system/CodeIgniter.php(317): CodeIgniter\CodeIgniter->handleRequest(NULL, Object(Config\Cache), false)
#8 /opt/lampp/htdocs/konveksi/index.php(38): CodeIgniter\CodeIgniter->run()
#9 {main}
CRITICAL - 2022-04-17 11:21:11 --> Undefined offset: 0
#0 /opt/lampp/htdocs/konveksi/app/Views/section/add_edit_rencanakerja.php(47): CodeIgniter\Debug\Exceptions->errorHandler(8, 'Undefined offse...', '/opt/lampp/htdo...', 47, Array)
#1 /opt/lampp/htdocs/konveksi/system/View/View.php(214): include('/opt/lampp/htdo...')
#2 /opt/lampp/htdocs/konveksi/system/View/View.php(217): CodeIgniter\View\View->CodeIgniter\View\{closure}()
#3 /opt/lampp/htdocs/konveksi/system/Common.php(1092): CodeIgniter\View\View->render('section/add_edi...', Array, true)
#4 /opt/lampp/htdocs/konveksi/app/Controllers/Rencanakerja.php(152): view('section/add_edi...', Array)
#5 /opt/lampp/htdocs/konveksi/system/CodeIgniter.php(802): App\Controllers\Rencanakerja->edit_rencanakerja('Ng==')
#6 /opt/lampp/htdocs/konveksi/system/CodeIgniter.php(399): CodeIgniter\CodeIgniter->runController(Object(App\Controllers\Rencanakerja))
#7 /opt/lampp/htdocs/konveksi/system/CodeIgniter.php(317): CodeIgniter\CodeIgniter->handleRequest(NULL, Object(Config\Cache), false)
#8 /opt/lampp/htdocs/konveksi/index.php(38): CodeIgniter\CodeIgniter->run()
#9 {main}
CRITICAL - 2022-04-17 11:23:31 --> Undefined offset: 0
#0 /opt/lampp/htdocs/konveksi/app/Views/section/add_edit_rencanakerja.php(47): CodeIgniter\Debug\Exceptions->errorHandler(8, 'Undefined offse...', '/opt/lampp/htdo...', 47, Array)
#1 /opt/lampp/htdocs/konveksi/system/View/View.php(214): include('/opt/lampp/htdo...')
#2 /opt/lampp/htdocs/konveksi/system/View/View.php(217): CodeIgniter\View\View->CodeIgniter\View\{closure}()
#3 /opt/lampp/htdocs/konveksi/system/Common.php(1092): CodeIgniter\View\View->render('section/add_edi...', Array, true)
#4 /opt/lampp/htdocs/konveksi/app/Controllers/Rencanakerja.php(154): view('section/add_edi...', Array)
#5 /opt/lampp/htdocs/konveksi/system/CodeIgniter.php(802): App\Controllers\Rencanakerja->edit_rencanakerja('Ng==')
#6 /opt/lampp/htdocs/konveksi/system/CodeIgniter.php(399): CodeIgniter\CodeIgniter->runController(Object(App\Controllers\Rencanakerja))
#7 /opt/lampp/htdocs/konveksi/system/CodeIgniter.php(317): CodeIgniter\CodeIgniter->handleRequest(NULL, Object(Config\Cache), false)
#8 /opt/lampp/htdocs/konveksi/index.php(38): CodeIgniter\CodeIgniter->run()
#9 {main}
CRITICAL - 2022-04-17 11:30:48 --> Undefined offset: 34
#0 /opt/lampp/htdocs/konveksi/app/Controllers/Rencanakerja.php(152): CodeIgniter\Debug\Exceptions->errorHandler(8, 'Undefined offse...', '/opt/lampp/htdo...', 152, Array)
#1 /opt/lampp/htdocs/konveksi/system/CodeIgniter.php(802): App\Controllers\Rencanakerja->edit_rencanakerja('Ng==')
#2 /opt/lampp/htdocs/konveksi/system/CodeIgniter.php(399): CodeIgniter\CodeIgniter->runController(Object(App\Controllers\Rencanakerja))
#3 /opt/lampp/htdocs/konveksi/system/CodeIgniter.php(317): CodeIgniter\CodeIgniter->handleRequest(NULL, Object(Config\Cache), false)
#4 /opt/lampp/htdocs/konveksi/index.php(38): CodeIgniter\CodeIgniter->run()
#5 {main}
