CRITICAL - 2022-03-21 01:44:52 --> The action you requested is not allowed.
#0 /opt/lampp/htdocs/ci4-adminlte3/system/Security/Security.php(222): CodeIgniter\Security\Exceptions\SecurityException::forDisallowedAction()
#1 /opt/lampp/htdocs/ci4-adminlte3/system/Filters/CSRF.php(53): CodeIgniter\Security\Security->verify(Object(CodeIgniter\HTTP\IncomingRequest))
#2 /opt/lampp/htdocs/ci4-adminlte3/system/Filters/Filters.php(169): CodeIgniter\Filters\CSRF->before(Object(CodeIgniter\HTTP\IncomingRequest), NULL)
#3 /opt/lampp/htdocs/ci4-adminlte3/system/CodeIgniter.php(374): CodeIgniter\Filters\Filters->run('/change/aktivas...', 'before')
#4 /opt/lampp/htdocs/ci4-adminlte3/system/CodeIgniter.php(317): CodeIgniter\CodeIgniter->handleRequest(NULL, Object(Config\Cache), false)
#5 /opt/lampp/htdocs/ci4-adminlte3/index.php(38): CodeIgniter\CodeIgniter->run()
#6 {main}
CRITICAL - 2022-03-21 01:45:00 --> The action you requested is not allowed.
#0 /opt/lampp/htdocs/ci4-adminlte3/system/Security/Security.php(222): CodeIgniter\Security\Exceptions\SecurityException::forDisallowedAction()
#1 /opt/lampp/htdocs/ci4-adminlte3/system/Filters/CSRF.php(53): CodeIgniter\Security\Security->verify(Object(CodeIgniter\HTTP\IncomingRequest))
#2 /opt/lampp/htdocs/ci4-adminlte3/system/Filters/Filters.php(169): CodeIgniter\Filters\CSRF->before(Object(CodeIgniter\HTTP\IncomingRequest), NULL)
#3 /opt/lampp/htdocs/ci4-adminlte3/system/CodeIgniter.php(374): CodeIgniter\Filters\Filters->run('/change/aktivas...', 'before')
#4 /opt/lampp/htdocs/ci4-adminlte3/system/CodeIgniter.php(317): CodeIgniter\CodeIgniter->handleRequest(NULL, Object(Config\Cache), false)
#5 /opt/lampp/htdocs/ci4-adminlte3/index.php(38): CodeIgniter\CodeIgniter->run()
#6 {main}
CRITICAL - 2022-03-21 01:47:26 --> The action you requested is not allowed.
#0 /opt/lampp/htdocs/ci4-adminlte3/system/Security/Security.php(222): CodeIgniter\Security\Exceptions\SecurityException::forDisallowedAction()
#1 /opt/lampp/htdocs/ci4-adminlte3/system/Filters/CSRF.php(53): CodeIgniter\Security\Security->verify(Object(CodeIgniter\HTTP\IncomingRequest))
#2 /opt/lampp/htdocs/ci4-adminlte3/system/Filters/Filters.php(169): CodeIgniter\Filters\CSRF->before(Object(CodeIgniter\HTTP\IncomingRequest), NULL)
#3 /opt/lampp/htdocs/ci4-adminlte3/system/CodeIgniter.php(374): CodeIgniter\Filters\Filters->run('/change/aktivas...', 'before')
#4 /opt/lampp/htdocs/ci4-adminlte3/system/CodeIgniter.php(317): CodeIgniter\CodeIgniter->handleRequest(NULL, Object(Config\Cache), false)
#5 /opt/lampp/htdocs/ci4-adminlte3/index.php(38): CodeIgniter\CodeIgniter->run()
#6 {main}
CRITICAL - 2022-03-21 01:47:27 --> The action you requested is not allowed.
#0 /opt/lampp/htdocs/ci4-adminlte3/system/Security/Security.php(222): CodeIgniter\Security\Exceptions\SecurityException::forDisallowedAction()
#1 /opt/lampp/htdocs/ci4-adminlte3/system/Filters/CSRF.php(53): CodeIgniter\Security\Security->verify(Object(CodeIgniter\HTTP\IncomingRequest))
#2 /opt/lampp/htdocs/ci4-adminlte3/system/Filters/Filters.php(169): CodeIgniter\Filters\CSRF->before(Object(CodeIgniter\HTTP\IncomingRequest), NULL)
#3 /opt/lampp/htdocs/ci4-adminlte3/system/CodeIgniter.php(374): CodeIgniter\Filters\Filters->run('/change/aktivas...', 'before')
#4 /opt/lampp/htdocs/ci4-adminlte3/system/CodeIgniter.php(317): CodeIgniter\CodeIgniter->handleRequest(NULL, Object(Config\Cache), false)
#5 /opt/lampp/htdocs/ci4-adminlte3/index.php(38): CodeIgniter\CodeIgniter->run()
#6 {main}
CRITICAL - 2022-03-21 01:49:48 --> The action you requested is not allowed.
#0 /opt/lampp/htdocs/ci4-adminlte3/system/Security/Security.php(222): CodeIgniter\Security\Exceptions\SecurityException::forDisallowedAction()
#1 /opt/lampp/htdocs/ci4-adminlte3/system/Filters/CSRF.php(53): CodeIgniter\Security\Security->verify(Object(CodeIgniter\HTTP\IncomingRequest))
#2 /opt/lampp/htdocs/ci4-adminlte3/system/Filters/Filters.php(169): CodeIgniter\Filters\CSRF->before(Object(CodeIgniter\HTTP\IncomingRequest), NULL)
#3 /opt/lampp/htdocs/ci4-adminlte3/system/CodeIgniter.php(374): CodeIgniter\Filters\Filters->run('/change/aktivas...', 'before')
#4 /opt/lampp/htdocs/ci4-adminlte3/system/CodeIgniter.php(317): CodeIgniter\CodeIgniter->handleRequest(NULL, Object(Config\Cache), false)
#5 /opt/lampp/htdocs/ci4-adminlte3/index.php(38): CodeIgniter\CodeIgniter->run()
#6 {main}
CRITICAL - 2022-03-21 01:57:54 --> Allowed fields must be specified for model: App\Models\UserModel
#0 /opt/lampp/htdocs/ci4-adminlte3/system/BaseModel.php(1134): CodeIgniter\Database\Exceptions\DataException::forInvalidAllowedFields('App\\Models\\User...')
#1 /opt/lampp/htdocs/ci4-adminlte3/system/BaseModel.php(841): CodeIgniter\BaseModel->doProtectFields(Array)
#2 /opt/lampp/htdocs/ci4-adminlte3/system/Model.php(646): CodeIgniter\BaseModel->update(Array, Array)
#3 /opt/lampp/htdocs/ci4-adminlte3/app/Controllers/Useraccess.php(68): CodeIgniter\Model->update(Array, Array)
#4 /opt/lampp/htdocs/ci4-adminlte3/system/CodeIgniter.php(802): App\Controllers\Useraccess->change_aktivasi('4ebb6c4c81df35b...')
#5 /opt/lampp/htdocs/ci4-adminlte3/system/CodeIgniter.php(399): CodeIgniter\CodeIgniter->runController(Object(App\Controllers\Useraccess))
#6 /opt/lampp/htdocs/ci4-adminlte3/system/CodeIgniter.php(317): CodeIgniter\CodeIgniter->handleRequest(NULL, Object(Config\Cache), false)
#7 /opt/lampp/htdocs/ci4-adminlte3/index.php(38): CodeIgniter\CodeIgniter->run()
#8 {main}
CRITICAL - 2022-03-21 01:58:02 --> The action you requested is not allowed.
#0 /opt/lampp/htdocs/ci4-adminlte3/system/Security/Security.php(222): CodeIgniter\Security\Exceptions\SecurityException::forDisallowedAction()
#1 /opt/lampp/htdocs/ci4-adminlte3/system/Filters/CSRF.php(53): CodeIgniter\Security\Security->verify(Object(CodeIgniter\HTTP\IncomingRequest))
#2 /opt/lampp/htdocs/ci4-adminlte3/system/Filters/Filters.php(169): CodeIgniter\Filters\CSRF->before(Object(CodeIgniter\HTTP\IncomingRequest), NULL)
#3 /opt/lampp/htdocs/ci4-adminlte3/system/CodeIgniter.php(374): CodeIgniter\Filters\Filters->run('/change/aktivas...', 'before')
#4 /opt/lampp/htdocs/ci4-adminlte3/system/CodeIgniter.php(317): CodeIgniter\CodeIgniter->handleRequest(NULL, Object(Config\Cache), false)
#5 /opt/lampp/htdocs/ci4-adminlte3/index.php(38): CodeIgniter\CodeIgniter->run()
#6 {main}
CRITICAL - 2022-03-21 01:58:18 --> Allowed fields must be specified for model: App\Models\UserModel
#0 /opt/lampp/htdocs/ci4-adminlte3/system/BaseModel.php(1134): CodeIgniter\Database\Exceptions\DataException::forInvalidAllowedFields('App\\Models\\User...')
#1 /opt/lampp/htdocs/ci4-adminlte3/system/BaseModel.php(841): CodeIgniter\BaseModel->doProtectFields(Array)
#2 /opt/lampp/htdocs/ci4-adminlte3/system/Model.php(646): CodeIgniter\BaseModel->update(Array, Array)
#3 /opt/lampp/htdocs/ci4-adminlte3/app/Controllers/Useraccess.php(68): CodeIgniter\Model->update(Array, Array)
#4 /opt/lampp/htdocs/ci4-adminlte3/system/CodeIgniter.php(802): App\Controllers\Useraccess->change_aktivasi('c345264315c69e2...')
#5 /opt/lampp/htdocs/ci4-adminlte3/system/CodeIgniter.php(399): CodeIgniter\CodeIgniter->runController(Object(App\Controllers\Useraccess))
#6 /opt/lampp/htdocs/ci4-adminlte3/system/CodeIgniter.php(317): CodeIgniter\CodeIgniter->handleRequest(NULL, Object(Config\Cache), false)
#7 /opt/lampp/htdocs/ci4-adminlte3/index.php(38): CodeIgniter\CodeIgniter->run()
#8 {main}
CRITICAL - 2022-03-21 02:00:47 --> There is no data to update.
#0 /opt/lampp/htdocs/ci4-adminlte3/system/BaseModel.php(1570): CodeIgniter\Database\Exceptions\DataException::forEmptyDataset('update')
#1 /opt/lampp/htdocs/ci4-adminlte3/system/BaseModel.php(832): CodeIgniter\BaseModel->transformDataToArray(NULL, 'update')
#2 /opt/lampp/htdocs/ci4-adminlte3/system/Model.php(646): CodeIgniter\BaseModel->update(Array, NULL)
#3 /opt/lampp/htdocs/ci4-adminlte3/app/Controllers/Useraccess.php(68): CodeIgniter\Model->update(Array)
#4 /opt/lampp/htdocs/ci4-adminlte3/system/CodeIgniter.php(802): App\Controllers\Useraccess->change_aktivasi('1874b3363f1b74c...')
#5 /opt/lampp/htdocs/ci4-adminlte3/system/CodeIgniter.php(399): CodeIgniter\CodeIgniter->runController(Object(App\Controllers\Useraccess))
#6 /opt/lampp/htdocs/ci4-adminlte3/system/CodeIgniter.php(317): CodeIgniter\CodeIgniter->handleRequest(NULL, Object(Config\Cache), false)
#7 /opt/lampp/htdocs/ci4-adminlte3/index.php(38): CodeIgniter\CodeIgniter->run()
#8 {main}
CRITICAL - 2022-03-21 02:01:08 --> There is no data to update.
#0 /opt/lampp/htdocs/ci4-adminlte3/system/BaseModel.php(1570): CodeIgniter\Database\Exceptions\DataException::forEmptyDataset('update')
#1 /opt/lampp/htdocs/ci4-adminlte3/system/BaseModel.php(832): CodeIgniter\BaseModel->transformDataToArray(NULL, 'update')
#2 /opt/lampp/htdocs/ci4-adminlte3/system/Model.php(646): CodeIgniter\BaseModel->update(Array, NULL)
#3 /opt/lampp/htdocs/ci4-adminlte3/app/Controllers/Useraccess.php(68): CodeIgniter\Model->update(Array)
#4 /opt/lampp/htdocs/ci4-adminlte3/system/CodeIgniter.php(802): App\Controllers\Useraccess->change_aktivasi('81eeb40e7191cce...')
#5 /opt/lampp/htdocs/ci4-adminlte3/system/CodeIgniter.php(399): CodeIgniter\CodeIgniter->runController(Object(App\Controllers\Useraccess))
#6 /opt/lampp/htdocs/ci4-adminlte3/system/CodeIgniter.php(317): CodeIgniter\CodeIgniter->handleRequest(NULL, Object(Config\Cache), false)
#7 /opt/lampp/htdocs/ci4-adminlte3/index.php(38): CodeIgniter\CodeIgniter->run()
#8 {main}
CRITICAL - 2022-03-21 02:03:23 --> Allowed fields must be specified for model: App\Models\UserModel
#0 /opt/lampp/htdocs/ci4-adminlte3/system/BaseModel.php(1134): CodeIgniter\Database\Exceptions\DataException::forInvalidAllowedFields('App\\Models\\User...')
#1 /opt/lampp/htdocs/ci4-adminlte3/system/BaseModel.php(841): CodeIgniter\BaseModel->doProtectFields(Array)
#2 /opt/lampp/htdocs/ci4-adminlte3/system/Model.php(646): CodeIgniter\BaseModel->update(Array, Array)
#3 /opt/lampp/htdocs/ci4-adminlte3/app/Controllers/Useraccess.php(68): CodeIgniter\Model->update('1', Array)
#4 /opt/lampp/htdocs/ci4-adminlte3/system/CodeIgniter.php(802): App\Controllers\Useraccess->change_aktivasi('c64b08ae2ff69ac...')
#5 /opt/lampp/htdocs/ci4-adminlte3/system/CodeIgniter.php(399): CodeIgniter\CodeIgniter->runController(Object(App\Controllers\Useraccess))
#6 /opt/lampp/htdocs/ci4-adminlte3/system/CodeIgniter.php(317): CodeIgniter\CodeIgniter->handleRequest(NULL, Object(Config\Cache), false)
#7 /opt/lampp/htdocs/ci4-adminlte3/index.php(38): CodeIgniter\CodeIgniter->run()
#8 {main}
CRITICAL - 2022-03-21 02:03:50 --> Allowed fields must be specified for model: App\Models\UserModel
#0 /opt/lampp/htdocs/ci4-adminlte3/system/BaseModel.php(1134): CodeIgniter\Database\Exceptions\DataException::forInvalidAllowedFields('App\\Models\\User...')
#1 /opt/lampp/htdocs/ci4-adminlte3/system/BaseModel.php(841): CodeIgniter\BaseModel->doProtectFields(Array)
#2 /opt/lampp/htdocs/ci4-adminlte3/system/Model.php(646): CodeIgniter\BaseModel->update(Array, Array)
#3 /opt/lampp/htdocs/ci4-adminlte3/app/Controllers/Useraccess.php(68): CodeIgniter\Model->update('1', Array)
#4 /opt/lampp/htdocs/ci4-adminlte3/system/CodeIgniter.php(802): App\Controllers\Useraccess->change_aktivasi('879c07de7b89542...')
#5 /opt/lampp/htdocs/ci4-adminlte3/system/CodeIgniter.php(399): CodeIgniter\CodeIgniter->runController(Object(App\Controllers\Useraccess))
#6 /opt/lampp/htdocs/ci4-adminlte3/system/CodeIgniter.php(317): CodeIgniter\CodeIgniter->handleRequest(NULL, Object(Config\Cache), false)
#7 /opt/lampp/htdocs/ci4-adminlte3/index.php(38): CodeIgniter\CodeIgniter->run()
#8 {main}
CRITICAL - 2022-03-21 02:07:40 --> Allowed fields must be specified for model: App\Models\UserModel
#0 /opt/lampp/htdocs/ci4-adminlte3/system/BaseModel.php(1134): CodeIgniter\Database\Exceptions\DataException::forInvalidAllowedFields('App\\Models\\User...')
#1 /opt/lampp/htdocs/ci4-adminlte3/system/BaseModel.php(841): CodeIgniter\BaseModel->doProtectFields(Array)
#2 /opt/lampp/htdocs/ci4-adminlte3/system/Model.php(646): CodeIgniter\BaseModel->update(Array, Array)
#3 /opt/lampp/htdocs/ci4-adminlte3/app/Controllers/Useraccess.php(68): CodeIgniter\Model->update('1', Array)
#4 /opt/lampp/htdocs/ci4-adminlte3/system/CodeIgniter.php(802): App\Controllers\Useraccess->change_aktivasi('4b6b87918266fb8...')
#5 /opt/lampp/htdocs/ci4-adminlte3/system/CodeIgniter.php(399): CodeIgniter\CodeIgniter->runController(Object(App\Controllers\Useraccess))
#6 /opt/lampp/htdocs/ci4-adminlte3/system/CodeIgniter.php(317): CodeIgniter\CodeIgniter->handleRequest(NULL, Object(Config\Cache), false)
#7 /opt/lampp/htdocs/ci4-adminlte3/index.php(38): CodeIgniter\CodeIgniter->run()
#8 {main}
CRITICAL - 2022-03-21 02:07:49 --> Allowed fields must be specified for model: App\Models\UserModel
#0 /opt/lampp/htdocs/ci4-adminlte3/system/BaseModel.php(1134): CodeIgniter\Database\Exceptions\DataException::forInvalidAllowedFields('App\\Models\\User...')
#1 /opt/lampp/htdocs/ci4-adminlte3/system/BaseModel.php(841): CodeIgniter\BaseModel->doProtectFields(Array)
#2 /opt/lampp/htdocs/ci4-adminlte3/system/Model.php(646): CodeIgniter\BaseModel->update(Array, Array)
#3 /opt/lampp/htdocs/ci4-adminlte3/app/Controllers/Useraccess.php(68): CodeIgniter\Model->update('1', Array)
#4 /opt/lampp/htdocs/ci4-adminlte3/system/CodeIgniter.php(802): App\Controllers\Useraccess->change_aktivasi('411e855f7734199...')
#5 /opt/lampp/htdocs/ci4-adminlte3/system/CodeIgniter.php(399): CodeIgniter\CodeIgniter->runController(Object(App\Controllers\Useraccess))
#6 /opt/lampp/htdocs/ci4-adminlte3/system/CodeIgniter.php(317): CodeIgniter\CodeIgniter->handleRequest(NULL, Object(Config\Cache), false)
#7 /opt/lampp/htdocs/ci4-adminlte3/index.php(38): CodeIgniter\CodeIgniter->run()
#8 {main}
CRITICAL - 2022-03-21 02:07:49 --> The action you requested is not allowed.
#0 /opt/lampp/htdocs/ci4-adminlte3/system/Security/Security.php(222): CodeIgniter\Security\Exceptions\SecurityException::forDisallowedAction()
#1 /opt/lampp/htdocs/ci4-adminlte3/system/Filters/CSRF.php(53): CodeIgniter\Security\Security->verify(Object(CodeIgniter\HTTP\IncomingRequest))
#2 /opt/lampp/htdocs/ci4-adminlte3/system/Filters/Filters.php(169): CodeIgniter\Filters\CSRF->before(Object(CodeIgniter\HTTP\IncomingRequest), NULL)
#3 /opt/lampp/htdocs/ci4-adminlte3/system/CodeIgniter.php(374): CodeIgniter\Filters\Filters->run('/change/aktivas...', 'before')
#4 /opt/lampp/htdocs/ci4-adminlte3/system/CodeIgniter.php(317): CodeIgniter\CodeIgniter->handleRequest(NULL, Object(Config\Cache), false)
#5 /opt/lampp/htdocs/ci4-adminlte3/index.php(38): CodeIgniter\CodeIgniter->run()
#6 {main}
CRITICAL - 2022-03-21 02:09:24 --> Allowed fields must be specified for model: App\Models\UserModel
#0 /opt/lampp/htdocs/ci4-adminlte3/system/BaseModel.php(1134): CodeIgniter\Database\Exceptions\DataException::forInvalidAllowedFields('App\\Models\\User...')
#1 /opt/lampp/htdocs/ci4-adminlte3/system/BaseModel.php(841): CodeIgniter\BaseModel->doProtectFields(Array)
#2 /opt/lampp/htdocs/ci4-adminlte3/system/Model.php(646): CodeIgniter\BaseModel->update(Array, Array)
#3 /opt/lampp/htdocs/ci4-adminlte3/app/Controllers/Useraccess.php(68): CodeIgniter\Model->update(Array, Array)
#4 /opt/lampp/htdocs/ci4-adminlte3/system/CodeIgniter.php(802): App\Controllers\Useraccess->change_aktivasi('312f4864f79a8dc...')
#5 /opt/lampp/htdocs/ci4-adminlte3/system/CodeIgniter.php(399): CodeIgniter\CodeIgniter->runController(Object(App\Controllers\Useraccess))
#6 /opt/lampp/htdocs/ci4-adminlte3/system/CodeIgniter.php(317): CodeIgniter\CodeIgniter->handleRequest(NULL, Object(Config\Cache), false)
#7 /opt/lampp/htdocs/ci4-adminlte3/index.php(38): CodeIgniter\CodeIgniter->run()
#8 {main}
CRITICAL - 2022-03-21 02:10:42 --> Allowed fields must be specified for model: App\Models\UserModel
#0 /opt/lampp/htdocs/ci4-adminlte3/system/BaseModel.php(1134): CodeIgniter\Database\Exceptions\DataException::forInvalidAllowedFields('App\\Models\\User...')
#1 /opt/lampp/htdocs/ci4-adminlte3/system/BaseModel.php(713): CodeIgniter\BaseModel->doProtectFields(Array)
#2 /opt/lampp/htdocs/ci4-adminlte3/system/Model.php(620): CodeIgniter\BaseModel->insert(Array, false)
#3 /opt/lampp/htdocs/ci4-adminlte3/system/BaseModel.php(658): CodeIgniter\Model->insert(Array, false)
#4 /opt/lampp/htdocs/ci4-adminlte3/app/Controllers/Useraccess.php(68): CodeIgniter\BaseModel->save(Array)
#5 /opt/lampp/htdocs/ci4-adminlte3/system/CodeIgniter.php(802): App\Controllers\Useraccess->change_aktivasi('6453add0413aa3b...')
#6 /opt/lampp/htdocs/ci4-adminlte3/system/CodeIgniter.php(399): CodeIgniter\CodeIgniter->runController(Object(App\Controllers\Useraccess))
#7 /opt/lampp/htdocs/ci4-adminlte3/system/CodeIgniter.php(317): CodeIgniter\CodeIgniter->handleRequest(NULL, Object(Config\Cache), false)
#8 /opt/lampp/htdocs/ci4-adminlte3/index.php(38): CodeIgniter\CodeIgniter->run()
#9 {main}
CRITICAL - 2022-03-21 02:11:02 --> Allowed fields must be specified for model: App\Models\UserModel
#0 /opt/lampp/htdocs/ci4-adminlte3/system/BaseModel.php(1134): CodeIgniter\Database\Exceptions\DataException::forInvalidAllowedFields('App\\Models\\User...')
#1 /opt/lampp/htdocs/ci4-adminlte3/system/BaseModel.php(713): CodeIgniter\BaseModel->doProtectFields(Array)
#2 /opt/lampp/htdocs/ci4-adminlte3/system/Model.php(620): CodeIgniter\BaseModel->insert(Array, false)
#3 /opt/lampp/htdocs/ci4-adminlte3/system/BaseModel.php(658): CodeIgniter\Model->insert(Array, false)
#4 /opt/lampp/htdocs/ci4-adminlte3/app/Controllers/Useraccess.php(68): CodeIgniter\BaseModel->save(Array)
#5 /opt/lampp/htdocs/ci4-adminlte3/system/CodeIgniter.php(802): App\Controllers\Useraccess->change_aktivasi('5d98297f37ef60b...')
#6 /opt/lampp/htdocs/ci4-adminlte3/system/CodeIgniter.php(399): CodeIgniter\CodeIgniter->runController(Object(App\Controllers\Useraccess))
#7 /opt/lampp/htdocs/ci4-adminlte3/system/CodeIgniter.php(317): CodeIgniter\CodeIgniter->handleRequest(NULL, Object(Config\Cache), false)
#8 /opt/lampp/htdocs/ci4-adminlte3/index.php(38): CodeIgniter\CodeIgniter->run()
#9 {main}
CRITICAL - 2022-03-21 02:15:14 --> Allowed fields must be specified for model: App\Models\UserModel
#0 /opt/lampp/htdocs/ci4-adminlte3/system/BaseModel.php(1134): CodeIgniter\Database\Exceptions\DataException::forInvalidAllowedFields('App\\Models\\User...')
#1 /opt/lampp/htdocs/ci4-adminlte3/system/BaseModel.php(841): CodeIgniter\BaseModel->doProtectFields(Array)
#2 /opt/lampp/htdocs/ci4-adminlte3/system/Model.php(646): CodeIgniter\BaseModel->update(Array, Array)
#3 /opt/lampp/htdocs/ci4-adminlte3/app/Controllers/Useraccess.php(68): CodeIgniter\Model->update(1, Array)
#4 /opt/lampp/htdocs/ci4-adminlte3/system/CodeIgniter.php(802): App\Controllers\Useraccess->change_aktivasi('3856a915115d709...')
#5 /opt/lampp/htdocs/ci4-adminlte3/system/CodeIgniter.php(399): CodeIgniter\CodeIgniter->runController(Object(App\Controllers\Useraccess))
#6 /opt/lampp/htdocs/ci4-adminlte3/system/CodeIgniter.php(317): CodeIgniter\CodeIgniter->handleRequest(NULL, Object(Config\Cache), false)
#7 /opt/lampp/htdocs/ci4-adminlte3/index.php(38): CodeIgniter\CodeIgniter->run()
#8 {main}
CRITICAL - 2022-03-21 02:30:39 --> Undefined variable: sub_menu
#0 /opt/lampp/htdocs/ci4-adminlte3/app/Controllers/Useraccess.php(71): CodeIgniter\Debug\Exceptions->errorHandler(8, 'Undefined varia...', '/opt/lampp/htdo...', 71, Array)
#1 /opt/lampp/htdocs/ci4-adminlte3/app/Controllers/Useraccess.php(46): App\Controllers\Useraccess->_getLoginas('1')
#2 /opt/lampp/htdocs/ci4-adminlte3/system/CodeIgniter.php(802): App\Controllers\Useraccess->list_useraccess('1d19c55079561bd...')
#3 /opt/lampp/htdocs/ci4-adminlte3/system/CodeIgniter.php(399): CodeIgniter\CodeIgniter->runController(Object(App\Controllers\Useraccess))
#4 /opt/lampp/htdocs/ci4-adminlte3/system/CodeIgniter.php(317): CodeIgniter\CodeIgniter->handleRequest(NULL, Object(Config\Cache), false)
#5 /opt/lampp/htdocs/ci4-adminlte3/index.php(38): CodeIgniter\CodeIgniter->run()
#6 {main}
CRITICAL - 2022-03-21 02:33:25 --> Undefined variable: checked
#0 /opt/lampp/htdocs/ci4-adminlte3/app/Controllers/Useraccess.php(75): CodeIgniter\Debug\Exceptions->errorHandler(8, 'Undefined varia...', '/opt/lampp/htdo...', 75, Array)
#1 /opt/lampp/htdocs/ci4-adminlte3/app/Controllers/Useraccess.php(46): App\Controllers\Useraccess->_getLoginas('1')
#2 /opt/lampp/htdocs/ci4-adminlte3/system/CodeIgniter.php(802): App\Controllers\Useraccess->list_useraccess('5e08179f687f6be...')
#3 /opt/lampp/htdocs/ci4-adminlte3/system/CodeIgniter.php(399): CodeIgniter\CodeIgniter->runController(Object(App\Controllers\Useraccess))
#4 /opt/lampp/htdocs/ci4-adminlte3/system/CodeIgniter.php(317): CodeIgniter\CodeIgniter->handleRequest(NULL, Object(Config\Cache), false)
#5 /opt/lampp/htdocs/ci4-adminlte3/index.php(38): CodeIgniter\CodeIgniter->run()
#6 {main}
ERROR - 2022-03-21 03:03:31 --> Unknown column 'id_pengguna' in 'field list'
CRITICAL - 2022-03-21 03:03:31 --> Unknown column 'id_pengguna' in 'field list'
#0 /opt/lampp/htdocs/ci4-adminlte3/system/Database/MySQLi/Connection.php(280): mysqli->query('INSERT INTO `lo...')
#1 /opt/lampp/htdocs/ci4-adminlte3/system/Database/BaseConnection.php(663): CodeIgniter\Database\MySQLi\Connection->execute('INSERT INTO `lo...')
#2 /opt/lampp/htdocs/ci4-adminlte3/system/Database/BaseConnection.php(591): CodeIgniter\Database\BaseConnection->simpleQuery('INSERT INTO `lo...')
#3 /opt/lampp/htdocs/ci4-adminlte3/system/Database/BaseBuilder.php(1733): CodeIgniter\Database\BaseConnection->query('INSERT INTO `lo...', Array, false)
#4 /opt/lampp/htdocs/ci4-adminlte3/app/Controllers/Useraccess.php(112): CodeIgniter\Database\BaseBuilder->insert(Array)
#5 /opt/lampp/htdocs/ci4-adminlte3/system/CodeIgniter.php(802): App\Controllers\Useraccess->change_loginas('0a874b0ae4ab1b1...')
#6 /opt/lampp/htdocs/ci4-adminlte3/system/CodeIgniter.php(399): CodeIgniter\CodeIgniter->runController(Object(App\Controllers\Useraccess))
#7 /opt/lampp/htdocs/ci4-adminlte3/system/CodeIgniter.php(317): CodeIgniter\CodeIgniter->handleRequest(NULL, Object(Config\Cache), false)
#8 /opt/lampp/htdocs/ci4-adminlte3/index.php(38): CodeIgniter\CodeIgniter->run()
#9 {main}
CRITICAL - 2022-03-21 03:21:01 --> syntax error, unexpected '?>'
#0 /opt/lampp/htdocs/ci4-adminlte3/system/View/View.php(217): CodeIgniter\View\View->CodeIgniter\View\{closure}()
#1 /opt/lampp/htdocs/ci4-adminlte3/system/Common.php(1092): CodeIgniter\View\View->render('section/index_a...', Array, true)
#2 /opt/lampp/htdocs/ci4-adminlte3/app/Controllers/Accessmenu.php(22): view('section/index_a...', Array)
#3 /opt/lampp/htdocs/ci4-adminlte3/system/CodeIgniter.php(802): App\Controllers\Accessmenu->index()
#4 /opt/lampp/htdocs/ci4-adminlte3/system/CodeIgniter.php(399): CodeIgniter\CodeIgniter->runController(Object(App\Controllers\Accessmenu))
#5 /opt/lampp/htdocs/ci4-adminlte3/system/CodeIgniter.php(317): CodeIgniter\CodeIgniter->handleRequest(NULL, Object(Config\Cache), false)
#6 /opt/lampp/htdocs/ci4-adminlte3/index.php(38): CodeIgniter\CodeIgniter->run()
#7 {main}
CRITICAL - 2022-03-21 03:21:06 --> syntax error, unexpected '?>'
#0 /opt/lampp/htdocs/ci4-adminlte3/system/View/View.php(217): CodeIgniter\View\View->CodeIgniter\View\{closure}()
#1 /opt/lampp/htdocs/ci4-adminlte3/system/Common.php(1092): CodeIgniter\View\View->render('section/index_a...', Array, true)
#2 /opt/lampp/htdocs/ci4-adminlte3/app/Controllers/Accessmenu.php(22): view('section/index_a...', Array)
#3 /opt/lampp/htdocs/ci4-adminlte3/system/CodeIgniter.php(802): App\Controllers\Accessmenu->index()
#4 /opt/lampp/htdocs/ci4-adminlte3/system/CodeIgniter.php(399): CodeIgniter\CodeIgniter->runController(Object(App\Controllers\Accessmenu))
#5 /opt/lampp/htdocs/ci4-adminlte3/system/CodeIgniter.php(317): CodeIgniter\CodeIgniter->handleRequest(NULL, Object(Config\Cache), false)
#6 /opt/lampp/htdocs/ci4-adminlte3/index.php(38): CodeIgniter\CodeIgniter->run()
#7 {main}
