CRITICAL - 2022-06-16 02:28:12 --> The action you requested is not allowed.
#0 /opt/lampp/htdocs/mitrasinerji/system/Security/Security.php(222): CodeIgniter\Security\Exceptions\SecurityException::forDisallowedAction()
#1 /opt/lampp/htdocs/mitrasinerji/system/Filters/CSRF.php(53): CodeIgniter\Security\Security->verify(Object(CodeIgniter\HTTP\IncomingRequest))
#2 /opt/lampp/htdocs/mitrasinerji/system/Filters/Filters.php(169): CodeIgniter\Filters\CSRF->before(Object(CodeIgniter\HTTP\IncomingRequest), NULL)
#3 /opt/lampp/htdocs/mitrasinerji/system/CodeIgniter.php(374): CodeIgniter\Filters\Filters->run('/delete/custome...', 'before')
#4 /opt/lampp/htdocs/mitrasinerji/system/CodeIgniter.php(317): CodeIgniter\CodeIgniter->handleRequest(NULL, Object(Config\Cache), false)
#5 /opt/lampp/htdocs/mitrasinerji/index.php(38): CodeIgniter\CodeIgniter->run()
#6 {main}
CRITICAL - 2022-06-16 02:28:24 --> The action you requested is not allowed.
#0 /opt/lampp/htdocs/mitrasinerji/system/Security/Security.php(222): CodeIgniter\Security\Exceptions\SecurityException::forDisallowedAction()
#1 /opt/lampp/htdocs/mitrasinerji/system/Filters/CSRF.php(53): CodeIgniter\Security\Security->verify(Object(CodeIgniter\HTTP\IncomingRequest))
#2 /opt/lampp/htdocs/mitrasinerji/system/Filters/Filters.php(169): CodeIgniter\Filters\CSRF->before(Object(CodeIgniter\HTTP\IncomingRequest), NULL)
#3 /opt/lampp/htdocs/mitrasinerji/system/CodeIgniter.php(374): CodeIgniter\Filters\Filters->run('/list/customer/...', 'before')
#4 /opt/lampp/htdocs/mitrasinerji/system/CodeIgniter.php(317): CodeIgniter\CodeIgniter->handleRequest(NULL, Object(Config\Cache), false)
#5 /opt/lampp/htdocs/mitrasinerji/index.php(38): CodeIgniter\CodeIgniter->run()
#6 {main}
CRITICAL - 2022-06-16 03:23:58 --> Call to undefined method App\Controllers\Pelanggan::_nomor_transaksi()
#0 /opt/lampp/htdocs/mitrasinerji/system/CodeIgniter.php(802): App\Controllers\Pelanggan->save_pelanggan()
#1 /opt/lampp/htdocs/mitrasinerji/system/CodeIgniter.php(399): CodeIgniter\CodeIgniter->runController(Object(App\Controllers\Pelanggan))
#2 /opt/lampp/htdocs/mitrasinerji/system/CodeIgniter.php(317): CodeIgniter\CodeIgniter->handleRequest(NULL, Object(Config\Cache), false)
#3 /opt/lampp/htdocs/mitrasinerji/index.php(38): CodeIgniter\CodeIgniter->run()
#4 {main}
CRITICAL - 2022-06-16 03:49:14 --> Undefined variable $title
#0 /opt/lampp/htdocs/mitrasinerji/app/Views/layout/top-nav.php(109): CodeIgniter\Debug\Exceptions->errorHandler(2, 'Undefined varia...', '/opt/lampp/htdo...', 109)
#1 /opt/lampp/htdocs/mitrasinerji/system/View/View.php(214): include('/opt/lampp/htdo...')
#2 /opt/lampp/htdocs/mitrasinerji/system/View/View.php(217): CodeIgniter\View\View->CodeIgniter\View\{closure}()
#3 /opt/lampp/htdocs/mitrasinerji/system/View/View.php(230): CodeIgniter\View\View->render('layout/top-nav', Array, true)
#4 /opt/lampp/htdocs/mitrasinerji/system/Common.php(1092): CodeIgniter\View\View->render('section/index_p...', Array, true)
#5 /opt/lampp/htdocs/mitrasinerji/app/Controllers/Home.php(22): view('section/index_p...', Array)
#6 /opt/lampp/htdocs/mitrasinerji/system/CodeIgniter.php(802): App\Controllers\Home->profile()
#7 /opt/lampp/htdocs/mitrasinerji/system/CodeIgniter.php(399): CodeIgniter\CodeIgniter->runController(Object(App\Controllers\Home))
#8 /opt/lampp/htdocs/mitrasinerji/system/CodeIgniter.php(317): CodeIgniter\CodeIgniter->handleRequest(NULL, Object(Config\Cache), false)
#9 /opt/lampp/htdocs/mitrasinerji/index.php(38): CodeIgniter\CodeIgniter->run()
#10 {main}
CRITICAL - 2022-06-16 03:49:34 --> Undefined variable $heading
#0 /opt/lampp/htdocs/mitrasinerji/app/Views/section/index_profile.php(10): CodeIgniter\Debug\Exceptions->errorHandler(2, 'Undefined varia...', '/opt/lampp/htdo...', 10)
#1 /opt/lampp/htdocs/mitrasinerji/system/View/View.php(214): include('/opt/lampp/htdo...')
#2 /opt/lampp/htdocs/mitrasinerji/system/View/View.php(217): CodeIgniter\View\View->CodeIgniter\View\{closure}()
#3 /opt/lampp/htdocs/mitrasinerji/system/Common.php(1092): CodeIgniter\View\View->render('section/index_p...', Array, true)
#4 /opt/lampp/htdocs/mitrasinerji/app/Controllers/Home.php(22): view('section/index_p...', Array)
#5 /opt/lampp/htdocs/mitrasinerji/system/CodeIgniter.php(802): App\Controllers\Home->profile()
#6 /opt/lampp/htdocs/mitrasinerji/system/CodeIgniter.php(399): CodeIgniter\CodeIgniter->runController(Object(App\Controllers\Home))
#7 /opt/lampp/htdocs/mitrasinerji/system/CodeIgniter.php(317): CodeIgniter\CodeIgniter->handleRequest(NULL, Object(Config\Cache), false)
#8 /opt/lampp/htdocs/mitrasinerji/index.php(38): CodeIgniter\CodeIgniter->run()
#9 {main}
CRITICAL - 2022-06-16 03:49:35 --> Undefined variable $heading
#0 /opt/lampp/htdocs/mitrasinerji/app/Views/section/index_profile.php(10): CodeIgniter\Debug\Exceptions->errorHandler(2, 'Undefined varia...', '/opt/lampp/htdo...', 10)
#1 /opt/lampp/htdocs/mitrasinerji/system/View/View.php(214): include('/opt/lampp/htdo...')
#2 /opt/lampp/htdocs/mitrasinerji/system/View/View.php(217): CodeIgniter\View\View->CodeIgniter\View\{closure}()
#3 /opt/lampp/htdocs/mitrasinerji/system/Common.php(1092): CodeIgniter\View\View->render('section/index_p...', Array, true)
#4 /opt/lampp/htdocs/mitrasinerji/app/Controllers/Home.php(22): view('section/index_p...', Array)
#5 /opt/lampp/htdocs/mitrasinerji/system/CodeIgniter.php(802): App\Controllers\Home->profile()
#6 /opt/lampp/htdocs/mitrasinerji/system/CodeIgniter.php(399): CodeIgniter\CodeIgniter->runController(Object(App\Controllers\Home))
#7 /opt/lampp/htdocs/mitrasinerji/system/CodeIgniter.php(317): CodeIgniter\CodeIgniter->handleRequest(NULL, Object(Config\Cache), false)
#8 /opt/lampp/htdocs/mitrasinerji/index.php(38): CodeIgniter\CodeIgniter->run()
#9 {main}
CRITICAL - 2022-06-16 03:49:43 --> Undefined variable $title
#0 /opt/lampp/htdocs/mitrasinerji/app/Views/layout/top-nav.php(109): CodeIgniter\Debug\Exceptions->errorHandler(2, 'Undefined varia...', '/opt/lampp/htdo...', 109)
#1 /opt/lampp/htdocs/mitrasinerji/system/View/View.php(214): include('/opt/lampp/htdo...')
#2 /opt/lampp/htdocs/mitrasinerji/system/View/View.php(217): CodeIgniter\View\View->CodeIgniter\View\{closure}()
#3 /opt/lampp/htdocs/mitrasinerji/system/View/View.php(230): CodeIgniter\View\View->render('layout/top-nav', Array, true)
#4 /opt/lampp/htdocs/mitrasinerji/system/Common.php(1092): CodeIgniter\View\View->render('section/index_p...', Array, true)
#5 /opt/lampp/htdocs/mitrasinerji/app/Controllers/Home.php(22): view('section/index_p...', Array)
#6 /opt/lampp/htdocs/mitrasinerji/system/CodeIgniter.php(802): App\Controllers\Home->profile()
#7 /opt/lampp/htdocs/mitrasinerji/system/CodeIgniter.php(399): CodeIgniter\CodeIgniter->runController(Object(App\Controllers\Home))
#8 /opt/lampp/htdocs/mitrasinerji/system/CodeIgniter.php(317): CodeIgniter\CodeIgniter->handleRequest(NULL, Object(Config\Cache), false)
#9 /opt/lampp/htdocs/mitrasinerji/index.php(38): CodeIgniter\CodeIgniter->run()
#10 {main}
CRITICAL - 2022-06-16 08:41:08 --> Undefined variable $tambah_pelanggan
#0 /opt/lampp/htdocs/mitrasinerji/app/Views/section/index_barang.php(137): CodeIgniter\Debug\Exceptions->errorHandler(2, 'Undefined varia...', '/opt/lampp/htdo...', 137)
#1 /opt/lampp/htdocs/mitrasinerji/system/View/View.php(214): include('/opt/lampp/htdo...')
#2 /opt/lampp/htdocs/mitrasinerji/system/View/View.php(217): CodeIgniter\View\View->CodeIgniter\View\{closure}()
#3 /opt/lampp/htdocs/mitrasinerji/system/Common.php(1092): CodeIgniter\View\View->render('section/index_b...', Array, true)
#4 /opt/lampp/htdocs/mitrasinerji/app/Controllers/Barang.php(20): view('section/index_b...', Array)
#5 /opt/lampp/htdocs/mitrasinerji/system/CodeIgniter.php(802): App\Controllers\Barang->index()
#6 /opt/lampp/htdocs/mitrasinerji/system/CodeIgniter.php(399): CodeIgniter\CodeIgniter->runController(Object(App\Controllers\Barang))
#7 /opt/lampp/htdocs/mitrasinerji/system/CodeIgniter.php(317): CodeIgniter\CodeIgniter->handleRequest(NULL, Object(Config\Cache), false)
#8 /opt/lampp/htdocs/mitrasinerji/index.php(38): CodeIgniter\CodeIgniter->run()
#9 {main}
CRITICAL - 2022-06-16 09:09:43 --> htmlspecialchars(): Argument #1 ($string) must be of type string, array given
#0 /opt/lampp/htdocs/mitrasinerji/app/Controllers/Barang.php(118): htmlspecialchars(Array)
#1 /opt/lampp/htdocs/mitrasinerji/system/CodeIgniter.php(802): App\Controllers\Barang->save_barang()
#2 /opt/lampp/htdocs/mitrasinerji/system/CodeIgniter.php(399): CodeIgniter\CodeIgniter->runController(Object(App\Controllers\Barang))
#3 /opt/lampp/htdocs/mitrasinerji/system/CodeIgniter.php(317): CodeIgniter\CodeIgniter->handleRequest(NULL, Object(Config\Cache), false)
#4 /opt/lampp/htdocs/mitrasinerji/index.php(38): CodeIgniter\CodeIgniter->run()
#5 {main}
CRITICAL - 2022-06-16 09:09:44 --> The action you requested is not allowed.
#0 /opt/lampp/htdocs/mitrasinerji/system/Security/Security.php(222): CodeIgniter\Security\Exceptions\SecurityException::forDisallowedAction()
#1 /opt/lampp/htdocs/mitrasinerji/system/Filters/CSRF.php(53): CodeIgniter\Security\Security->verify(Object(CodeIgniter\HTTP\IncomingRequest))
#2 /opt/lampp/htdocs/mitrasinerji/system/Filters/Filters.php(169): CodeIgniter\Filters\CSRF->before(Object(CodeIgniter\HTTP\IncomingRequest), NULL)
#3 /opt/lampp/htdocs/mitrasinerji/system/CodeIgniter.php(374): CodeIgniter\Filters\Filters->run('/save/goods', 'before')
#4 /opt/lampp/htdocs/mitrasinerji/system/CodeIgniter.php(317): CodeIgniter\CodeIgniter->handleRequest(NULL, Object(Config\Cache), false)
#5 /opt/lampp/htdocs/mitrasinerji/index.php(38): CodeIgniter\CodeIgniter->run()
#6 {main}
CRITICAL - 2022-06-16 09:09:48 --> The action you requested is not allowed.
#0 /opt/lampp/htdocs/mitrasinerji/system/Security/Security.php(222): CodeIgniter\Security\Exceptions\SecurityException::forDisallowedAction()
#1 /opt/lampp/htdocs/mitrasinerji/system/Filters/CSRF.php(53): CodeIgniter\Security\Security->verify(Object(CodeIgniter\HTTP\IncomingRequest))
#2 /opt/lampp/htdocs/mitrasinerji/system/Filters/Filters.php(169): CodeIgniter\Filters\CSRF->before(Object(CodeIgniter\HTTP\IncomingRequest), NULL)
#3 /opt/lampp/htdocs/mitrasinerji/system/CodeIgniter.php(374): CodeIgniter\Filters\Filters->run('/save/goods', 'before')
#4 /opt/lampp/htdocs/mitrasinerji/system/CodeIgniter.php(317): CodeIgniter\CodeIgniter->handleRequest(NULL, Object(Config\Cache), false)
#5 /opt/lampp/htdocs/mitrasinerji/index.php(38): CodeIgniter\CodeIgniter->run()
#6 {main}
CRITICAL - 2022-06-16 09:09:58 --> htmlspecialchars(): Argument #1 ($string) must be of type string, array given
#0 /opt/lampp/htdocs/mitrasinerji/app/Controllers/Barang.php(118): htmlspecialchars(Array)
#1 /opt/lampp/htdocs/mitrasinerji/system/CodeIgniter.php(802): App\Controllers\Barang->save_barang()
#2 /opt/lampp/htdocs/mitrasinerji/system/CodeIgniter.php(399): CodeIgniter\CodeIgniter->runController(Object(App\Controllers\Barang))
#3 /opt/lampp/htdocs/mitrasinerji/system/CodeIgniter.php(317): CodeIgniter\CodeIgniter->handleRequest(NULL, Object(Config\Cache), false)
#4 /opt/lampp/htdocs/mitrasinerji/index.php(38): CodeIgniter\CodeIgniter->run()
#5 {main}
CRITICAL - 2022-06-16 09:10:43 --> htmlspecialchars(): Argument #1 ($string) must be of type string, array given
#0 /opt/lampp/htdocs/mitrasinerji/app/Controllers/Barang.php(118): htmlspecialchars(Array)
#1 /opt/lampp/htdocs/mitrasinerji/system/CodeIgniter.php(802): App\Controllers\Barang->save_barang()
#2 /opt/lampp/htdocs/mitrasinerji/system/CodeIgniter.php(399): CodeIgniter\CodeIgniter->runController(Object(App\Controllers\Barang))
#3 /opt/lampp/htdocs/mitrasinerji/system/CodeIgniter.php(317): CodeIgniter\CodeIgniter->handleRequest(NULL, Object(Config\Cache), false)
#4 /opt/lampp/htdocs/mitrasinerji/index.php(38): CodeIgniter\CodeIgniter->run()
#5 {main}
CRITICAL - 2022-06-16 09:11:01 --> Illegal offset type
#0 /opt/lampp/htdocs/mitrasinerji/system/CodeIgniter.php(802): App\Controllers\Barang->save_barang()
#1 /opt/lampp/htdocs/mitrasinerji/system/CodeIgniter.php(399): CodeIgniter\CodeIgniter->runController(Object(App\Controllers\Barang))
#2 /opt/lampp/htdocs/mitrasinerji/system/CodeIgniter.php(317): CodeIgniter\CodeIgniter->handleRequest(NULL, Object(Config\Cache), false)
#3 /opt/lampp/htdocs/mitrasinerji/index.php(38): CodeIgniter\CodeIgniter->run()
#4 {main}
CRITICAL - 2022-06-16 09:46:31 --> Undefined variable $kode_barang
#0 /opt/lampp/htdocs/mitrasinerji/app/Views/section/index_profile.php(56): CodeIgniter\Debug\Exceptions->errorHandler(2, 'Undefined varia...', '/opt/lampp/htdo...', 56)
#1 /opt/lampp/htdocs/mitrasinerji/system/View/View.php(214): include('/opt/lampp/htdo...')
#2 /opt/lampp/htdocs/mitrasinerji/system/View/View.php(217): CodeIgniter\View\View->CodeIgniter\View\{closure}()
#3 /opt/lampp/htdocs/mitrasinerji/system/Common.php(1092): CodeIgniter\View\View->render('section/index_p...', Array, true)
#4 /opt/lampp/htdocs/mitrasinerji/app/Controllers/Home.php(40): view('section/index_p...', Array)
#5 /opt/lampp/htdocs/mitrasinerji/system/CodeIgniter.php(802): App\Controllers\Home->profile()
#6 /opt/lampp/htdocs/mitrasinerji/system/CodeIgniter.php(399): CodeIgniter\CodeIgniter->runController(Object(App\Controllers\Home))
#7 /opt/lampp/htdocs/mitrasinerji/system/CodeIgniter.php(317): CodeIgniter\CodeIgniter->handleRequest(NULL, Object(Config\Cache), false)
#8 /opt/lampp/htdocs/mitrasinerji/index.php(38): CodeIgniter\CodeIgniter->run()
#9 {main}
CRITICAL - 2022-06-16 09:48:04 --> syntax error, unexpected token "}"
#0 /opt/lampp/htdocs/mitrasinerji/system/View/View.php(217): CodeIgniter\View\View->CodeIgniter\View\{closure}()
#1 /opt/lampp/htdocs/mitrasinerji/system/Common.php(1092): CodeIgniter\View\View->render('section/index_p...', Array, true)
#2 /opt/lampp/htdocs/mitrasinerji/app/Controllers/Home.php(40): view('section/index_p...', Array)
#3 /opt/lampp/htdocs/mitrasinerji/system/CodeIgniter.php(802): App\Controllers\Home->profile()
#4 /opt/lampp/htdocs/mitrasinerji/system/CodeIgniter.php(399): CodeIgniter\CodeIgniter->runController(Object(App\Controllers\Home))
#5 /opt/lampp/htdocs/mitrasinerji/system/CodeIgniter.php(317): CodeIgniter\CodeIgniter->handleRequest(NULL, Object(Config\Cache), false)
#6 /opt/lampp/htdocs/mitrasinerji/index.php(38): CodeIgniter\CodeIgniter->run()
#7 {main}
CRITICAL - 2022-06-16 09:48:14 --> Undefined variable $aksi
#0 /opt/lampp/htdocs/mitrasinerji/app/Views/section/index_profile.php(68): CodeIgniter\Debug\Exceptions->errorHandler(2, 'Undefined varia...', '/opt/lampp/htdo...', 68)
#1 /opt/lampp/htdocs/mitrasinerji/system/View/View.php(214): include('/opt/lampp/htdo...')
#2 /opt/lampp/htdocs/mitrasinerji/system/View/View.php(217): CodeIgniter\View\View->CodeIgniter\View\{closure}()
#3 /opt/lampp/htdocs/mitrasinerji/system/Common.php(1092): CodeIgniter\View\View->render('section/index_p...', Array, true)
#4 /opt/lampp/htdocs/mitrasinerji/app/Controllers/Home.php(40): view('section/index_p...', Array)
#5 /opt/lampp/htdocs/mitrasinerji/system/CodeIgniter.php(802): App\Controllers\Home->profile()
#6 /opt/lampp/htdocs/mitrasinerji/system/CodeIgniter.php(399): CodeIgniter\CodeIgniter->runController(Object(App\Controllers\Home))
#7 /opt/lampp/htdocs/mitrasinerji/system/CodeIgniter.php(317): CodeIgniter\CodeIgniter->handleRequest(NULL, Object(Config\Cache), false)
#8 /opt/lampp/htdocs/mitrasinerji/index.php(38): CodeIgniter\CodeIgniter->run()
#9 {main}
CRITICAL - 2022-06-16 09:52:42 --> Undefined property: stdClass::$kode_barang
#0 /opt/lampp/htdocs/mitrasinerji/app/Controllers/Home.php(70): CodeIgniter\Debug\Exceptions->errorHandler(2, 'Undefined prope...', '/opt/lampp/htdo...', 70)
#1 /opt/lampp/htdocs/mitrasinerji/system/CodeIgniter.php(802): App\Controllers\Home->list_pengguna('93b6f8518784799...')
#2 /opt/lampp/htdocs/mitrasinerji/system/CodeIgniter.php(399): CodeIgniter\CodeIgniter->runController(Object(App\Controllers\Home))
#3 /opt/lampp/htdocs/mitrasinerji/system/CodeIgniter.php(317): CodeIgniter\CodeIgniter->handleRequest(NULL, Object(Config\Cache), false)
#4 /opt/lampp/htdocs/mitrasinerji/index.php(38): CodeIgniter\CodeIgniter->run()
#5 {main}
CRITICAL - 2022-06-16 10:11:49 --> Undefined variable $tambah
#0 /opt/lampp/htdocs/mitrasinerji/app/Views/section/index_profile.php(137): CodeIgniter\Debug\Exceptions->errorHandler(2, 'Undefined varia...', '/opt/lampp/htdo...', 137)
#1 /opt/lampp/htdocs/mitrasinerji/system/View/View.php(214): include('/opt/lampp/htdo...')
#2 /opt/lampp/htdocs/mitrasinerji/system/View/View.php(217): CodeIgniter\View\View->CodeIgniter\View\{closure}()
#3 /opt/lampp/htdocs/mitrasinerji/system/Common.php(1092): CodeIgniter\View\View->render('section/index_p...', Array, true)
#4 /opt/lampp/htdocs/mitrasinerji/app/Controllers/Home.php(40): view('section/index_p...', Array)
#5 /opt/lampp/htdocs/mitrasinerji/system/CodeIgniter.php(802): App\Controllers\Home->profile()
#6 /opt/lampp/htdocs/mitrasinerji/system/CodeIgniter.php(399): CodeIgniter\CodeIgniter->runController(Object(App\Controllers\Home))
#7 /opt/lampp/htdocs/mitrasinerji/system/CodeIgniter.php(317): CodeIgniter\CodeIgniter->handleRequest(NULL, Object(Config\Cache), false)
#8 /opt/lampp/htdocs/mitrasinerji/index.php(38): CodeIgniter\CodeIgniter->run()
#9 {main}
CRITICAL - 2022-06-16 11:20:54 --> Undefined variable $nama_barang
#0 /opt/lampp/htdocs/mitrasinerji/app/Controllers/Home.php(139): CodeIgniter\Debug\Exceptions->errorHandler(2, 'Undefined varia...', '/opt/lampp/htdo...', 139)
#1 /opt/lampp/htdocs/mitrasinerji/system/CodeIgniter.php(802): App\Controllers\Home->save_pengguna()
#2 /opt/lampp/htdocs/mitrasinerji/system/CodeIgniter.php(399): CodeIgniter\CodeIgniter->runController(Object(App\Controllers\Home))
#3 /opt/lampp/htdocs/mitrasinerji/system/CodeIgniter.php(317): CodeIgniter\CodeIgniter->handleRequest(NULL, Object(Config\Cache), false)
#4 /opt/lampp/htdocs/mitrasinerji/index.php(38): CodeIgniter\CodeIgniter->run()
#5 {main}
CRITICAL - 2022-06-16 11:20:55 --> The action you requested is not allowed.
#0 /opt/lampp/htdocs/mitrasinerji/system/Security/Security.php(222): CodeIgniter\Security\Exceptions\SecurityException::forDisallowedAction()
#1 /opt/lampp/htdocs/mitrasinerji/system/Filters/CSRF.php(53): CodeIgniter\Security\Security->verify(Object(CodeIgniter\HTTP\IncomingRequest))
#2 /opt/lampp/htdocs/mitrasinerji/system/Filters/Filters.php(169): CodeIgniter\Filters\CSRF->before(Object(CodeIgniter\HTTP\IncomingRequest), NULL)
#3 /opt/lampp/htdocs/mitrasinerji/system/CodeIgniter.php(374): CodeIgniter\Filters\Filters->run('/save/user', 'before')
#4 /opt/lampp/htdocs/mitrasinerji/system/CodeIgniter.php(317): CodeIgniter\CodeIgniter->handleRequest(NULL, Object(Config\Cache), false)
#5 /opt/lampp/htdocs/mitrasinerji/index.php(38): CodeIgniter\CodeIgniter->run()
#6 {main}
CRITICAL - 2022-06-16 11:21:13 --> Undefined variable $nama_barang
#0 /opt/lampp/htdocs/mitrasinerji/app/Controllers/Home.php(139): CodeIgniter\Debug\Exceptions->errorHandler(2, 'Undefined varia...', '/opt/lampp/htdo...', 139)
#1 /opt/lampp/htdocs/mitrasinerji/system/CodeIgniter.php(802): App\Controllers\Home->save_pengguna()
#2 /opt/lampp/htdocs/mitrasinerji/system/CodeIgniter.php(399): CodeIgniter\CodeIgniter->runController(Object(App\Controllers\Home))
#3 /opt/lampp/htdocs/mitrasinerji/system/CodeIgniter.php(317): CodeIgniter\CodeIgniter->handleRequest(NULL, Object(Config\Cache), false)
#4 /opt/lampp/htdocs/mitrasinerji/index.php(38): CodeIgniter\CodeIgniter->run()
#5 {main}
CRITICAL - 2022-06-16 11:21:17 --> The action you requested is not allowed.
#0 /opt/lampp/htdocs/mitrasinerji/system/Security/Security.php(222): CodeIgniter\Security\Exceptions\SecurityException::forDisallowedAction()
#1 /opt/lampp/htdocs/mitrasinerji/system/Filters/CSRF.php(53): CodeIgniter\Security\Security->verify(Object(CodeIgniter\HTTP\IncomingRequest))
#2 /opt/lampp/htdocs/mitrasinerji/system/Filters/Filters.php(169): CodeIgniter\Filters\CSRF->before(Object(CodeIgniter\HTTP\IncomingRequest), NULL)
#3 /opt/lampp/htdocs/mitrasinerji/system/CodeIgniter.php(374): CodeIgniter\Filters\Filters->run('/save/user', 'before')
#4 /opt/lampp/htdocs/mitrasinerji/system/CodeIgniter.php(317): CodeIgniter\CodeIgniter->handleRequest(NULL, Object(Config\Cache), false)
#5 /opt/lampp/htdocs/mitrasinerji/index.php(38): CodeIgniter\CodeIgniter->run()
#6 {main}
CRITICAL - 2022-06-16 11:21:46 --> Undefined variable $nama_barang
#0 /opt/lampp/htdocs/mitrasinerji/app/Controllers/Home.php(139): CodeIgniter\Debug\Exceptions->errorHandler(2, 'Undefined varia...', '/opt/lampp/htdo...', 139)
#1 /opt/lampp/htdocs/mitrasinerji/system/CodeIgniter.php(802): App\Controllers\Home->save_pengguna()
#2 /opt/lampp/htdocs/mitrasinerji/system/CodeIgniter.php(399): CodeIgniter\CodeIgniter->runController(Object(App\Controllers\Home))
#3 /opt/lampp/htdocs/mitrasinerji/system/CodeIgniter.php(317): CodeIgniter\CodeIgniter->handleRequest(NULL, Object(Config\Cache), false)
#4 /opt/lampp/htdocs/mitrasinerji/index.php(38): CodeIgniter\CodeIgniter->run()
#5 {main}
