CRITICAL - 2022-02-19 07:51:54 --> Object of class CodeIgniter\HTTP\RedirectResponse could not be converted to string
#0 /opt/lampp/htdocs/ci4-adminlte3/system/CodeIgniter.php(802): App\Controllers\Auth->login()
#1 /opt/lampp/htdocs/ci4-adminlte3/system/CodeIgniter.php(399): CodeIgniter\CodeIgniter->runController(Object(App\Controllers\Auth))
#2 /opt/lampp/htdocs/ci4-adminlte3/system/CodeIgniter.php(317): CodeIgniter\CodeIgniter->handleRequest(NULL, Object(Config\Cache), false)
#3 /opt/lampp/htdocs/ci4-adminlte3/index.php(38): CodeIgniter\CodeIgniter->run()
#4 {main}
ERROR - 2022-02-19 08:38:27 --> No database selected
CRITICAL - 2022-02-19 08:38:27 --> No database selected
#0 /opt/lampp/htdocs/ci4-adminlte3/system/Database/MySQLi/Connection.php(280): mysqli->query('SELECT *\nFROM `...')
#1 /opt/lampp/htdocs/ci4-adminlte3/system/Database/BaseConnection.php(663): CodeIgniter\Database\MySQLi\Connection->execute('SELECT *\nFROM `...')
#2 /opt/lampp/htdocs/ci4-adminlte3/system/Database/BaseConnection.php(591): CodeIgniter\Database\BaseConnection->simpleQuery('SELECT *\nFROM `...')
#3 /opt/lampp/htdocs/ci4-adminlte3/system/Database/BaseBuilder.php(1428): CodeIgniter\Database\BaseConnection->query('SELECT *\nFROM `...', Array, false)
#4 /opt/lampp/htdocs/ci4-adminlte3/system/Model.php(183): CodeIgniter\Database\BaseBuilder->get()
#5 /opt/lampp/htdocs/ci4-adminlte3/system/BaseModel.php(584): CodeIgniter\Model->doFindAll(0, 0)
#6 /opt/lampp/htdocs/ci4-adminlte3/app/Controllers/Auth.php(15): CodeIgniter\BaseModel->findAll()
#7 /opt/lampp/htdocs/ci4-adminlte3/system/CodeIgniter.php(802): App\Controllers\Auth->login()
#8 /opt/lampp/htdocs/ci4-adminlte3/system/CodeIgniter.php(399): CodeIgniter\CodeIgniter->runController(Object(App\Controllers\Auth))
#9 /opt/lampp/htdocs/ci4-adminlte3/system/CodeIgniter.php(317): CodeIgniter\CodeIgniter->handleRequest(NULL, Object(Config\Cache), false)
#10 /opt/lampp/htdocs/ci4-adminlte3/index.php(38): CodeIgniter\CodeIgniter->run()
#11 {main}
ERROR - 2022-02-19 08:39:13 --> No database selected
CRITICAL - 2022-02-19 08:39:13 --> No database selected
#0 /opt/lampp/htdocs/ci4-adminlte3/system/Database/MySQLi/Connection.php(280): mysqli->query('SELECT *\nFROM `...')
#1 /opt/lampp/htdocs/ci4-adminlte3/system/Database/BaseConnection.php(663): CodeIgniter\Database\MySQLi\Connection->execute('SELECT *\nFROM `...')
#2 /opt/lampp/htdocs/ci4-adminlte3/system/Database/BaseConnection.php(591): CodeIgniter\Database\BaseConnection->simpleQuery('SELECT *\nFROM `...')
#3 /opt/lampp/htdocs/ci4-adminlte3/system/Database/BaseBuilder.php(1428): CodeIgniter\Database\BaseConnection->query('SELECT *\nFROM `...', Array, false)
#4 /opt/lampp/htdocs/ci4-adminlte3/system/Model.php(183): CodeIgniter\Database\BaseBuilder->get()
#5 /opt/lampp/htdocs/ci4-adminlte3/system/BaseModel.php(584): CodeIgniter\Model->doFindAll(0, 0)
#6 /opt/lampp/htdocs/ci4-adminlte3/app/Controllers/Auth.php(15): CodeIgniter\BaseModel->findAll()
#7 /opt/lampp/htdocs/ci4-adminlte3/system/CodeIgniter.php(802): App\Controllers\Auth->login()
#8 /opt/lampp/htdocs/ci4-adminlte3/system/CodeIgniter.php(399): CodeIgniter\CodeIgniter->runController(Object(App\Controllers\Auth))
#9 /opt/lampp/htdocs/ci4-adminlte3/system/CodeIgniter.php(317): CodeIgniter\CodeIgniter->handleRequest(NULL, Object(Config\Cache), false)
#10 /opt/lampp/htdocs/ci4-adminlte3/index.php(38): CodeIgniter\CodeIgniter->run()
#11 {main}
ERROR - 2022-02-19 08:39:15 --> No database selected
CRITICAL - 2022-02-19 08:39:15 --> No database selected
#0 /opt/lampp/htdocs/ci4-adminlte3/system/Database/MySQLi/Connection.php(280): mysqli->query('SELECT *\nFROM `...')
#1 /opt/lampp/htdocs/ci4-adminlte3/system/Database/BaseConnection.php(663): CodeIgniter\Database\MySQLi\Connection->execute('SELECT *\nFROM `...')
#2 /opt/lampp/htdocs/ci4-adminlte3/system/Database/BaseConnection.php(591): CodeIgniter\Database\BaseConnection->simpleQuery('SELECT *\nFROM `...')
#3 /opt/lampp/htdocs/ci4-adminlte3/system/Database/BaseBuilder.php(1428): CodeIgniter\Database\BaseConnection->query('SELECT *\nFROM `...', Array, false)
#4 /opt/lampp/htdocs/ci4-adminlte3/system/Model.php(183): CodeIgniter\Database\BaseBuilder->get()
#5 /opt/lampp/htdocs/ci4-adminlte3/system/BaseModel.php(584): CodeIgniter\Model->doFindAll(0, 0)
#6 /opt/lampp/htdocs/ci4-adminlte3/app/Controllers/Auth.php(15): CodeIgniter\BaseModel->findAll()
#7 /opt/lampp/htdocs/ci4-adminlte3/system/CodeIgniter.php(802): App\Controllers\Auth->login()
#8 /opt/lampp/htdocs/ci4-adminlte3/system/CodeIgniter.php(399): CodeIgniter\CodeIgniter->runController(Object(App\Controllers\Auth))
#9 /opt/lampp/htdocs/ci4-adminlte3/system/CodeIgniter.php(317): CodeIgniter\CodeIgniter->handleRequest(NULL, Object(Config\Cache), false)
#10 /opt/lampp/htdocs/ci4-adminlte3/index.php(38): CodeIgniter\CodeIgniter->run()
#11 {main}
ERROR - 2022-02-19 08:39:15 --> No database selected
CRITICAL - 2022-02-19 08:39:15 --> No database selected
#0 /opt/lampp/htdocs/ci4-adminlte3/system/Database/MySQLi/Connection.php(280): mysqli->query('SELECT *\nFROM `...')
#1 /opt/lampp/htdocs/ci4-adminlte3/system/Database/BaseConnection.php(663): CodeIgniter\Database\MySQLi\Connection->execute('SELECT *\nFROM `...')
#2 /opt/lampp/htdocs/ci4-adminlte3/system/Database/BaseConnection.php(591): CodeIgniter\Database\BaseConnection->simpleQuery('SELECT *\nFROM `...')
#3 /opt/lampp/htdocs/ci4-adminlte3/system/Database/BaseBuilder.php(1428): CodeIgniter\Database\BaseConnection->query('SELECT *\nFROM `...', Array, false)
#4 /opt/lampp/htdocs/ci4-adminlte3/system/Model.php(183): CodeIgniter\Database\BaseBuilder->get()
#5 /opt/lampp/htdocs/ci4-adminlte3/system/BaseModel.php(584): CodeIgniter\Model->doFindAll(0, 0)
#6 /opt/lampp/htdocs/ci4-adminlte3/app/Controllers/Auth.php(15): CodeIgniter\BaseModel->findAll()
#7 /opt/lampp/htdocs/ci4-adminlte3/system/CodeIgniter.php(802): App\Controllers\Auth->login()
#8 /opt/lampp/htdocs/ci4-adminlte3/system/CodeIgniter.php(399): CodeIgniter\CodeIgniter->runController(Object(App\Controllers\Auth))
#9 /opt/lampp/htdocs/ci4-adminlte3/system/CodeIgniter.php(317): CodeIgniter\CodeIgniter->handleRequest(NULL, Object(Config\Cache), false)
#10 /opt/lampp/htdocs/ci4-adminlte3/index.php(38): CodeIgniter\CodeIgniter->run()
#11 {main}
ERROR - 2022-02-19 08:39:16 --> No database selected
CRITICAL - 2022-02-19 08:39:16 --> No database selected
#0 /opt/lampp/htdocs/ci4-adminlte3/system/Database/MySQLi/Connection.php(280): mysqli->query('SELECT *\nFROM `...')
#1 /opt/lampp/htdocs/ci4-adminlte3/system/Database/BaseConnection.php(663): CodeIgniter\Database\MySQLi\Connection->execute('SELECT *\nFROM `...')
#2 /opt/lampp/htdocs/ci4-adminlte3/system/Database/BaseConnection.php(591): CodeIgniter\Database\BaseConnection->simpleQuery('SELECT *\nFROM `...')
#3 /opt/lampp/htdocs/ci4-adminlte3/system/Database/BaseBuilder.php(1428): CodeIgniter\Database\BaseConnection->query('SELECT *\nFROM `...', Array, false)
#4 /opt/lampp/htdocs/ci4-adminlte3/system/Model.php(183): CodeIgniter\Database\BaseBuilder->get()
#5 /opt/lampp/htdocs/ci4-adminlte3/system/BaseModel.php(584): CodeIgniter\Model->doFindAll(0, 0)
#6 /opt/lampp/htdocs/ci4-adminlte3/app/Controllers/Auth.php(15): CodeIgniter\BaseModel->findAll()
#7 /opt/lampp/htdocs/ci4-adminlte3/system/CodeIgniter.php(802): App\Controllers\Auth->login()
#8 /opt/lampp/htdocs/ci4-adminlte3/system/CodeIgniter.php(399): CodeIgniter\CodeIgniter->runController(Object(App\Controllers\Auth))
#9 /opt/lampp/htdocs/ci4-adminlte3/system/CodeIgniter.php(317): CodeIgniter\CodeIgniter->handleRequest(NULL, Object(Config\Cache), false)
#10 /opt/lampp/htdocs/ci4-adminlte3/index.php(38): CodeIgniter\CodeIgniter->run()
#11 {main}
ERROR - 2022-02-19 08:39:17 --> No database selected
CRITICAL - 2022-02-19 08:39:17 --> No database selected
#0 /opt/lampp/htdocs/ci4-adminlte3/system/Database/MySQLi/Connection.php(280): mysqli->query('SELECT *\nFROM `...')
#1 /opt/lampp/htdocs/ci4-adminlte3/system/Database/BaseConnection.php(663): CodeIgniter\Database\MySQLi\Connection->execute('SELECT *\nFROM `...')
#2 /opt/lampp/htdocs/ci4-adminlte3/system/Database/BaseConnection.php(591): CodeIgniter\Database\BaseConnection->simpleQuery('SELECT *\nFROM `...')
#3 /opt/lampp/htdocs/ci4-adminlte3/system/Database/BaseBuilder.php(1428): CodeIgniter\Database\BaseConnection->query('SELECT *\nFROM `...', Array, false)
#4 /opt/lampp/htdocs/ci4-adminlte3/system/Model.php(183): CodeIgniter\Database\BaseBuilder->get()
#5 /opt/lampp/htdocs/ci4-adminlte3/system/BaseModel.php(584): CodeIgniter\Model->doFindAll(0, 0)
#6 /opt/lampp/htdocs/ci4-adminlte3/app/Controllers/Auth.php(15): CodeIgniter\BaseModel->findAll()
#7 /opt/lampp/htdocs/ci4-adminlte3/system/CodeIgniter.php(802): App\Controllers\Auth->login()
#8 /opt/lampp/htdocs/ci4-adminlte3/system/CodeIgniter.php(399): CodeIgniter\CodeIgniter->runController(Object(App\Controllers\Auth))
#9 /opt/lampp/htdocs/ci4-adminlte3/system/CodeIgniter.php(317): CodeIgniter\CodeIgniter->handleRequest(NULL, Object(Config\Cache), false)
#10 /opt/lampp/htdocs/ci4-adminlte3/index.php(38): CodeIgniter\CodeIgniter->run()
#11 {main}
ERROR - 2022-02-19 08:41:22 --> No database selected
CRITICAL - 2022-02-19 08:41:22 --> No database selected
#0 /opt/lampp/htdocs/ci4-adminlte3/system/Database/MySQLi/Connection.php(280): mysqli->query('SELECT *\nFROM `...')
#1 /opt/lampp/htdocs/ci4-adminlte3/system/Database/BaseConnection.php(663): CodeIgniter\Database\MySQLi\Connection->execute('SELECT *\nFROM `...')
#2 /opt/lampp/htdocs/ci4-adminlte3/system/Database/BaseConnection.php(591): CodeIgniter\Database\BaseConnection->simpleQuery('SELECT *\nFROM `...')
#3 /opt/lampp/htdocs/ci4-adminlte3/system/Database/BaseBuilder.php(1428): CodeIgniter\Database\BaseConnection->query('SELECT *\nFROM `...', Array, false)
#4 /opt/lampp/htdocs/ci4-adminlte3/system/Model.php(183): CodeIgniter\Database\BaseBuilder->get()
#5 /opt/lampp/htdocs/ci4-adminlte3/system/BaseModel.php(584): CodeIgniter\Model->doFindAll(0, 0)
#6 /opt/lampp/htdocs/ci4-adminlte3/app/Controllers/Auth.php(15): CodeIgniter\BaseModel->findAll()
#7 /opt/lampp/htdocs/ci4-adminlte3/system/CodeIgniter.php(802): App\Controllers\Auth->login()
#8 /opt/lampp/htdocs/ci4-adminlte3/system/CodeIgniter.php(399): CodeIgniter\CodeIgniter->runController(Object(App\Controllers\Auth))
#9 /opt/lampp/htdocs/ci4-adminlte3/system/CodeIgniter.php(317): CodeIgniter\CodeIgniter->handleRequest(NULL, Object(Config\Cache), false)
#10 /opt/lampp/htdocs/ci4-adminlte3/index.php(38): CodeIgniter\CodeIgniter->run()
#11 {main}
CRITICAL - 2022-02-19 09:17:38 --> Cannot call constructor
#0 /opt/lampp/htdocs/ci4-adminlte3/system/CodeIgniter.php(779): App\Controllers\Auth->__construct()
#1 /opt/lampp/htdocs/ci4-adminlte3/system/CodeIgniter.php(390): CodeIgniter\CodeIgniter->createController()
#2 /opt/lampp/htdocs/ci4-adminlte3/system/CodeIgniter.php(317): CodeIgniter\CodeIgniter->handleRequest(NULL, Object(Config\Cache), false)
#3 /opt/lampp/htdocs/ci4-adminlte3/index.php(38): CodeIgniter\CodeIgniter->run()
#4 {main}
CRITICAL - 2022-02-19 09:18:33 --> Undefined property: App\Controllers\Auth::$model
#0 /opt/lampp/htdocs/ci4-adminlte3/app/Controllers/Auth.php(29): CodeIgniter\Debug\Exceptions->errorHandler(8, 'Undefined prope...', '/opt/lampp/htdo...', 29, Array)
#1 /opt/lampp/htdocs/ci4-adminlte3/app/Controllers/Auth.php(20): App\Controllers\Auth->_logged_in()
#2 /opt/lampp/htdocs/ci4-adminlte3/system/CodeIgniter.php(802): App\Controllers\Auth->login()
#3 /opt/lampp/htdocs/ci4-adminlte3/system/CodeIgniter.php(399): CodeIgniter\CodeIgniter->runController(Object(App\Controllers\Auth))
#4 /opt/lampp/htdocs/ci4-adminlte3/system/CodeIgniter.php(317): CodeIgniter\CodeIgniter->handleRequest(NULL, Object(Config\Cache), false)
#5 /opt/lampp/htdocs/ci4-adminlte3/index.php(38): CodeIgniter\CodeIgniter->run()
#6 {main}
CRITICAL - 2022-02-19 09:18:39 --> Undefined property: App\Controllers\Auth::$model
#0 /opt/lampp/htdocs/ci4-adminlte3/app/Controllers/Auth.php(29): CodeIgniter\Debug\Exceptions->errorHandler(8, 'Undefined prope...', '/opt/lampp/htdo...', 29, Array)
#1 /opt/lampp/htdocs/ci4-adminlte3/app/Controllers/Auth.php(20): App\Controllers\Auth->_logged_in()
#2 /opt/lampp/htdocs/ci4-adminlte3/system/CodeIgniter.php(802): App\Controllers\Auth->login()
#3 /opt/lampp/htdocs/ci4-adminlte3/system/CodeIgniter.php(399): CodeIgniter\CodeIgniter->runController(Object(App\Controllers\Auth))
#4 /opt/lampp/htdocs/ci4-adminlte3/system/CodeIgniter.php(317): CodeIgniter\CodeIgniter->handleRequest(NULL, Object(Config\Cache), false)
#5 /opt/lampp/htdocs/ci4-adminlte3/index.php(38): CodeIgniter\CodeIgniter->run()
#6 {main}
CRITICAL - 2022-02-19 09:18:48 --> Undefined property: App\Controllers\Auth::$model
#0 /opt/lampp/htdocs/ci4-adminlte3/app/Controllers/Auth.php(29): CodeIgniter\Debug\Exceptions->errorHandler(8, 'Undefined prope...', '/opt/lampp/htdo...', 29, Array)
#1 /opt/lampp/htdocs/ci4-adminlte3/app/Controllers/Auth.php(20): App\Controllers\Auth->_logged_in()
#2 /opt/lampp/htdocs/ci4-adminlte3/system/CodeIgniter.php(802): App\Controllers\Auth->login()
#3 /opt/lampp/htdocs/ci4-adminlte3/system/CodeIgniter.php(399): CodeIgniter\CodeIgniter->runController(Object(App\Controllers\Auth))
#4 /opt/lampp/htdocs/ci4-adminlte3/system/CodeIgniter.php(317): CodeIgniter\CodeIgniter->handleRequest(NULL, Object(Config\Cache), false)
#5 /opt/lampp/htdocs/ci4-adminlte3/index.php(38): CodeIgniter\CodeIgniter->run()
#6 {main}
CRITICAL - 2022-02-19 22:21:00 --> Undefined variable: builder
#0 /opt/lampp/htdocs/ci4-adminlte3/app/Controllers/Auth.php(32): CodeIgniter\Debug\Exceptions->errorHandler(8, 'Undefined varia...', '/opt/lampp/htdo...', 32, Array)
#1 /opt/lampp/htdocs/ci4-adminlte3/app/Controllers/Auth.php(22): App\Controllers\Auth->_logged_in()
#2 /opt/lampp/htdocs/ci4-adminlte3/system/CodeIgniter.php(802): App\Controllers\Auth->login()
#3 /opt/lampp/htdocs/ci4-adminlte3/system/CodeIgniter.php(399): CodeIgniter\CodeIgniter->runController(Object(App\Controllers\Auth))
#4 /opt/lampp/htdocs/ci4-adminlte3/system/CodeIgniter.php(317): CodeIgniter\CodeIgniter->handleRequest(NULL, Object(Config\Cache), false)
#5 /opt/lampp/htdocs/ci4-adminlte3/index.php(38): CodeIgniter\CodeIgniter->run()
#6 {main}
CRITICAL - 2022-02-19 22:21:05 --> Undefined variable: builder
#0 /opt/lampp/htdocs/ci4-adminlte3/app/Controllers/Auth.php(32): CodeIgniter\Debug\Exceptions->errorHandler(8, 'Undefined varia...', '/opt/lampp/htdo...', 32, Array)
#1 /opt/lampp/htdocs/ci4-adminlte3/app/Controllers/Auth.php(22): App\Controllers\Auth->_logged_in()
#2 /opt/lampp/htdocs/ci4-adminlte3/system/CodeIgniter.php(802): App\Controllers\Auth->login()
#3 /opt/lampp/htdocs/ci4-adminlte3/system/CodeIgniter.php(399): CodeIgniter\CodeIgniter->runController(Object(App\Controllers\Auth))
#4 /opt/lampp/htdocs/ci4-adminlte3/system/CodeIgniter.php(317): CodeIgniter\CodeIgniter->handleRequest(NULL, Object(Config\Cache), false)
#5 /opt/lampp/htdocs/ci4-adminlte3/index.php(38): CodeIgniter\CodeIgniter->run()
#6 {main}
CRITICAL - 2022-02-19 09:25:02 --> syntax error, unexpected ';', expecting ')'
#0 /opt/lampp/htdocs/ci4-adminlte3/system/Autoloader/Autoloader.php(241): CodeIgniter\Autoloader\Autoloader->includeFile('/opt/lampp/htdo...')
#1 /opt/lampp/htdocs/ci4-adminlte3/system/Autoloader/Autoloader.php(219): CodeIgniter\Autoloader\Autoloader->loadInNamespace('App\\Controllers...')
#2 [internal function]: CodeIgniter\Autoloader\Autoloader->loadClass('App\\Controllers...')
#3 [internal function]: spl_autoload_call('App\\Controllers...')
#4 /opt/lampp/htdocs/ci4-adminlte3/system/CodeIgniter.php(767): class_exists('\\App\\Controller...', true)
#5 /opt/lampp/htdocs/ci4-adminlte3/system/CodeIgniter.php(386): CodeIgniter\CodeIgniter->startController()
#6 /opt/lampp/htdocs/ci4-adminlte3/system/CodeIgniter.php(317): CodeIgniter\CodeIgniter->handleRequest(NULL, Object(Config\Cache), false)
#7 /opt/lampp/htdocs/ci4-adminlte3/index.php(38): CodeIgniter\CodeIgniter->run()
#8 {main}
CRITICAL - 2022-02-19 09:25:07 --> syntax error, unexpected ';', expecting ')'
#0 /opt/lampp/htdocs/ci4-adminlte3/system/Autoloader/Autoloader.php(241): CodeIgniter\Autoloader\Autoloader->includeFile('/opt/lampp/htdo...')
#1 /opt/lampp/htdocs/ci4-adminlte3/system/Autoloader/Autoloader.php(219): CodeIgniter\Autoloader\Autoloader->loadInNamespace('App\\Controllers...')
#2 [internal function]: CodeIgniter\Autoloader\Autoloader->loadClass('App\\Controllers...')
#3 [internal function]: spl_autoload_call('App\\Controllers...')
#4 /opt/lampp/htdocs/ci4-adminlte3/system/CodeIgniter.php(767): class_exists('\\App\\Controller...', true)
#5 /opt/lampp/htdocs/ci4-adminlte3/system/CodeIgniter.php(386): CodeIgniter\CodeIgniter->startController()
#6 /opt/lampp/htdocs/ci4-adminlte3/system/CodeIgniter.php(317): CodeIgniter\CodeIgniter->handleRequest(NULL, Object(Config\Cache), false)
#7 /opt/lampp/htdocs/ci4-adminlte3/index.php(38): CodeIgniter\CodeIgniter->run()
#8 {main}
CRITICAL - 2022-02-19 22:25:34 --> Trying to access array offset on value of type null
#0 /opt/lampp/htdocs/ci4-adminlte3/app/Controllers/Auth.php(32): CodeIgniter\Debug\Exceptions->errorHandler(8, 'Trying to acces...', '/opt/lampp/htdo...', 32, Array)
#1 /opt/lampp/htdocs/ci4-adminlte3/app/Controllers/Auth.php(22): App\Controllers\Auth->_logged_in()
#2 /opt/lampp/htdocs/ci4-adminlte3/system/CodeIgniter.php(802): App\Controllers\Auth->login()
#3 /opt/lampp/htdocs/ci4-adminlte3/system/CodeIgniter.php(399): CodeIgniter\CodeIgniter->runController(Object(App\Controllers\Auth))
#4 /opt/lampp/htdocs/ci4-adminlte3/system/CodeIgniter.php(317): CodeIgniter\CodeIgniter->handleRequest(NULL, Object(Config\Cache), false)
#5 /opt/lampp/htdocs/ci4-adminlte3/index.php(38): CodeIgniter\CodeIgniter->run()
#6 {main}
CRITICAL - 2022-02-19 22:25:45 --> Trying to access array offset on value of type null
#0 /opt/lampp/htdocs/ci4-adminlte3/app/Controllers/Auth.php(32): CodeIgniter\Debug\Exceptions->errorHandler(8, 'Trying to acces...', '/opt/lampp/htdo...', 32, Array)
#1 /opt/lampp/htdocs/ci4-adminlte3/app/Controllers/Auth.php(22): App\Controllers\Auth->_logged_in()
#2 /opt/lampp/htdocs/ci4-adminlte3/system/CodeIgniter.php(802): App\Controllers\Auth->login()
#3 /opt/lampp/htdocs/ci4-adminlte3/system/CodeIgniter.php(399): CodeIgniter\CodeIgniter->runController(Object(App\Controllers\Auth))
#4 /opt/lampp/htdocs/ci4-adminlte3/system/CodeIgniter.php(317): CodeIgniter\CodeIgniter->handleRequest(NULL, Object(Config\Cache), false)
#5 /opt/lampp/htdocs/ci4-adminlte3/index.php(38): CodeIgniter\CodeIgniter->run()
#6 {main}
CRITICAL - 2022-02-19 22:26:16 --> Trying to access array offset on value of type null
#0 /opt/lampp/htdocs/ci4-adminlte3/app/Controllers/Auth.php(32): CodeIgniter\Debug\Exceptions->errorHandler(8, 'Trying to acces...', '/opt/lampp/htdo...', 32, Array)
#1 /opt/lampp/htdocs/ci4-adminlte3/app/Controllers/Auth.php(22): App\Controllers\Auth->_logged_in()
#2 /opt/lampp/htdocs/ci4-adminlte3/system/CodeIgniter.php(802): App\Controllers\Auth->login()
#3 /opt/lampp/htdocs/ci4-adminlte3/system/CodeIgniter.php(399): CodeIgniter\CodeIgniter->runController(Object(App\Controllers\Auth))
#4 /opt/lampp/htdocs/ci4-adminlte3/system/CodeIgniter.php(317): CodeIgniter\CodeIgniter->handleRequest(NULL, Object(Config\Cache), false)
#5 /opt/lampp/htdocs/ci4-adminlte3/index.php(38): CodeIgniter\CodeIgniter->run()
#6 {main}
CRITICAL - 2022-02-19 22:39:37 --> Call to undefined method CodeIgniter\HTTP\IncomingRequest::setRules()
#0 /opt/lampp/htdocs/ci4-adminlte3/app/Controllers/Auth.php(22): App\Controllers\Auth->_logged_in()
#1 /opt/lampp/htdocs/ci4-adminlte3/system/CodeIgniter.php(802): App\Controllers\Auth->login()
#2 /opt/lampp/htdocs/ci4-adminlte3/system/CodeIgniter.php(399): CodeIgniter\CodeIgniter->runController(Object(App\Controllers\Auth))
#3 /opt/lampp/htdocs/ci4-adminlte3/system/CodeIgniter.php(317): CodeIgniter\CodeIgniter->handleRequest(NULL, Object(Config\Cache), false)
#4 /opt/lampp/htdocs/ci4-adminlte3/index.php(38): CodeIgniter\CodeIgniter->run()
#5 {main}
CRITICAL - 2022-02-19 22:40:09 --> Call to undefined method CodeIgniter\HTTP\IncomingRequest::setRules()
#0 /opt/lampp/htdocs/ci4-adminlte3/app/Controllers/Auth.php(22): App\Controllers\Auth->_logged_in()
#1 /opt/lampp/htdocs/ci4-adminlte3/system/CodeIgniter.php(802): App\Controllers\Auth->login()
#2 /opt/lampp/htdocs/ci4-adminlte3/system/CodeIgniter.php(399): CodeIgniter\CodeIgniter->runController(Object(App\Controllers\Auth))
#3 /opt/lampp/htdocs/ci4-adminlte3/system/CodeIgniter.php(317): CodeIgniter\CodeIgniter->handleRequest(NULL, Object(Config\Cache), false)
#4 /opt/lampp/htdocs/ci4-adminlte3/index.php(38): CodeIgniter\CodeIgniter->run()
#5 {main}
CRITICAL - 2022-02-19 09:44:59 --> syntax error, unexpected ';', expecting ')'
#0 /opt/lampp/htdocs/ci4-adminlte3/system/Autoloader/Autoloader.php(241): CodeIgniter\Autoloader\Autoloader->includeFile('/opt/lampp/htdo...')
#1 /opt/lampp/htdocs/ci4-adminlte3/system/Autoloader/Autoloader.php(219): CodeIgniter\Autoloader\Autoloader->loadInNamespace('App\\Controllers...')
#2 [internal function]: CodeIgniter\Autoloader\Autoloader->loadClass('App\\Controllers...')
#3 [internal function]: spl_autoload_call('App\\Controllers...')
#4 /opt/lampp/htdocs/ci4-adminlte3/system/CodeIgniter.php(767): class_exists('\\App\\Controller...', true)
#5 /opt/lampp/htdocs/ci4-adminlte3/system/CodeIgniter.php(386): CodeIgniter\CodeIgniter->startController()
#6 /opt/lampp/htdocs/ci4-adminlte3/system/CodeIgniter.php(317): CodeIgniter\CodeIgniter->handleRequest(NULL, Object(Config\Cache), false)
#7 /opt/lampp/htdocs/ci4-adminlte3/index.php(38): CodeIgniter\CodeIgniter->run()
#8 {main}
CRITICAL - 2022-02-19 22:46:25 --> Too few arguments to function CodeIgniter\Validation\Validation::showError(), 0 passed in /opt/lampp/htdocs/ci4-adminlte3/app/Controllers/Auth.php on line 37 and at least 1 expected
#0 /opt/lampp/htdocs/ci4-adminlte3/app/Controllers/Auth.php(37): CodeIgniter\Validation\Validation->showError()
#1 /opt/lampp/htdocs/ci4-adminlte3/app/Controllers/Auth.php(22): App\Controllers\Auth->_logged_in()
#2 /opt/lampp/htdocs/ci4-adminlte3/system/CodeIgniter.php(802): App\Controllers\Auth->login()
#3 /opt/lampp/htdocs/ci4-adminlte3/system/CodeIgniter.php(399): CodeIgniter\CodeIgniter->runController(Object(App\Controllers\Auth))
#4 /opt/lampp/htdocs/ci4-adminlte3/system/CodeIgniter.php(317): CodeIgniter\CodeIgniter->handleRequest(NULL, Object(Config\Cache), false)
#5 /opt/lampp/htdocs/ci4-adminlte3/index.php(38): CodeIgniter\CodeIgniter->run()
#6 {main}
ERROR - 2022-02-19 22:49:35 --> Table 'apk_prototype.users' doesn't exist
CRITICAL - 2022-02-19 22:49:35 --> Table 'apk_prototype.users' doesn't exist
#0 /opt/lampp/htdocs/ci4-adminlte3/system/Database/MySQLi/Connection.php(280): mysqli->query('SELECT 1\nFROM `...')
#1 /opt/lampp/htdocs/ci4-adminlte3/system/Database/BaseConnection.php(663): CodeIgniter\Database\MySQLi\Connection->execute('SELECT 1\nFROM `...')
#2 /opt/lampp/htdocs/ci4-adminlte3/system/Database/BaseConnection.php(591): CodeIgniter\Database\BaseConnection->simpleQuery('SELECT 1\nFROM `...')
#3 /opt/lampp/htdocs/ci4-adminlte3/system/Database/BaseBuilder.php(1428): CodeIgniter\Database\BaseConnection->query('SELECT 1\nFROM `...', Array, false)
#4 /opt/lampp/htdocs/ci4-adminlte3/system/Validation/Rules.php(161): CodeIgniter\Database\BaseBuilder->get()
#5 /opt/lampp/htdocs/ci4-adminlte3/system/Validation/Validation.php(277): CodeIgniter\Validation\Rules->is_unique('guru@sips.com', 'username', Array, NULL)
#6 /opt/lampp/htdocs/ci4-adminlte3/system/Validation/Validation.php(151): CodeIgniter\Validation\Validation->processRules('username', 'Rules.username', 'guru@sips.com', Array, Array)
#7 /opt/lampp/htdocs/ci4-adminlte3/app/Controllers/Auth.php(50): CodeIgniter\Validation\Validation->run()
#8 /opt/lampp/htdocs/ci4-adminlte3/app/Controllers/Auth.php(22): App\Controllers\Auth->_logged_in()
#9 /opt/lampp/htdocs/ci4-adminlte3/system/CodeIgniter.php(802): App\Controllers\Auth->login()
#10 /opt/lampp/htdocs/ci4-adminlte3/system/CodeIgniter.php(399): CodeIgniter\CodeIgniter->runController(Object(App\Controllers\Auth))
#11 /opt/lampp/htdocs/ci4-adminlte3/system/CodeIgniter.php(317): CodeIgniter\CodeIgniter->handleRequest(NULL, Object(Config\Cache), false)
#12 /opt/lampp/htdocs/ci4-adminlte3/index.php(38): CodeIgniter\CodeIgniter->run()
#13 {main}
CRITICAL - 2022-02-19 22:25:33 --> Invalid argument supplied for foreach()
#0 /opt/lampp/htdocs/ci4-adminlte3/app/Views/layout/top-nav.php(38): CodeIgniter\Debug\Exceptions->errorHandler(2, 'Invalid argumen...', '/opt/lampp/htdo...', 38, Array)
#1 /opt/lampp/htdocs/ci4-adminlte3/system/View/View.php(214): include('/opt/lampp/htdo...')
#2 /opt/lampp/htdocs/ci4-adminlte3/system/View/View.php(217): CodeIgniter\View\View->CodeIgniter\View\{closure}()
#3 /opt/lampp/htdocs/ci4-adminlte3/system/View/View.php(230): CodeIgniter\View\View->render('layout/top-nav', Array, true)
#4 /opt/lampp/htdocs/ci4-adminlte3/system/Common.php(1092): CodeIgniter\View\View->render('section/index_h...', Array, true)
#5 /opt/lampp/htdocs/ci4-adminlte3/app/Controllers/Home.php(9): view('section/index_h...')
#6 /opt/lampp/htdocs/ci4-adminlte3/system/CodeIgniter.php(802): App\Controllers\Home->index()
#7 /opt/lampp/htdocs/ci4-adminlte3/system/CodeIgniter.php(399): CodeIgniter\CodeIgniter->runController(Object(App\Controllers\Home))
#8 /opt/lampp/htdocs/ci4-adminlte3/system/CodeIgniter.php(317): CodeIgniter\CodeIgniter->handleRequest(NULL, Object(Config\Cache), false)
#9 /opt/lampp/htdocs/ci4-adminlte3/index.php(38): CodeIgniter\CodeIgniter->run()
#10 {main}
CRITICAL - 2022-02-19 22:27:50 --> Undefined property: stdClass::$menu
#0 /opt/lampp/htdocs/ci4-adminlte3/app/Views/layout/top-nav.php(40): CodeIgniter\Debug\Exceptions->errorHandler(8, 'Undefined prope...', '/opt/lampp/htdo...', 40, Array)
#1 /opt/lampp/htdocs/ci4-adminlte3/system/View/View.php(214): include('/opt/lampp/htdo...')
#2 /opt/lampp/htdocs/ci4-adminlte3/system/View/View.php(217): CodeIgniter\View\View->CodeIgniter\View\{closure}()
#3 /opt/lampp/htdocs/ci4-adminlte3/system/View/View.php(230): CodeIgniter\View\View->render('layout/top-nav', Array, true)
#4 /opt/lampp/htdocs/ci4-adminlte3/system/Common.php(1092): CodeIgniter\View\View->render('section/index_h...', Array, true)
#5 /opt/lampp/htdocs/ci4-adminlte3/app/Controllers/Home.php(9): view('section/index_h...')
#6 /opt/lampp/htdocs/ci4-adminlte3/system/CodeIgniter.php(802): App\Controllers\Home->index()
#7 /opt/lampp/htdocs/ci4-adminlte3/system/CodeIgniter.php(399): CodeIgniter\CodeIgniter->runController(Object(App\Controllers\Home))
#8 /opt/lampp/htdocs/ci4-adminlte3/system/CodeIgniter.php(317): CodeIgniter\CodeIgniter->handleRequest(NULL, Object(Config\Cache), false)
#9 /opt/lampp/htdocs/ci4-adminlte3/index.php(38): CodeIgniter\CodeIgniter->run()
#10 {main}
CRITICAL - 2022-02-19 22:37:26 --> Too few arguments to function CodeIgniter\HTTP\URI::getSegment(), 0 passed in /opt/lampp/htdocs/ci4-adminlte3/app/Views/layout/top-nav.php on line 33 and at least 1 expected
#0 /opt/lampp/htdocs/ci4-adminlte3/app/Views/layout/top-nav.php(33): CodeIgniter\HTTP\URI->getSegment()
#1 /opt/lampp/htdocs/ci4-adminlte3/system/View/View.php(214): include('/opt/lampp/htdo...')
#2 /opt/lampp/htdocs/ci4-adminlte3/system/View/View.php(217): CodeIgniter\View\View->CodeIgniter\View\{closure}()
#3 /opt/lampp/htdocs/ci4-adminlte3/system/View/View.php(230): CodeIgniter\View\View->render('layout/top-nav', Array, true)
#4 /opt/lampp/htdocs/ci4-adminlte3/system/Common.php(1092): CodeIgniter\View\View->render('section/index_h...', Array, true)
#5 /opt/lampp/htdocs/ci4-adminlte3/app/Controllers/Home.php(9): view('section/index_h...')
#6 /opt/lampp/htdocs/ci4-adminlte3/system/CodeIgniter.php(802): App\Controllers\Home->index()
#7 /opt/lampp/htdocs/ci4-adminlte3/system/CodeIgniter.php(399): CodeIgniter\CodeIgniter->runController(Object(App\Controllers\Home))
#8 /opt/lampp/htdocs/ci4-adminlte3/system/CodeIgniter.php(317): CodeIgniter\CodeIgniter->handleRequest(NULL, Object(Config\Cache), false)
#9 /opt/lampp/htdocs/ci4-adminlte3/index.php(38): CodeIgniter\CodeIgniter->run()
#10 {main}
CRITICAL - 2022-02-19 22:41:15 --> Request URI segment is out of range: 1
#0 /opt/lampp/htdocs/ci4-adminlte3/system/HTTP/URI.php(529): CodeIgniter\HTTP\Exceptions\HTTPException::forURISegmentOutOfRange(1)
#1 /opt/lampp/htdocs/ci4-adminlte3/app/Views/layout/top-nav.php(41): CodeIgniter\HTTP\URI->getSegment(1)
#2 /opt/lampp/htdocs/ci4-adminlte3/system/View/View.php(214): include('/opt/lampp/htdo...')
#3 /opt/lampp/htdocs/ci4-adminlte3/system/View/View.php(217): CodeIgniter\View\View->CodeIgniter\View\{closure}()
#4 /opt/lampp/htdocs/ci4-adminlte3/system/View/View.php(230): CodeIgniter\View\View->render('layout/top-nav', Array, true)
#5 /opt/lampp/htdocs/ci4-adminlte3/system/Common.php(1092): CodeIgniter\View\View->render('section/index_h...', Array, true)
#6 /opt/lampp/htdocs/ci4-adminlte3/app/Controllers/Home.php(9): view('section/index_h...')
#7 /opt/lampp/htdocs/ci4-adminlte3/system/CodeIgniter.php(802): App\Controllers\Home->index()
#8 /opt/lampp/htdocs/ci4-adminlte3/system/CodeIgniter.php(399): CodeIgniter\CodeIgniter->runController(Object(App\Controllers\Home))
#9 /opt/lampp/htdocs/ci4-adminlte3/system/CodeIgniter.php(317): CodeIgniter\CodeIgniter->handleRequest(NULL, Object(Config\Cache), false)
#10 /opt/lampp/htdocs/ci4-adminlte3/index.php(38): CodeIgniter\CodeIgniter->run()
#11 {main}
CRITICAL - 2022-02-19 22:43:02 --> Request URI segment is out of range: 1
#0 /opt/lampp/htdocs/ci4-adminlte3/system/HTTP/URI.php(529): CodeIgniter\HTTP\Exceptions\HTTPException::forURISegmentOutOfRange(1)
#1 /opt/lampp/htdocs/ci4-adminlte3/app/Views/layout/top-nav.php(41): CodeIgniter\HTTP\URI->getSegment(1)
#2 /opt/lampp/htdocs/ci4-adminlte3/system/View/View.php(214): include('/opt/lampp/htdo...')
#3 /opt/lampp/htdocs/ci4-adminlte3/system/View/View.php(217): CodeIgniter\View\View->CodeIgniter\View\{closure}()
#4 /opt/lampp/htdocs/ci4-adminlte3/system/View/View.php(230): CodeIgniter\View\View->render('layout/top-nav', Array, true)
#5 /opt/lampp/htdocs/ci4-adminlte3/system/Common.php(1092): CodeIgniter\View\View->render('section/index_h...', Array, true)
#6 /opt/lampp/htdocs/ci4-adminlte3/app/Controllers/Home.php(9): view('section/index_h...')
#7 /opt/lampp/htdocs/ci4-adminlte3/system/CodeIgniter.php(802): App\Controllers\Home->index()
#8 /opt/lampp/htdocs/ci4-adminlte3/system/CodeIgniter.php(399): CodeIgniter\CodeIgniter->runController(Object(App\Controllers\Home))
#9 /opt/lampp/htdocs/ci4-adminlte3/system/CodeIgniter.php(317): CodeIgniter\CodeIgniter->handleRequest(NULL, Object(Config\Cache), false)
#10 /opt/lampp/htdocs/ci4-adminlte3/index.php(38): CodeIgniter\CodeIgniter->run()
#11 {main}
CRITICAL - 2022-02-19 22:54:34 --> Array to string conversion
#0 /opt/lampp/htdocs/ci4-adminlte3/app/Views/layout/top-nav.php(42): CodeIgniter\Debug\Exceptions->errorHandler(8, 'Array to string...', '/opt/lampp/htdo...', 42, Array)
#1 /opt/lampp/htdocs/ci4-adminlte3/system/View/View.php(214): include('/opt/lampp/htdo...')
#2 /opt/lampp/htdocs/ci4-adminlte3/system/View/View.php(217): CodeIgniter\View\View->CodeIgniter\View\{closure}()
#3 /opt/lampp/htdocs/ci4-adminlte3/system/View/View.php(230): CodeIgniter\View\View->render('layout/top-nav', Array, true)
#4 /opt/lampp/htdocs/ci4-adminlte3/system/Common.php(1092): CodeIgniter\View\View->render('section/index_h...', Array, true)
#5 /opt/lampp/htdocs/ci4-adminlte3/app/Controllers/Home.php(9): view('section/index_h...')
#6 /opt/lampp/htdocs/ci4-adminlte3/system/CodeIgniter.php(802): App\Controllers\Home->index()
#7 /opt/lampp/htdocs/ci4-adminlte3/system/CodeIgniter.php(399): CodeIgniter\CodeIgniter->runController(Object(App\Controllers\Home))
#8 /opt/lampp/htdocs/ci4-adminlte3/system/CodeIgniter.php(317): CodeIgniter\CodeIgniter->handleRequest(NULL, Object(Config\Cache), false)
#9 /opt/lampp/htdocs/ci4-adminlte3/index.php(38): CodeIgniter\CodeIgniter->run()
#10 {main}
CRITICAL - 2022-02-19 22:56:12 --> Array to string conversion
#0 /opt/lampp/htdocs/ci4-adminlte3/app/Views/layout/top-nav.php(44): CodeIgniter\Debug\Exceptions->errorHandler(8, 'Array to string...', '/opt/lampp/htdo...', 44, Array)
#1 /opt/lampp/htdocs/ci4-adminlte3/system/View/View.php(214): include('/opt/lampp/htdo...')
#2 /opt/lampp/htdocs/ci4-adminlte3/system/View/View.php(217): CodeIgniter\View\View->CodeIgniter\View\{closure}()
#3 /opt/lampp/htdocs/ci4-adminlte3/system/View/View.php(230): CodeIgniter\View\View->render('layout/top-nav', Array, true)
#4 /opt/lampp/htdocs/ci4-adminlte3/system/Common.php(1092): CodeIgniter\View\View->render('section/index_h...', Array, true)
#5 /opt/lampp/htdocs/ci4-adminlte3/app/Controllers/Home.php(9): view('section/index_h...')
#6 /opt/lampp/htdocs/ci4-adminlte3/system/CodeIgniter.php(802): App\Controllers\Home->index()
#7 /opt/lampp/htdocs/ci4-adminlte3/system/CodeIgniter.php(399): CodeIgniter\CodeIgniter->runController(Object(App\Controllers\Home))
#8 /opt/lampp/htdocs/ci4-adminlte3/system/CodeIgniter.php(317): CodeIgniter\CodeIgniter->handleRequest(NULL, Object(Config\Cache), false)
#9 /opt/lampp/htdocs/ci4-adminlte3/index.php(38): CodeIgniter\CodeIgniter->run()
#10 {main}
CRITICAL - 2022-02-19 22:57:32 --> syntax error, unexpected '?>'
#0 /opt/lampp/htdocs/ci4-adminlte3/system/View/View.php(217): CodeIgniter\View\View->CodeIgniter\View\{closure}()
#1 /opt/lampp/htdocs/ci4-adminlte3/system/View/View.php(230): CodeIgniter\View\View->render('layout/top-nav', Array, true)
#2 /opt/lampp/htdocs/ci4-adminlte3/system/Common.php(1092): CodeIgniter\View\View->render('section/index_h...', Array, true)
#3 /opt/lampp/htdocs/ci4-adminlte3/app/Controllers/Home.php(9): view('section/index_h...')
#4 /opt/lampp/htdocs/ci4-adminlte3/system/CodeIgniter.php(802): App\Controllers\Home->index()
#5 /opt/lampp/htdocs/ci4-adminlte3/system/CodeIgniter.php(399): CodeIgniter\CodeIgniter->runController(Object(App\Controllers\Home))
#6 /opt/lampp/htdocs/ci4-adminlte3/system/CodeIgniter.php(317): CodeIgniter\CodeIgniter->handleRequest(NULL, Object(Config\Cache), false)
#7 /opt/lampp/htdocs/ci4-adminlte3/index.php(38): CodeIgniter\CodeIgniter->run()
#8 {main}
CRITICAL - 2022-02-19 22:58:36 --> Argument 1 passed to _get_uri() must be of the type string, null given, called in /opt/lampp/htdocs/ci4-adminlte3/system/Helpers/url_helper.php on line 87
#0 /opt/lampp/htdocs/ci4-adminlte3/system/Helpers/url_helper.php(87): _get_uri(NULL, Object(Config\App))
#1 /opt/lampp/htdocs/ci4-adminlte3/system/Helpers/url_helper.php(106): site_url(NULL, NULL, Object(Config\App))
#2 /opt/lampp/htdocs/ci4-adminlte3/app/Views/layout/top-nav.php(40): base_url(NULL)
#3 /opt/lampp/htdocs/ci4-adminlte3/system/View/View.php(214): include('/opt/lampp/htdo...')
#4 /opt/lampp/htdocs/ci4-adminlte3/system/View/View.php(217): CodeIgniter\View\View->CodeIgniter\View\{closure}()
#5 /opt/lampp/htdocs/ci4-adminlte3/system/View/View.php(230): CodeIgniter\View\View->render('layout/top-nav', Array, true)
#6 /opt/lampp/htdocs/ci4-adminlte3/system/Common.php(1092): CodeIgniter\View\View->render('section/index_h...', Array, true)
#7 /opt/lampp/htdocs/ci4-adminlte3/app/Controllers/Home.php(9): view('section/index_h...')
#8 /opt/lampp/htdocs/ci4-adminlte3/system/CodeIgniter.php(802): App\Controllers\Home->index()
#9 /opt/lampp/htdocs/ci4-adminlte3/system/CodeIgniter.php(399): CodeIgniter\CodeIgniter->runController(Object(App\Controllers\Home))
#10 /opt/lampp/htdocs/ci4-adminlte3/system/CodeIgniter.php(317): CodeIgniter\CodeIgniter->handleRequest(NULL, Object(Config\Cache), false)
#11 /opt/lampp/htdocs/ci4-adminlte3/index.php(38): CodeIgniter\CodeIgniter->run()
#12 {main}
CRITICAL - 2022-02-19 22:59:03 --> Argument 1 passed to _get_uri() must be of the type string, null given, called in /opt/lampp/htdocs/ci4-adminlte3/system/Helpers/url_helper.php on line 87
#0 /opt/lampp/htdocs/ci4-adminlte3/system/Helpers/url_helper.php(87): _get_uri(NULL, Object(Config\App))
#1 /opt/lampp/htdocs/ci4-adminlte3/system/Helpers/url_helper.php(106): site_url(NULL, NULL, Object(Config\App))
#2 /opt/lampp/htdocs/ci4-adminlte3/app/Views/layout/top-nav.php(40): base_url(NULL)
#3 /opt/lampp/htdocs/ci4-adminlte3/system/View/View.php(214): include('/opt/lampp/htdo...')
#4 /opt/lampp/htdocs/ci4-adminlte3/system/View/View.php(217): CodeIgniter\View\View->CodeIgniter\View\{closure}()
#5 /opt/lampp/htdocs/ci4-adminlte3/system/View/View.php(230): CodeIgniter\View\View->render('layout/top-nav', Array, true)
#6 /opt/lampp/htdocs/ci4-adminlte3/system/Common.php(1092): CodeIgniter\View\View->render('section/index_h...', Array, true)
#7 /opt/lampp/htdocs/ci4-adminlte3/app/Controllers/Home.php(9): view('section/index_h...')
#8 /opt/lampp/htdocs/ci4-adminlte3/system/CodeIgniter.php(802): App\Controllers\Home->index()
#9 /opt/lampp/htdocs/ci4-adminlte3/system/CodeIgniter.php(399): CodeIgniter\CodeIgniter->runController(Object(App\Controllers\Home))
#10 /opt/lampp/htdocs/ci4-adminlte3/system/CodeIgniter.php(317): CodeIgniter\CodeIgniter->handleRequest(NULL, Object(Config\Cache), false)
#11 /opt/lampp/htdocs/ci4-adminlte3/index.php(38): CodeIgniter\CodeIgniter->run()
#12 {main}
CRITICAL - 2022-02-19 22:59:42 --> Argument 1 passed to _get_uri() must be of the type string, null given, called in /opt/lampp/htdocs/ci4-adminlte3/system/Helpers/url_helper.php on line 87
#0 /opt/lampp/htdocs/ci4-adminlte3/system/Helpers/url_helper.php(87): _get_uri(NULL, Object(Config\App))
#1 /opt/lampp/htdocs/ci4-adminlte3/system/Helpers/url_helper.php(106): site_url(NULL, NULL, Object(Config\App))
#2 /opt/lampp/htdocs/ci4-adminlte3/app/Views/layout/top-nav.php(40): base_url(NULL)
#3 /opt/lampp/htdocs/ci4-adminlte3/system/View/View.php(214): include('/opt/lampp/htdo...')
#4 /opt/lampp/htdocs/ci4-adminlte3/system/View/View.php(217): CodeIgniter\View\View->CodeIgniter\View\{closure}()
#5 /opt/lampp/htdocs/ci4-adminlte3/system/View/View.php(230): CodeIgniter\View\View->render('layout/top-nav', Array, true)
#6 /opt/lampp/htdocs/ci4-adminlte3/system/Common.php(1092): CodeIgniter\View\View->render('section/index_h...', Array, true)
#7 /opt/lampp/htdocs/ci4-adminlte3/app/Controllers/Home.php(9): view('section/index_h...')
#8 /opt/lampp/htdocs/ci4-adminlte3/system/CodeIgniter.php(802): App\Controllers\Home->index()
#9 /opt/lampp/htdocs/ci4-adminlte3/system/CodeIgniter.php(399): CodeIgniter\CodeIgniter->runController(Object(App\Controllers\Home))
#10 /opt/lampp/htdocs/ci4-adminlte3/system/CodeIgniter.php(317): CodeIgniter\CodeIgniter->handleRequest(NULL, Object(Config\Cache), false)
#11 /opt/lampp/htdocs/ci4-adminlte3/index.php(38): CodeIgniter\CodeIgniter->run()
#12 {main}
CRITICAL - 2022-02-19 22:59:53 --> Argument 1 passed to _get_uri() must be of the type string, null given, called in /opt/lampp/htdocs/ci4-adminlte3/system/Helpers/url_helper.php on line 87
#0 /opt/lampp/htdocs/ci4-adminlte3/system/Helpers/url_helper.php(87): _get_uri(NULL, Object(Config\App))
#1 /opt/lampp/htdocs/ci4-adminlte3/system/Helpers/url_helper.php(106): site_url(NULL, NULL, Object(Config\App))
#2 /opt/lampp/htdocs/ci4-adminlte3/app/Views/layout/top-nav.php(40): base_url(NULL)
#3 /opt/lampp/htdocs/ci4-adminlte3/system/View/View.php(214): include('/opt/lampp/htdo...')
#4 /opt/lampp/htdocs/ci4-adminlte3/system/View/View.php(217): CodeIgniter\View\View->CodeIgniter\View\{closure}()
#5 /opt/lampp/htdocs/ci4-adminlte3/system/View/View.php(230): CodeIgniter\View\View->render('layout/top-nav', Array, true)
#6 /opt/lampp/htdocs/ci4-adminlte3/system/Common.php(1092): CodeIgniter\View\View->render('section/index_h...', Array, true)
#7 /opt/lampp/htdocs/ci4-adminlte3/app/Controllers/Home.php(9): view('section/index_h...')
#8 /opt/lampp/htdocs/ci4-adminlte3/system/CodeIgniter.php(802): App\Controllers\Home->index()
#9 /opt/lampp/htdocs/ci4-adminlte3/system/CodeIgniter.php(399): CodeIgniter\CodeIgniter->runController(Object(App\Controllers\Home))
#10 /opt/lampp/htdocs/ci4-adminlte3/system/CodeIgniter.php(317): CodeIgniter\CodeIgniter->handleRequest(NULL, Object(Config\Cache), false)
#11 /opt/lampp/htdocs/ci4-adminlte3/index.php(38): CodeIgniter\CodeIgniter->run()
#12 {main}
CRITICAL - 2022-02-19 23:00:09 --> Argument 1 passed to _get_uri() must be of the type string, null given, called in /opt/lampp/htdocs/ci4-adminlte3/system/Helpers/url_helper.php on line 87
#0 /opt/lampp/htdocs/ci4-adminlte3/system/Helpers/url_helper.php(87): _get_uri(NULL, Object(Config\App))
#1 /opt/lampp/htdocs/ci4-adminlte3/system/Helpers/url_helper.php(106): site_url(NULL, NULL, Object(Config\App))
#2 /opt/lampp/htdocs/ci4-adminlte3/app/Views/layout/top-nav.php(40): base_url(NULL)
#3 /opt/lampp/htdocs/ci4-adminlte3/system/View/View.php(214): include('/opt/lampp/htdo...')
#4 /opt/lampp/htdocs/ci4-adminlte3/system/View/View.php(217): CodeIgniter\View\View->CodeIgniter\View\{closure}()
#5 /opt/lampp/htdocs/ci4-adminlte3/system/View/View.php(230): CodeIgniter\View\View->render('layout/top-nav', Array, true)
#6 /opt/lampp/htdocs/ci4-adminlte3/system/Common.php(1092): CodeIgniter\View\View->render('section/index_h...', Array, true)
#7 /opt/lampp/htdocs/ci4-adminlte3/app/Controllers/Home.php(9): view('section/index_h...')
#8 /opt/lampp/htdocs/ci4-adminlte3/system/CodeIgniter.php(802): App\Controllers\Home->index()
#9 /opt/lampp/htdocs/ci4-adminlte3/system/CodeIgniter.php(399): CodeIgniter\CodeIgniter->runController(Object(App\Controllers\Home))
#10 /opt/lampp/htdocs/ci4-adminlte3/system/CodeIgniter.php(317): CodeIgniter\CodeIgniter->handleRequest(NULL, Object(Config\Cache), false)
#11 /opt/lampp/htdocs/ci4-adminlte3/index.php(38): CodeIgniter\CodeIgniter->run()
#12 {main}
CRITICAL - 2022-02-19 23:33:08 --> Undefined property: stdClass::$levels
#0 /opt/lampp/htdocs/ci4-adminlte3/app/Views/layout/top-nav.php(45): CodeIgniter\Debug\Exceptions->errorHandler(8, 'Undefined prope...', '/opt/lampp/htdo...', 45, Array)
#1 /opt/lampp/htdocs/ci4-adminlte3/system/View/View.php(214): include('/opt/lampp/htdo...')
#2 /opt/lampp/htdocs/ci4-adminlte3/system/View/View.php(217): CodeIgniter\View\View->CodeIgniter\View\{closure}()
#3 /opt/lampp/htdocs/ci4-adminlte3/system/View/View.php(230): CodeIgniter\View\View->render('layout/top-nav', Array, true)
#4 /opt/lampp/htdocs/ci4-adminlte3/system/Common.php(1092): CodeIgniter\View\View->render('section/index_h...', Array, true)
#5 /opt/lampp/htdocs/ci4-adminlte3/app/Controllers/Home.php(9): view('section/index_h...')
#6 /opt/lampp/htdocs/ci4-adminlte3/system/CodeIgniter.php(802): App\Controllers\Home->index()
#7 /opt/lampp/htdocs/ci4-adminlte3/system/CodeIgniter.php(399): CodeIgniter\CodeIgniter->runController(Object(App\Controllers\Home))
#8 /opt/lampp/htdocs/ci4-adminlte3/system/CodeIgniter.php(317): CodeIgniter\CodeIgniter->handleRequest(NULL, Object(Config\Cache), false)
#9 /opt/lampp/htdocs/ci4-adminlte3/index.php(38): CodeIgniter\CodeIgniter->run()
#10 {main}
CRITICAL - 2022-02-19 23:46:10 --> Argument 1 passed to _get_uri() must be of the type string, null given, called in /opt/lampp/htdocs/ci4-adminlte3/system/Helpers/url_helper.php on line 87
#0 /opt/lampp/htdocs/ci4-adminlte3/system/Helpers/url_helper.php(87): _get_uri(NULL, Object(Config\App))
#1 /opt/lampp/htdocs/ci4-adminlte3/system/Helpers/url_helper.php(106): site_url(NULL, NULL, Object(Config\App))
#2 /opt/lampp/htdocs/ci4-adminlte3/app/Views/layout/top-nav.php(53): base_url(NULL)
#3 /opt/lampp/htdocs/ci4-adminlte3/system/View/View.php(214): include('/opt/lampp/htdo...')
#4 /opt/lampp/htdocs/ci4-adminlte3/system/View/View.php(217): CodeIgniter\View\View->CodeIgniter\View\{closure}()
#5 /opt/lampp/htdocs/ci4-adminlte3/system/View/View.php(230): CodeIgniter\View\View->render('layout/top-nav', Array, true)
#6 /opt/lampp/htdocs/ci4-adminlte3/system/Common.php(1092): CodeIgniter\View\View->render('section/index_h...', Array, true)
#7 /opt/lampp/htdocs/ci4-adminlte3/app/Controllers/Home.php(9): view('section/index_h...')
#8 /opt/lampp/htdocs/ci4-adminlte3/system/CodeIgniter.php(802): App\Controllers\Home->index()
#9 /opt/lampp/htdocs/ci4-adminlte3/system/CodeIgniter.php(399): CodeIgniter\CodeIgniter->runController(Object(App\Controllers\Home))
#10 /opt/lampp/htdocs/ci4-adminlte3/system/CodeIgniter.php(317): CodeIgniter\CodeIgniter->handleRequest(NULL, Object(Config\Cache), false)
#11 /opt/lampp/htdocs/ci4-adminlte3/index.php(38): CodeIgniter\CodeIgniter->run()
#12 {main}
CRITICAL - 2022-02-19 23:53:36 --> syntax error, unexpected 'endif' (T_ENDIF)
#0 /opt/lampp/htdocs/ci4-adminlte3/system/View/View.php(217): CodeIgniter\View\View->CodeIgniter\View\{closure}()
#1 /opt/lampp/htdocs/ci4-adminlte3/system/View/View.php(230): CodeIgniter\View\View->render('layout/top-nav', Array, true)
#2 /opt/lampp/htdocs/ci4-adminlte3/system/Common.php(1092): CodeIgniter\View\View->render('section/index_h...', Array, true)
#3 /opt/lampp/htdocs/ci4-adminlte3/app/Controllers/Home.php(9): view('section/index_h...')
#4 /opt/lampp/htdocs/ci4-adminlte3/system/CodeIgniter.php(802): App\Controllers\Home->index()
#5 /opt/lampp/htdocs/ci4-adminlte3/system/CodeIgniter.php(399): CodeIgniter\CodeIgniter->runController(Object(App\Controllers\Home))
#6 /opt/lampp/htdocs/ci4-adminlte3/system/CodeIgniter.php(317): CodeIgniter\CodeIgniter->handleRequest(NULL, Object(Config\Cache), false)
#7 /opt/lampp/htdocs/ci4-adminlte3/index.php(38): CodeIgniter\CodeIgniter->run()
#8 {main}
