ERROR - 2022-03-31 09:41:55 --> Table 'apk_konveksi.menu' doesn't exist
CRITICAL - 2022-03-31 09:41:55 --> Table 'apk_konveksi.menu' doesn't exist
#0 /opt/lampp/htdocs/konveksi/system/Database/MySQLi/Connection.php(280): mysqli->query('SELECT *\nFROM `...')
#1 /opt/lampp/htdocs/konveksi/system/Database/BaseConnection.php(663): CodeIgniter\Database\MySQLi\Connection->execute('SELECT *\nFROM `...')
#2 /opt/lampp/htdocs/konveksi/system/Database/BaseConnection.php(591): CodeIgniter\Database\BaseConnection->simpleQuery('SELECT *\nFROM `...')
#3 /opt/lampp/htdocs/konveksi/system/Database/BaseBuilder.php(1428): CodeIgniter\Database\BaseConnection->query('SELECT *\nFROM `...', Array, false)
#4 /opt/lampp/htdocs/konveksi/app/Models/MenuModel.php(133): CodeIgniter\Database\BaseBuilder->get()
#5 /opt/lampp/htdocs/konveksi/app/Views/layout/top-nav.php(13): App\Models\MenuModel->findUserAccess('home')
#6 /opt/lampp/htdocs/konveksi/system/View/View.php(214): include('/opt/lampp/htdo...')
#7 /opt/lampp/htdocs/konveksi/system/View/View.php(217): CodeIgniter\View\View->CodeIgniter\View\{closure}()
#8 /opt/lampp/htdocs/konveksi/system/View/View.php(230): CodeIgniter\View\View->render('layout/top-nav', Array, true)
#9 /opt/lampp/htdocs/konveksi/system/Common.php(1092): CodeIgniter\View\View->render('section/index_h...', Array, true)
#10 /opt/lampp/htdocs/konveksi/app/Controllers/Home.php(9): view('section/index_h...')
#11 /opt/lampp/htdocs/konveksi/system/CodeIgniter.php(802): App\Controllers\Home->index()
#12 /opt/lampp/htdocs/konveksi/system/CodeIgniter.php(399): CodeIgniter\CodeIgniter->runController(Object(App\Controllers\Home))
#13 /opt/lampp/htdocs/konveksi/system/CodeIgniter.php(317): CodeIgniter\CodeIgniter->handleRequest(NULL, Object(Config\Cache), false)
#14 /opt/lampp/htdocs/konveksi/index.php(38): CodeIgniter\CodeIgniter->run()
#15 {main}
ERROR - 2022-03-31 09:42:09 --> Table 'apk_konveksi.menu' doesn't exist
CRITICAL - 2022-03-31 09:42:09 --> Table 'apk_konveksi.menu' doesn't exist
#0 /opt/lampp/htdocs/konveksi/system/Database/MySQLi/Connection.php(280): mysqli->query('SELECT *\nFROM `...')
#1 /opt/lampp/htdocs/konveksi/system/Database/BaseConnection.php(663): CodeIgniter\Database\MySQLi\Connection->execute('SELECT *\nFROM `...')
#2 /opt/lampp/htdocs/konveksi/system/Database/BaseConnection.php(591): CodeIgniter\Database\BaseConnection->simpleQuery('SELECT *\nFROM `...')
#3 /opt/lampp/htdocs/konveksi/system/Database/BaseBuilder.php(1428): CodeIgniter\Database\BaseConnection->query('SELECT *\nFROM `...', Array, false)
#4 /opt/lampp/htdocs/konveksi/app/Models/MenuModel.php(133): CodeIgniter\Database\BaseBuilder->get()
#5 /opt/lampp/htdocs/konveksi/app/Views/layout/top-nav.php(13): App\Models\MenuModel->findUserAccess('home')
#6 /opt/lampp/htdocs/konveksi/system/View/View.php(214): include('/opt/lampp/htdo...')
#7 /opt/lampp/htdocs/konveksi/system/View/View.php(217): CodeIgniter\View\View->CodeIgniter\View\{closure}()
#8 /opt/lampp/htdocs/konveksi/system/View/View.php(230): CodeIgniter\View\View->render('layout/top-nav', Array, true)
#9 /opt/lampp/htdocs/konveksi/system/Common.php(1092): CodeIgniter\View\View->render('section/index_h...', Array, true)
#10 /opt/lampp/htdocs/konveksi/app/Controllers/Home.php(9): view('section/index_h...')
#11 /opt/lampp/htdocs/konveksi/system/CodeIgniter.php(802): App\Controllers\Home->index()
#12 /opt/lampp/htdocs/konveksi/system/CodeIgniter.php(399): CodeIgniter\CodeIgniter->runController(Object(App\Controllers\Home))
#13 /opt/lampp/htdocs/konveksi/system/CodeIgniter.php(317): CodeIgniter\CodeIgniter->handleRequest(NULL, Object(Config\Cache), false)
#14 /opt/lampp/htdocs/konveksi/index.php(38): CodeIgniter\CodeIgniter->run()
#15 {main}
ERROR - 2022-03-31 21:42:21 --> Table 'apk_konveksi.loginas' doesn't exist
CRITICAL - 2022-03-31 21:42:21 --> Table 'apk_konveksi.loginas' doesn't exist
#0 /opt/lampp/htdocs/konveksi/system/Database/MySQLi/Connection.php(280): mysqli->query('SELECT *\nFROM `...')
#1 /opt/lampp/htdocs/konveksi/system/Database/BaseConnection.php(663): CodeIgniter\Database\MySQLi\Connection->execute('SELECT *\nFROM `...')
#2 /opt/lampp/htdocs/konveksi/system/Database/BaseConnection.php(591): CodeIgniter\Database\BaseConnection->simpleQuery('SELECT *\nFROM `...')
#3 /opt/lampp/htdocs/konveksi/system/Database/BaseBuilder.php(1428): CodeIgniter\Database\BaseConnection->query('SELECT *\nFROM `...', Array, false)
#4 /opt/lampp/htdocs/konveksi/app/Models/MenuModel.php(83): CodeIgniter\Database\BaseBuilder->get()
#5 /opt/lampp/htdocs/konveksi/app/Controllers/Auth.php(123): App\Models\MenuModel->findAllLoginas()
#6 /opt/lampp/htdocs/konveksi/system/CodeIgniter.php(802): App\Controllers\Auth->loginas()
#7 /opt/lampp/htdocs/konveksi/system/CodeIgniter.php(399): CodeIgniter\CodeIgniter->runController(Object(App\Controllers\Auth))
#8 /opt/lampp/htdocs/konveksi/system/CodeIgniter.php(317): CodeIgniter\CodeIgniter->handleRequest(NULL, Object(Config\Cache), false)
#9 /opt/lampp/htdocs/konveksi/index.php(38): CodeIgniter\CodeIgniter->run()
#10 {main}
ERROR - 2022-03-31 21:43:59 --> Table 'apk_konveksi.loginas' doesn't exist
CRITICAL - 2022-03-31 21:43:59 --> Table 'apk_konveksi.loginas' doesn't exist
#0 /opt/lampp/htdocs/konveksi/system/Database/MySQLi/Connection.php(280): mysqli->query('SELECT *\nFROM `...')
#1 /opt/lampp/htdocs/konveksi/system/Database/BaseConnection.php(663): CodeIgniter\Database\MySQLi\Connection->execute('SELECT *\nFROM `...')
#2 /opt/lampp/htdocs/konveksi/system/Database/BaseConnection.php(591): CodeIgniter\Database\BaseConnection->simpleQuery('SELECT *\nFROM `...')
#3 /opt/lampp/htdocs/konveksi/system/Database/BaseBuilder.php(1428): CodeIgniter\Database\BaseConnection->query('SELECT *\nFROM `...', Array, false)
#4 /opt/lampp/htdocs/konveksi/app/Models/MenuModel.php(83): CodeIgniter\Database\BaseBuilder->get()
#5 /opt/lampp/htdocs/konveksi/app/Controllers/Auth.php(123): App\Models\MenuModel->findAllLoginas()
#6 /opt/lampp/htdocs/konveksi/system/CodeIgniter.php(802): App\Controllers\Auth->loginas()
#7 /opt/lampp/htdocs/konveksi/system/CodeIgniter.php(399): CodeIgniter\CodeIgniter->runController(Object(App\Controllers\Auth))
#8 /opt/lampp/htdocs/konveksi/system/CodeIgniter.php(317): CodeIgniter\CodeIgniter->handleRequest(NULL, Object(Config\Cache), false)
#9 /opt/lampp/htdocs/konveksi/index.php(38): CodeIgniter\CodeIgniter->run()
#10 {main}
ERROR - 2022-03-31 21:44:49 --> Table 'apk_konveksi.loginas' doesn't exist
CRITICAL - 2022-03-31 21:44:49 --> Table 'apk_konveksi.loginas' doesn't exist
#0 /opt/lampp/htdocs/konveksi/system/Database/MySQLi/Connection.php(280): mysqli->query('SELECT *\nFROM `...')
#1 /opt/lampp/htdocs/konveksi/system/Database/BaseConnection.php(663): CodeIgniter\Database\MySQLi\Connection->execute('SELECT *\nFROM `...')
#2 /opt/lampp/htdocs/konveksi/system/Database/BaseConnection.php(591): CodeIgniter\Database\BaseConnection->simpleQuery('SELECT *\nFROM `...')
#3 /opt/lampp/htdocs/konveksi/system/Database/BaseBuilder.php(1428): CodeIgniter\Database\BaseConnection->query('SELECT *\nFROM `...', Array, false)
#4 /opt/lampp/htdocs/konveksi/app/Models/MenuModel.php(83): CodeIgniter\Database\BaseBuilder->get()
#5 /opt/lampp/htdocs/konveksi/app/Controllers/Auth.php(123): App\Models\MenuModel->findAllLoginas()
#6 /opt/lampp/htdocs/konveksi/system/CodeIgniter.php(802): App\Controllers\Auth->loginas()
#7 /opt/lampp/htdocs/konveksi/system/CodeIgniter.php(399): CodeIgniter\CodeIgniter->runController(Object(App\Controllers\Auth))
#8 /opt/lampp/htdocs/konveksi/system/CodeIgniter.php(317): CodeIgniter\CodeIgniter->handleRequest(NULL, Object(Config\Cache), false)
#9 /opt/lampp/htdocs/konveksi/index.php(38): CodeIgniter\CodeIgniter->run()
#10 {main}
ERROR - 2022-03-31 21:47:06 --> Table 'apk_konveksi.loginas' doesn't exist
CRITICAL - 2022-03-31 21:47:06 --> Table 'apk_konveksi.loginas' doesn't exist
#0 /opt/lampp/htdocs/konveksi/system/Database/MySQLi/Connection.php(280): mysqli->query('SELECT *\nFROM `...')
#1 /opt/lampp/htdocs/konveksi/system/Database/BaseConnection.php(663): CodeIgniter\Database\MySQLi\Connection->execute('SELECT *\nFROM `...')
#2 /opt/lampp/htdocs/konveksi/system/Database/BaseConnection.php(591): CodeIgniter\Database\BaseConnection->simpleQuery('SELECT *\nFROM `...')
#3 /opt/lampp/htdocs/konveksi/system/Database/BaseBuilder.php(1428): CodeIgniter\Database\BaseConnection->query('SELECT *\nFROM `...', Array, false)
#4 /opt/lampp/htdocs/konveksi/app/Models/MenuModel.php(83): CodeIgniter\Database\BaseBuilder->get()
#5 /opt/lampp/htdocs/konveksi/app/Controllers/Auth.php(123): App\Models\MenuModel->findAllLoginas()
#6 /opt/lampp/htdocs/konveksi/system/CodeIgniter.php(802): App\Controllers\Auth->loginas()
#7 /opt/lampp/htdocs/konveksi/system/CodeIgniter.php(399): CodeIgniter\CodeIgniter->runController(Object(App\Controllers\Auth))
#8 /opt/lampp/htdocs/konveksi/system/CodeIgniter.php(317): CodeIgniter\CodeIgniter->handleRequest(NULL, Object(Config\Cache), false)
#9 /opt/lampp/htdocs/konveksi/index.php(38): CodeIgniter\CodeIgniter->run()
#10 {main}
ERROR - 2022-03-31 21:47:08 --> Table 'apk_konveksi.loginas' doesn't exist
CRITICAL - 2022-03-31 21:47:08 --> Table 'apk_konveksi.loginas' doesn't exist
#0 /opt/lampp/htdocs/konveksi/system/Database/MySQLi/Connection.php(280): mysqli->query('SELECT *\nFROM `...')
#1 /opt/lampp/htdocs/konveksi/system/Database/BaseConnection.php(663): CodeIgniter\Database\MySQLi\Connection->execute('SELECT *\nFROM `...')
#2 /opt/lampp/htdocs/konveksi/system/Database/BaseConnection.php(591): CodeIgniter\Database\BaseConnection->simpleQuery('SELECT *\nFROM `...')
#3 /opt/lampp/htdocs/konveksi/system/Database/BaseBuilder.php(1428): CodeIgniter\Database\BaseConnection->query('SELECT *\nFROM `...', Array, false)
#4 /opt/lampp/htdocs/konveksi/app/Models/MenuModel.php(83): CodeIgniter\Database\BaseBuilder->get()
#5 /opt/lampp/htdocs/konveksi/app/Controllers/Auth.php(123): App\Models\MenuModel->findAllLoginas()
#6 /opt/lampp/htdocs/konveksi/system/CodeIgniter.php(802): App\Controllers\Auth->loginas()
#7 /opt/lampp/htdocs/konveksi/system/CodeIgniter.php(399): CodeIgniter\CodeIgniter->runController(Object(App\Controllers\Auth))
#8 /opt/lampp/htdocs/konveksi/system/CodeIgniter.php(317): CodeIgniter\CodeIgniter->handleRequest(NULL, Object(Config\Cache), false)
#9 /opt/lampp/htdocs/konveksi/index.php(38): CodeIgniter\CodeIgniter->run()
#10 {main}
ERROR - 2022-03-31 21:47:09 --> Table 'apk_konveksi.loginas' doesn't exist
CRITICAL - 2022-03-31 21:47:09 --> Table 'apk_konveksi.loginas' doesn't exist
#0 /opt/lampp/htdocs/konveksi/system/Database/MySQLi/Connection.php(280): mysqli->query('SELECT *\nFROM `...')
#1 /opt/lampp/htdocs/konveksi/system/Database/BaseConnection.php(663): CodeIgniter\Database\MySQLi\Connection->execute('SELECT *\nFROM `...')
#2 /opt/lampp/htdocs/konveksi/system/Database/BaseConnection.php(591): CodeIgniter\Database\BaseConnection->simpleQuery('SELECT *\nFROM `...')
#3 /opt/lampp/htdocs/konveksi/system/Database/BaseBuilder.php(1428): CodeIgniter\Database\BaseConnection->query('SELECT *\nFROM `...', Array, false)
#4 /opt/lampp/htdocs/konveksi/app/Models/MenuModel.php(83): CodeIgniter\Database\BaseBuilder->get()
#5 /opt/lampp/htdocs/konveksi/app/Controllers/Auth.php(123): App\Models\MenuModel->findAllLoginas()
#6 /opt/lampp/htdocs/konveksi/system/CodeIgniter.php(802): App\Controllers\Auth->loginas()
#7 /opt/lampp/htdocs/konveksi/system/CodeIgniter.php(399): CodeIgniter\CodeIgniter->runController(Object(App\Controllers\Auth))
#8 /opt/lampp/htdocs/konveksi/system/CodeIgniter.php(317): CodeIgniter\CodeIgniter->handleRequest(NULL, Object(Config\Cache), false)
#9 /opt/lampp/htdocs/konveksi/index.php(38): CodeIgniter\CodeIgniter->run()
#10 {main}
ERROR - 2022-03-31 09:48:54 --> Table 'apk_konveksi.akses_menu' doesn't exist
CRITICAL - 2022-03-31 09:48:54 --> Table 'apk_konveksi.akses_menu' doesn't exist
#0 /opt/lampp/htdocs/konveksi/system/Database/MySQLi/Connection.php(280): mysqli->query('SELECT *\nFROM `...')
#1 /opt/lampp/htdocs/konveksi/system/Database/BaseConnection.php(663): CodeIgniter\Database\MySQLi\Connection->execute('SELECT *\nFROM `...')
#2 /opt/lampp/htdocs/konveksi/system/Database/BaseConnection.php(591): CodeIgniter\Database\BaseConnection->simpleQuery('SELECT *\nFROM `...')
#3 /opt/lampp/htdocs/konveksi/system/Database/BaseBuilder.php(1428): CodeIgniter\Database\BaseConnection->query('SELECT *\nFROM `...', Array, false)
#4 /opt/lampp/htdocs/konveksi/app/Models/MenuModel.php(125): CodeIgniter\Database\BaseBuilder->get()
#5 /opt/lampp/htdocs/konveksi/app/Models/MenuModel.php(136): App\Models\MenuModel->findAksesMenu(NULL, '1')
#6 /opt/lampp/htdocs/konveksi/app/Views/layout/top-nav.php(13): App\Models\MenuModel->findUserAccess('home')
#7 /opt/lampp/htdocs/konveksi/system/View/View.php(214): include('/opt/lampp/htdo...')
#8 /opt/lampp/htdocs/konveksi/system/View/View.php(217): CodeIgniter\View\View->CodeIgniter\View\{closure}()
#9 /opt/lampp/htdocs/konveksi/system/View/View.php(230): CodeIgniter\View\View->render('layout/top-nav', Array, true)
#10 /opt/lampp/htdocs/konveksi/system/Common.php(1092): CodeIgniter\View\View->render('section/index_h...', Array, true)
#11 /opt/lampp/htdocs/konveksi/app/Controllers/Home.php(9): view('section/index_h...')
#12 /opt/lampp/htdocs/konveksi/system/CodeIgniter.php(802): App\Controllers\Home->index()
#13 /opt/lampp/htdocs/konveksi/system/CodeIgniter.php(399): CodeIgniter\CodeIgniter->runController(Object(App\Controllers\Home))
#14 /opt/lampp/htdocs/konveksi/system/CodeIgniter.php(317): CodeIgniter\CodeIgniter->handleRequest(NULL, Object(Config\Cache), false)
#15 /opt/lampp/htdocs/konveksi/index.php(38): CodeIgniter\CodeIgniter->run()
#16 {main}
ERROR - 2022-03-31 09:49:53 --> Table 'apk_konveksi.akses_menu' doesn't exist
CRITICAL - 2022-03-31 09:49:53 --> Table 'apk_konveksi.akses_menu' doesn't exist
#0 /opt/lampp/htdocs/konveksi/system/Database/MySQLi/Connection.php(280): mysqli->query('SELECT *\nFROM `...')
#1 /opt/lampp/htdocs/konveksi/system/Database/BaseConnection.php(663): CodeIgniter\Database\MySQLi\Connection->execute('SELECT *\nFROM `...')
#2 /opt/lampp/htdocs/konveksi/system/Database/BaseConnection.php(591): CodeIgniter\Database\BaseConnection->simpleQuery('SELECT *\nFROM `...')
#3 /opt/lampp/htdocs/konveksi/system/Database/BaseBuilder.php(1428): CodeIgniter\Database\BaseConnection->query('SELECT *\nFROM `...', Array, false)
#4 /opt/lampp/htdocs/konveksi/app/Models/MenuModel.php(125): CodeIgniter\Database\BaseBuilder->get()
#5 /opt/lampp/htdocs/konveksi/app/Models/MenuModel.php(136): App\Models\MenuModel->findAksesMenu(NULL, '1')
#6 /opt/lampp/htdocs/konveksi/app/Views/layout/top-nav.php(13): App\Models\MenuModel->findUserAccess('home')
#7 /opt/lampp/htdocs/konveksi/system/View/View.php(214): include('/opt/lampp/htdo...')
#8 /opt/lampp/htdocs/konveksi/system/View/View.php(217): CodeIgniter\View\View->CodeIgniter\View\{closure}()
#9 /opt/lampp/htdocs/konveksi/system/View/View.php(230): CodeIgniter\View\View->render('layout/top-nav', Array, true)
#10 /opt/lampp/htdocs/konveksi/system/Common.php(1092): CodeIgniter\View\View->render('section/index_h...', Array, true)
#11 /opt/lampp/htdocs/konveksi/app/Controllers/Home.php(9): view('section/index_h...')
#12 /opt/lampp/htdocs/konveksi/system/CodeIgniter.php(802): App\Controllers\Home->index()
#13 /opt/lampp/htdocs/konveksi/system/CodeIgniter.php(399): CodeIgniter\CodeIgniter->runController(Object(App\Controllers\Home))
#14 /opt/lampp/htdocs/konveksi/system/CodeIgniter.php(317): CodeIgniter\CodeIgniter->handleRequest(NULL, Object(Config\Cache), false)
#15 /opt/lampp/htdocs/konveksi/index.php(38): CodeIgniter\CodeIgniter->run()
#16 {main}
CRITICAL - 2022-03-31 09:52:38 --> Call to undefined method App\Models\MenuModel::findUserAccess
#0 /opt/lampp/htdocs/konveksi/app/Views/layout/top-nav.php(13): CodeIgniter\Model->__call('findUserAccess', Array)
#1 /opt/lampp/htdocs/konveksi/system/View/View.php(214): include('/opt/lampp/htdo...')
#2 /opt/lampp/htdocs/konveksi/system/View/View.php(217): CodeIgniter\View\View->CodeIgniter\View\{closure}()
#3 /opt/lampp/htdocs/konveksi/system/View/View.php(230): CodeIgniter\View\View->render('layout/top-nav', Array, true)
#4 /opt/lampp/htdocs/konveksi/system/Common.php(1092): CodeIgniter\View\View->render('section/index_h...', Array, true)
#5 /opt/lampp/htdocs/konveksi/app/Controllers/Home.php(9): view('section/index_h...')
#6 /opt/lampp/htdocs/konveksi/system/CodeIgniter.php(802): App\Controllers\Home->index()
#7 /opt/lampp/htdocs/konveksi/system/CodeIgniter.php(399): CodeIgniter\CodeIgniter->runController(Object(App\Controllers\Home))
#8 /opt/lampp/htdocs/konveksi/system/CodeIgniter.php(317): CodeIgniter\CodeIgniter->handleRequest(NULL, Object(Config\Cache), false)
#9 /opt/lampp/htdocs/konveksi/index.php(38): CodeIgniter\CodeIgniter->run()
#10 {main}
CRITICAL - 2022-03-31 09:52:39 --> Call to undefined method App\Models\MenuModel::findUserAccess
#0 /opt/lampp/htdocs/konveksi/app/Views/layout/top-nav.php(13): CodeIgniter\Model->__call('findUserAccess', Array)
#1 /opt/lampp/htdocs/konveksi/system/View/View.php(214): include('/opt/lampp/htdo...')
#2 /opt/lampp/htdocs/konveksi/system/View/View.php(217): CodeIgniter\View\View->CodeIgniter\View\{closure}()
#3 /opt/lampp/htdocs/konveksi/system/View/View.php(230): CodeIgniter\View\View->render('layout/top-nav', Array, true)
#4 /opt/lampp/htdocs/konveksi/system/Common.php(1092): CodeIgniter\View\View->render('section/index_h...', Array, true)
#5 /opt/lampp/htdocs/konveksi/app/Controllers/Home.php(9): view('section/index_h...')
#6 /opt/lampp/htdocs/konveksi/system/CodeIgniter.php(802): App\Controllers\Home->index()
#7 /opt/lampp/htdocs/konveksi/system/CodeIgniter.php(399): CodeIgniter\CodeIgniter->runController(Object(App\Controllers\Home))
#8 /opt/lampp/htdocs/konveksi/system/CodeIgniter.php(317): CodeIgniter\CodeIgniter->handleRequest(NULL, Object(Config\Cache), false)
#9 /opt/lampp/htdocs/konveksi/index.php(38): CodeIgniter\CodeIgniter->run()
#10 {main}
CRITICAL - 2022-03-31 09:52:47 --> Call to undefined method App\Models\MenuModel::findUserAccess
#0 /opt/lampp/htdocs/konveksi/app/Views/layout/top-nav.php(13): CodeIgniter\Model->__call('findUserAccess', Array)
#1 /opt/lampp/htdocs/konveksi/system/View/View.php(214): include('/opt/lampp/htdo...')
#2 /opt/lampp/htdocs/konveksi/system/View/View.php(217): CodeIgniter\View\View->CodeIgniter\View\{closure}()
#3 /opt/lampp/htdocs/konveksi/system/View/View.php(230): CodeIgniter\View\View->render('layout/top-nav', Array, true)
#4 /opt/lampp/htdocs/konveksi/system/Common.php(1092): CodeIgniter\View\View->render('section/index_h...', Array, true)
#5 /opt/lampp/htdocs/konveksi/app/Controllers/Home.php(9): view('section/index_h...')
#6 /opt/lampp/htdocs/konveksi/system/CodeIgniter.php(802): App\Controllers\Home->index()
#7 /opt/lampp/htdocs/konveksi/system/CodeIgniter.php(399): CodeIgniter\CodeIgniter->runController(Object(App\Controllers\Home))
#8 /opt/lampp/htdocs/konveksi/system/CodeIgniter.php(317): CodeIgniter\CodeIgniter->handleRequest(NULL, Object(Config\Cache), false)
#9 /opt/lampp/htdocs/konveksi/index.php(38): CodeIgniter\CodeIgniter->run()
#10 {main}
CRITICAL - 2022-03-31 09:52:48 --> Call to undefined method App\Models\MenuModel::findUserAccess
#0 /opt/lampp/htdocs/konveksi/app/Views/layout/top-nav.php(13): CodeIgniter\Model->__call('findUserAccess', Array)
#1 /opt/lampp/htdocs/konveksi/system/View/View.php(214): include('/opt/lampp/htdo...')
#2 /opt/lampp/htdocs/konveksi/system/View/View.php(217): CodeIgniter\View\View->CodeIgniter\View\{closure}()
#3 /opt/lampp/htdocs/konveksi/system/View/View.php(230): CodeIgniter\View\View->render('layout/top-nav', Array, true)
#4 /opt/lampp/htdocs/konveksi/system/Common.php(1092): CodeIgniter\View\View->render('section/index_h...', Array, true)
#5 /opt/lampp/htdocs/konveksi/app/Controllers/Home.php(9): view('section/index_h...')
#6 /opt/lampp/htdocs/konveksi/system/CodeIgniter.php(802): App\Controllers\Home->index()
#7 /opt/lampp/htdocs/konveksi/system/CodeIgniter.php(399): CodeIgniter\CodeIgniter->runController(Object(App\Controllers\Home))
#8 /opt/lampp/htdocs/konveksi/system/CodeIgniter.php(317): CodeIgniter\CodeIgniter->handleRequest(NULL, Object(Config\Cache), false)
#9 /opt/lampp/htdocs/konveksi/index.php(38): CodeIgniter\CodeIgniter->run()
#10 {main}
CRITICAL - 2022-03-31 09:53:08 --> Undefined variable: breadcrumb
#0 /opt/lampp/htdocs/konveksi/app/Views/layout/top-nav.php(13): CodeIgniter\Debug\Exceptions->errorHandler(8, 'Undefined varia...', '/opt/lampp/htdo...', 13, Array)
#1 /opt/lampp/htdocs/konveksi/system/View/View.php(214): include('/opt/lampp/htdo...')
#2 /opt/lampp/htdocs/konveksi/system/View/View.php(217): CodeIgniter\View\View->CodeIgniter\View\{closure}()
#3 /opt/lampp/htdocs/konveksi/system/View/View.php(230): CodeIgniter\View\View->render('layout/top-nav', Array, true)
#4 /opt/lampp/htdocs/konveksi/system/Common.php(1092): CodeIgniter\View\View->render('section/index_h...', Array, true)
#5 /opt/lampp/htdocs/konveksi/app/Controllers/Home.php(9): view('section/index_h...')
#6 /opt/lampp/htdocs/konveksi/system/CodeIgniter.php(802): App\Controllers\Home->index()
#7 /opt/lampp/htdocs/konveksi/system/CodeIgniter.php(399): CodeIgniter\CodeIgniter->runController(Object(App\Controllers\Home))
#8 /opt/lampp/htdocs/konveksi/system/CodeIgniter.php(317): CodeIgniter\CodeIgniter->handleRequest(NULL, Object(Config\Cache), false)
#9 /opt/lampp/htdocs/konveksi/index.php(38): CodeIgniter\CodeIgniter->run()
#10 {main}
CRITICAL - 2022-03-31 09:53:09 --> Undefined variable: breadcrumb
#0 /opt/lampp/htdocs/konveksi/app/Views/layout/top-nav.php(13): CodeIgniter\Debug\Exceptions->errorHandler(8, 'Undefined varia...', '/opt/lampp/htdo...', 13, Array)
#1 /opt/lampp/htdocs/konveksi/system/View/View.php(214): include('/opt/lampp/htdo...')
#2 /opt/lampp/htdocs/konveksi/system/View/View.php(217): CodeIgniter\View\View->CodeIgniter\View\{closure}()
#3 /opt/lampp/htdocs/konveksi/system/View/View.php(230): CodeIgniter\View\View->render('layout/top-nav', Array, true)
#4 /opt/lampp/htdocs/konveksi/system/Common.php(1092): CodeIgniter\View\View->render('section/index_h...', Array, true)
#5 /opt/lampp/htdocs/konveksi/app/Controllers/Home.php(9): view('section/index_h...')
#6 /opt/lampp/htdocs/konveksi/system/CodeIgniter.php(802): App\Controllers\Home->index()
#7 /opt/lampp/htdocs/konveksi/system/CodeIgniter.php(399): CodeIgniter\CodeIgniter->runController(Object(App\Controllers\Home))
#8 /opt/lampp/htdocs/konveksi/system/CodeIgniter.php(317): CodeIgniter\CodeIgniter->handleRequest(NULL, Object(Config\Cache), false)
#9 /opt/lampp/htdocs/konveksi/index.php(38): CodeIgniter\CodeIgniter->run()
#10 {main}
CRITICAL - 2022-03-31 09:53:29 --> Call to undefined method App\Models\MenuModel::findBreadcrumb
#0 /opt/lampp/htdocs/konveksi/app/Views/layout/top-nav.php(13): CodeIgniter\Model->__call('findBreadcrumb', Array)
#1 /opt/lampp/htdocs/konveksi/system/View/View.php(214): include('/opt/lampp/htdo...')
#2 /opt/lampp/htdocs/konveksi/system/View/View.php(217): CodeIgniter\View\View->CodeIgniter\View\{closure}()
#3 /opt/lampp/htdocs/konveksi/system/View/View.php(230): CodeIgniter\View\View->render('layout/top-nav', Array, true)
#4 /opt/lampp/htdocs/konveksi/system/Common.php(1092): CodeIgniter\View\View->render('section/index_h...', Array, true)
#5 /opt/lampp/htdocs/konveksi/app/Controllers/Home.php(9): view('section/index_h...')
#6 /opt/lampp/htdocs/konveksi/system/CodeIgniter.php(802): App\Controllers\Home->index()
#7 /opt/lampp/htdocs/konveksi/system/CodeIgniter.php(399): CodeIgniter\CodeIgniter->runController(Object(App\Controllers\Home))
#8 /opt/lampp/htdocs/konveksi/system/CodeIgniter.php(317): CodeIgniter\CodeIgniter->handleRequest(NULL, Object(Config\Cache), false)
#9 /opt/lampp/htdocs/konveksi/index.php(38): CodeIgniter\CodeIgniter->run()
#10 {main}
CRITICAL - 2022-03-31 09:54:02 --> Call to undefined method App\Models\MenuModel::findAllMenu
#0 /opt/lampp/htdocs/konveksi/app/Views/layout/top-nav.php(50): CodeIgniter\Model->__call('findAllMenu', Array)
#1 /opt/lampp/htdocs/konveksi/system/View/View.php(214): include('/opt/lampp/htdo...')
#2 /opt/lampp/htdocs/konveksi/system/View/View.php(217): CodeIgniter\View\View->CodeIgniter\View\{closure}()
#3 /opt/lampp/htdocs/konveksi/system/View/View.php(230): CodeIgniter\View\View->render('layout/top-nav', Array, true)
#4 /opt/lampp/htdocs/konveksi/system/Common.php(1092): CodeIgniter\View\View->render('section/index_h...', Array, true)
#5 /opt/lampp/htdocs/konveksi/app/Controllers/Home.php(9): view('section/index_h...')
#6 /opt/lampp/htdocs/konveksi/system/CodeIgniter.php(802): App\Controllers\Home->index()
#7 /opt/lampp/htdocs/konveksi/system/CodeIgniter.php(399): CodeIgniter\CodeIgniter->runController(Object(App\Controllers\Home))
#8 /opt/lampp/htdocs/konveksi/system/CodeIgniter.php(317): CodeIgniter\CodeIgniter->handleRequest(NULL, Object(Config\Cache), false)
#9 /opt/lampp/htdocs/konveksi/index.php(38): CodeIgniter\CodeIgniter->run()
#10 {main}
CRITICAL - 2022-03-31 09:54:03 --> Call to undefined method App\Models\MenuModel::findAllMenu
#0 /opt/lampp/htdocs/konveksi/app/Views/layout/top-nav.php(50): CodeIgniter\Model->__call('findAllMenu', Array)
#1 /opt/lampp/htdocs/konveksi/system/View/View.php(214): include('/opt/lampp/htdo...')
#2 /opt/lampp/htdocs/konveksi/system/View/View.php(217): CodeIgniter\View\View->CodeIgniter\View\{closure}()
#3 /opt/lampp/htdocs/konveksi/system/View/View.php(230): CodeIgniter\View\View->render('layout/top-nav', Array, true)
#4 /opt/lampp/htdocs/konveksi/system/Common.php(1092): CodeIgniter\View\View->render('section/index_h...', Array, true)
#5 /opt/lampp/htdocs/konveksi/app/Controllers/Home.php(9): view('section/index_h...')
#6 /opt/lampp/htdocs/konveksi/system/CodeIgniter.php(802): App\Controllers\Home->index()
#7 /opt/lampp/htdocs/konveksi/system/CodeIgniter.php(399): CodeIgniter\CodeIgniter->runController(Object(App\Controllers\Home))
#8 /opt/lampp/htdocs/konveksi/system/CodeIgniter.php(317): CodeIgniter\CodeIgniter->handleRequest(NULL, Object(Config\Cache), false)
#9 /opt/lampp/htdocs/konveksi/index.php(38): CodeIgniter\CodeIgniter->run()
#10 {main}
CRITICAL - 2022-03-31 09:55:35 --> Call to undefined method App\Models\MenuModel::findAllMenu
#0 /opt/lampp/htdocs/konveksi/app/Views/layout/top-nav.php(56): CodeIgniter\Model->__call('findAllMenu', Array)
#1 /opt/lampp/htdocs/konveksi/system/View/View.php(214): include('/opt/lampp/htdo...')
#2 /opt/lampp/htdocs/konveksi/system/View/View.php(217): CodeIgniter\View\View->CodeIgniter\View\{closure}()
#3 /opt/lampp/htdocs/konveksi/system/View/View.php(230): CodeIgniter\View\View->render('layout/top-nav', Array, true)
#4 /opt/lampp/htdocs/konveksi/system/Common.php(1092): CodeIgniter\View\View->render('section/index_h...', Array, true)
#5 /opt/lampp/htdocs/konveksi/app/Controllers/Home.php(9): view('section/index_h...')
#6 /opt/lampp/htdocs/konveksi/system/CodeIgniter.php(802): App\Controllers\Home->index()
#7 /opt/lampp/htdocs/konveksi/system/CodeIgniter.php(399): CodeIgniter\CodeIgniter->runController(Object(App\Controllers\Home))
#8 /opt/lampp/htdocs/konveksi/system/CodeIgniter.php(317): CodeIgniter\CodeIgniter->handleRequest(NULL, Object(Config\Cache), false)
#9 /opt/lampp/htdocs/konveksi/index.php(38): CodeIgniter\CodeIgniter->run()
#10 {main}
CRITICAL - 2022-03-31 09:55:36 --> Call to undefined method App\Models\MenuModel::findAllMenu
#0 /opt/lampp/htdocs/konveksi/app/Views/layout/top-nav.php(56): CodeIgniter\Model->__call('findAllMenu', Array)
#1 /opt/lampp/htdocs/konveksi/system/View/View.php(214): include('/opt/lampp/htdo...')
#2 /opt/lampp/htdocs/konveksi/system/View/View.php(217): CodeIgniter\View\View->CodeIgniter\View\{closure}()
#3 /opt/lampp/htdocs/konveksi/system/View/View.php(230): CodeIgniter\View\View->render('layout/top-nav', Array, true)
#4 /opt/lampp/htdocs/konveksi/system/Common.php(1092): CodeIgniter\View\View->render('section/index_h...', Array, true)
#5 /opt/lampp/htdocs/konveksi/app/Controllers/Home.php(9): view('section/index_h...')
#6 /opt/lampp/htdocs/konveksi/system/CodeIgniter.php(802): App\Controllers\Home->index()
#7 /opt/lampp/htdocs/konveksi/system/CodeIgniter.php(399): CodeIgniter\CodeIgniter->runController(Object(App\Controllers\Home))
#8 /opt/lampp/htdocs/konveksi/system/CodeIgniter.php(317): CodeIgniter\CodeIgniter->handleRequest(NULL, Object(Config\Cache), false)
#9 /opt/lampp/htdocs/konveksi/index.php(38): CodeIgniter\CodeIgniter->run()
#10 {main}
ERROR - 2022-03-31 09:55:42 --> Table 'apk_konveksi.akses_menu' doesn't exist
CRITICAL - 2022-03-31 09:55:42 --> Table 'apk_konveksi.akses_menu' doesn't exist
#0 /opt/lampp/htdocs/konveksi/system/Database/MySQLi/Connection.php(280): mysqli->query('SELECT *\nFROM `...')
#1 /opt/lampp/htdocs/konveksi/system/Database/BaseConnection.php(663): CodeIgniter\Database\MySQLi\Connection->execute('SELECT *\nFROM `...')
#2 /opt/lampp/htdocs/konveksi/system/Database/BaseConnection.php(591): CodeIgniter\Database\BaseConnection->simpleQuery('SELECT *\nFROM `...')
#3 /opt/lampp/htdocs/konveksi/system/Database/BaseBuilder.php(1428): CodeIgniter\Database\BaseConnection->query('SELECT *\nFROM `...', Array, false)
#4 /opt/lampp/htdocs/konveksi/app/Models/MenuModel.php(31): CodeIgniter\Database\BaseBuilder->get()
#5 /opt/lampp/htdocs/konveksi/app/Views/layout/top-nav.php(56): App\Models\MenuModel->findAllMenu('2', '1')
#6 /opt/lampp/htdocs/konveksi/system/View/View.php(214): include('/opt/lampp/htdo...')
#7 /opt/lampp/htdocs/konveksi/system/View/View.php(217): CodeIgniter\View\View->CodeIgniter\View\{closure}()
#8 /opt/lampp/htdocs/konveksi/system/View/View.php(230): CodeIgniter\View\View->render('layout/top-nav', Array, true)
#9 /opt/lampp/htdocs/konveksi/system/Common.php(1092): CodeIgniter\View\View->render('section/index_h...', Array, true)
#10 /opt/lampp/htdocs/konveksi/app/Controllers/Home.php(9): view('section/index_h...')
#11 /opt/lampp/htdocs/konveksi/system/CodeIgniter.php(802): App\Controllers\Home->index()
#12 /opt/lampp/htdocs/konveksi/system/CodeIgniter.php(399): CodeIgniter\CodeIgniter->runController(Object(App\Controllers\Home))
#13 /opt/lampp/htdocs/konveksi/system/CodeIgniter.php(317): CodeIgniter\CodeIgniter->handleRequest(NULL, Object(Config\Cache), false)
#14 /opt/lampp/htdocs/konveksi/index.php(38): CodeIgniter\CodeIgniter->run()
#15 {main}
ERROR - 2022-03-31 09:55:43 --> Table 'apk_konveksi.akses_menu' doesn't exist
CRITICAL - 2022-03-31 09:55:43 --> Table 'apk_konveksi.akses_menu' doesn't exist
#0 /opt/lampp/htdocs/konveksi/system/Database/MySQLi/Connection.php(280): mysqli->query('SELECT *\nFROM `...')
#1 /opt/lampp/htdocs/konveksi/system/Database/BaseConnection.php(663): CodeIgniter\Database\MySQLi\Connection->execute('SELECT *\nFROM `...')
#2 /opt/lampp/htdocs/konveksi/system/Database/BaseConnection.php(591): CodeIgniter\Database\BaseConnection->simpleQuery('SELECT *\nFROM `...')
#3 /opt/lampp/htdocs/konveksi/system/Database/BaseBuilder.php(1428): CodeIgniter\Database\BaseConnection->query('SELECT *\nFROM `...', Array, false)
#4 /opt/lampp/htdocs/konveksi/app/Models/MenuModel.php(31): CodeIgniter\Database\BaseBuilder->get()
#5 /opt/lampp/htdocs/konveksi/app/Views/layout/top-nav.php(56): App\Models\MenuModel->findAllMenu('2', '1')
#6 /opt/lampp/htdocs/konveksi/system/View/View.php(214): include('/opt/lampp/htdo...')
#7 /opt/lampp/htdocs/konveksi/system/View/View.php(217): CodeIgniter\View\View->CodeIgniter\View\{closure}()
#8 /opt/lampp/htdocs/konveksi/system/View/View.php(230): CodeIgniter\View\View->render('layout/top-nav', Array, true)
#9 /opt/lampp/htdocs/konveksi/system/Common.php(1092): CodeIgniter\View\View->render('section/index_h...', Array, true)
#10 /opt/lampp/htdocs/konveksi/app/Controllers/Home.php(9): view('section/index_h...')
#11 /opt/lampp/htdocs/konveksi/system/CodeIgniter.php(802): App\Controllers\Home->index()
#12 /opt/lampp/htdocs/konveksi/system/CodeIgniter.php(399): CodeIgniter\CodeIgniter->runController(Object(App\Controllers\Home))
#13 /opt/lampp/htdocs/konveksi/system/CodeIgniter.php(317): CodeIgniter\CodeIgniter->handleRequest(NULL, Object(Config\Cache), false)
#14 /opt/lampp/htdocs/konveksi/index.php(38): CodeIgniter\CodeIgniter->run()
#15 {main}
CRITICAL - 2022-03-31 09:55:59 --> Call to undefined method App\Models\MenuModel::findAllLoginas
#0 /opt/lampp/htdocs/konveksi/app/Views/layout/top-nav.php(110): CodeIgniter\Model->__call('findAllLoginas', Array)
#1 /opt/lampp/htdocs/konveksi/system/View/View.php(214): include('/opt/lampp/htdo...')
#2 /opt/lampp/htdocs/konveksi/system/View/View.php(217): CodeIgniter\View\View->CodeIgniter\View\{closure}()
#3 /opt/lampp/htdocs/konveksi/system/View/View.php(230): CodeIgniter\View\View->render('layout/top-nav', Array, true)
#4 /opt/lampp/htdocs/konveksi/system/Common.php(1092): CodeIgniter\View\View->render('section/index_h...', Array, true)
#5 /opt/lampp/htdocs/konveksi/app/Controllers/Home.php(9): view('section/index_h...')
#6 /opt/lampp/htdocs/konveksi/system/CodeIgniter.php(802): App\Controllers\Home->index()
#7 /opt/lampp/htdocs/konveksi/system/CodeIgniter.php(399): CodeIgniter\CodeIgniter->runController(Object(App\Controllers\Home))
#8 /opt/lampp/htdocs/konveksi/system/CodeIgniter.php(317): CodeIgniter\CodeIgniter->handleRequest(NULL, Object(Config\Cache), false)
#9 /opt/lampp/htdocs/konveksi/index.php(38): CodeIgniter\CodeIgniter->run()
#10 {main}
CRITICAL - 2022-03-31 09:56:01 --> Call to undefined method App\Models\MenuModel::findAllLoginas
#0 /opt/lampp/htdocs/konveksi/app/Views/layout/top-nav.php(110): CodeIgniter\Model->__call('findAllLoginas', Array)
#1 /opt/lampp/htdocs/konveksi/system/View/View.php(214): include('/opt/lampp/htdo...')
#2 /opt/lampp/htdocs/konveksi/system/View/View.php(217): CodeIgniter\View\View->CodeIgniter\View\{closure}()
#3 /opt/lampp/htdocs/konveksi/system/View/View.php(230): CodeIgniter\View\View->render('layout/top-nav', Array, true)
#4 /opt/lampp/htdocs/konveksi/system/Common.php(1092): CodeIgniter\View\View->render('section/index_h...', Array, true)
#5 /opt/lampp/htdocs/konveksi/app/Controllers/Home.php(9): view('section/index_h...')
#6 /opt/lampp/htdocs/konveksi/system/CodeIgniter.php(802): App\Controllers\Home->index()
#7 /opt/lampp/htdocs/konveksi/system/CodeIgniter.php(399): CodeIgniter\CodeIgniter->runController(Object(App\Controllers\Home))
#8 /opt/lampp/htdocs/konveksi/system/CodeIgniter.php(317): CodeIgniter\CodeIgniter->handleRequest(NULL, Object(Config\Cache), false)
#9 /opt/lampp/htdocs/konveksi/index.php(38): CodeIgniter\CodeIgniter->run()
#10 {main}
CRITICAL - 2022-03-31 09:57:31 --> Call to undefined method App\Models\MenuModel::findRole
#0 /opt/lampp/htdocs/konveksi/app/Controllers/Accessmenu.php(18): CodeIgniter\Model->__call('findRole', Array)
#1 /opt/lampp/htdocs/konveksi/system/CodeIgniter.php(802): App\Controllers\Accessmenu->index()
#2 /opt/lampp/htdocs/konveksi/system/CodeIgniter.php(399): CodeIgniter\CodeIgniter->runController(Object(App\Controllers\Accessmenu))
#3 /opt/lampp/htdocs/konveksi/system/CodeIgniter.php(317): CodeIgniter\CodeIgniter->handleRequest(NULL, Object(Config\Cache), false)
#4 /opt/lampp/htdocs/konveksi/index.php(38): CodeIgniter\CodeIgniter->run()
#5 {main}
CRITICAL - 2022-03-31 09:59:08 --> Argument 1 passed to _get_uri() must be of the type string, null given, called in /opt/lampp/htdocs/konveksi/system/Helpers/url_helper.php on line 87
#0 /opt/lampp/htdocs/konveksi/system/Helpers/url_helper.php(87): _get_uri(NULL, Object(Config\App))
#1 /opt/lampp/htdocs/konveksi/system/Helpers/url_helper.php(106): site_url(NULL, NULL, Object(Config\App))
#2 /opt/lampp/htdocs/konveksi/app/Views/layout/top-nav.php(73): base_url(NULL)
#3 /opt/lampp/htdocs/konveksi/system/View/View.php(214): include('/opt/lampp/htdo...')
#4 /opt/lampp/htdocs/konveksi/system/View/View.php(217): CodeIgniter\View\View->CodeIgniter\View\{closure}()
#5 /opt/lampp/htdocs/konveksi/system/View/View.php(230): CodeIgniter\View\View->render('layout/top-nav', Array, true)
#6 /opt/lampp/htdocs/konveksi/system/Common.php(1092): CodeIgniter\View\View->render('section/index_h...', Array, true)
#7 /opt/lampp/htdocs/konveksi/app/Controllers/Home.php(9): view('section/index_h...')
#8 /opt/lampp/htdocs/konveksi/system/CodeIgniter.php(802): App\Controllers\Home->index()
#9 /opt/lampp/htdocs/konveksi/system/CodeIgniter.php(399): CodeIgniter\CodeIgniter->runController(Object(App\Controllers\Home))
#10 /opt/lampp/htdocs/konveksi/system/CodeIgniter.php(317): CodeIgniter\CodeIgniter->handleRequest(NULL, Object(Config\Cache), false)
#11 /opt/lampp/htdocs/konveksi/index.php(38): CodeIgniter\CodeIgniter->run()
#12 {main}
CRITICAL - 2022-03-31 09:59:16 --> Argument 1 passed to _get_uri() must be of the type string, null given, called in /opt/lampp/htdocs/konveksi/system/Helpers/url_helper.php on line 87
#0 /opt/lampp/htdocs/konveksi/system/Helpers/url_helper.php(87): _get_uri(NULL, Object(Config\App))
#1 /opt/lampp/htdocs/konveksi/system/Helpers/url_helper.php(106): site_url(NULL, NULL, Object(Config\App))
#2 /opt/lampp/htdocs/konveksi/app/Views/layout/top-nav.php(73): base_url(NULL)
#3 /opt/lampp/htdocs/konveksi/system/View/View.php(214): include('/opt/lampp/htdo...')
#4 /opt/lampp/htdocs/konveksi/system/View/View.php(217): CodeIgniter\View\View->CodeIgniter\View\{closure}()
#5 /opt/lampp/htdocs/konveksi/system/View/View.php(230): CodeIgniter\View\View->render('layout/top-nav', Array, true)
#6 /opt/lampp/htdocs/konveksi/system/Common.php(1092): CodeIgniter\View\View->render('section/index_h...', Array, true)
#7 /opt/lampp/htdocs/konveksi/app/Controllers/Home.php(9): view('section/index_h...')
#8 /opt/lampp/htdocs/konveksi/system/CodeIgniter.php(802): App\Controllers\Home->index()
#9 /opt/lampp/htdocs/konveksi/system/CodeIgniter.php(399): CodeIgniter\CodeIgniter->runController(Object(App\Controllers\Home))
#10 /opt/lampp/htdocs/konveksi/system/CodeIgniter.php(317): CodeIgniter\CodeIgniter->handleRequest(NULL, Object(Config\Cache), false)
#11 /opt/lampp/htdocs/konveksi/index.php(38): CodeIgniter\CodeIgniter->run()
#12 {main}
CRITICAL - 2022-03-31 10:00:14 --> Call to undefined method App\Models\MenuModel::findRole
#0 /opt/lampp/htdocs/konveksi/app/Controllers/Accessmenu.php(18): CodeIgniter\Model->__call('findRole', Array)
#1 /opt/lampp/htdocs/konveksi/system/CodeIgniter.php(802): App\Controllers\Accessmenu->index()
#2 /opt/lampp/htdocs/konveksi/system/CodeIgniter.php(399): CodeIgniter\CodeIgniter->runController(Object(App\Controllers\Accessmenu))
#3 /opt/lampp/htdocs/konveksi/system/CodeIgniter.php(317): CodeIgniter\CodeIgniter->handleRequest(NULL, Object(Config\Cache), false)
#4 /opt/lampp/htdocs/konveksi/index.php(38): CodeIgniter\CodeIgniter->run()
#5 {main}
CRITICAL - 2022-03-31 10:02:08 --> Call to undefined method App\Models\MenuModel::findRole
#0 /opt/lampp/htdocs/konveksi/app/Controllers/Useraccess.php(69): CodeIgniter\Model->__call('findRole', Array)
#1 /opt/lampp/htdocs/konveksi/app/Controllers/Useraccess.php(46): App\Controllers\Useraccess->_getLoginas('1')
#2 /opt/lampp/htdocs/konveksi/system/CodeIgniter.php(802): App\Controllers\Useraccess->list_useraccess('e1773c30b1b8c31...')
#3 /opt/lampp/htdocs/konveksi/system/CodeIgniter.php(399): CodeIgniter\CodeIgniter->runController(Object(App\Controllers\Useraccess))
#4 /opt/lampp/htdocs/konveksi/system/CodeIgniter.php(317): CodeIgniter\CodeIgniter->handleRequest(NULL, Object(Config\Cache), false)
#5 /opt/lampp/htdocs/konveksi/index.php(38): CodeIgniter\CodeIgniter->run()
#6 {main}
CRITICAL - 2022-03-31 10:02:41 --> Call to undefined method App\Models\MenuModel::findRole
#0 /opt/lampp/htdocs/konveksi/app/Controllers/Useraccess.php(69): CodeIgniter\Model->__call('findRole', Array)
#1 /opt/lampp/htdocs/konveksi/app/Controllers/Useraccess.php(46): App\Controllers\Useraccess->_getLoginas('1')
#2 /opt/lampp/htdocs/konveksi/system/CodeIgniter.php(802): App\Controllers\Useraccess->list_useraccess('d9ce311288aad3a...')
#3 /opt/lampp/htdocs/konveksi/system/CodeIgniter.php(399): CodeIgniter\CodeIgniter->runController(Object(App\Controllers\Useraccess))
#4 /opt/lampp/htdocs/konveksi/system/CodeIgniter.php(317): CodeIgniter\CodeIgniter->handleRequest(NULL, Object(Config\Cache), false)
#5 /opt/lampp/htdocs/konveksi/index.php(38): CodeIgniter\CodeIgniter->run()
#6 {main}
CRITICAL - 2022-03-31 10:03:13 --> Call to undefined method App\Models\MenuModel::findRole
#0 /opt/lampp/htdocs/konveksi/app/Controllers/Useraccess.php(69): CodeIgniter\Model->__call('findRole', Array)
#1 /opt/lampp/htdocs/konveksi/app/Controllers/Useraccess.php(46): App\Controllers\Useraccess->_getLoginas('1')
#2 /opt/lampp/htdocs/konveksi/system/CodeIgniter.php(802): App\Controllers\Useraccess->list_useraccess('ec914f6a45c5b41...')
#3 /opt/lampp/htdocs/konveksi/system/CodeIgniter.php(399): CodeIgniter\CodeIgniter->runController(Object(App\Controllers\Useraccess))
#4 /opt/lampp/htdocs/konveksi/system/CodeIgniter.php(317): CodeIgniter\CodeIgniter->handleRequest(NULL, Object(Config\Cache), false)
#5 /opt/lampp/htdocs/konveksi/index.php(38): CodeIgniter\CodeIgniter->run()
#6 {main}
CRITICAL - 2022-03-31 10:05:43 --> Call to undefined method App\Models\MenuModel::findRole
#0 /opt/lampp/htdocs/konveksi/app/Controllers/Useraccess.php(69): CodeIgniter\Model->__call('findRole', Array)
#1 /opt/lampp/htdocs/konveksi/app/Controllers/Useraccess.php(46): App\Controllers\Useraccess->_getLoginas('1')
#2 /opt/lampp/htdocs/konveksi/system/CodeIgniter.php(802): App\Controllers\Useraccess->list_useraccess('48725e7beacfc54...')
#3 /opt/lampp/htdocs/konveksi/system/CodeIgniter.php(399): CodeIgniter\CodeIgniter->runController(Object(App\Controllers\Useraccess))
#4 /opt/lampp/htdocs/konveksi/system/CodeIgniter.php(317): CodeIgniter\CodeIgniter->handleRequest(NULL, Object(Config\Cache), false)
#5 /opt/lampp/htdocs/konveksi/index.php(38): CodeIgniter\CodeIgniter->run()
#6 {main}
CRITICAL - 2022-03-31 10:06:01 --> Call to undefined method App\Models\MenuModel::findRole
#0 /opt/lampp/htdocs/konveksi/app/Controllers/Useraccess.php(69): CodeIgniter\Model->__call('findRole', Array)
#1 /opt/lampp/htdocs/konveksi/app/Controllers/Useraccess.php(46): App\Controllers\Useraccess->_getLoginas('1')
#2 /opt/lampp/htdocs/konveksi/system/CodeIgniter.php(802): App\Controllers\Useraccess->list_useraccess('e33bb06a4b206f4...')
#3 /opt/lampp/htdocs/konveksi/system/CodeIgniter.php(399): CodeIgniter\CodeIgniter->runController(Object(App\Controllers\Useraccess))
#4 /opt/lampp/htdocs/konveksi/system/CodeIgniter.php(317): CodeIgniter\CodeIgniter->handleRequest(NULL, Object(Config\Cache), false)
#5 /opt/lampp/htdocs/konveksi/index.php(38): CodeIgniter\CodeIgniter->run()
#6 {main}
CRITICAL - 2022-03-31 10:14:30 --> Invalid file: section/index_useraccess.php
#0 /opt/lampp/htdocs/konveksi/system/View/View.php(198): CodeIgniter\Exceptions\FrameworkException::forInvalidFile('section/index_u...')
#1 /opt/lampp/htdocs/konveksi/system/Common.php(1092): CodeIgniter\View\View->render('section/index_u...', Array, true)
#2 /opt/lampp/htdocs/konveksi/app/Controllers/Users.php(20): view('section/index_u...', Array)
#3 /opt/lampp/htdocs/konveksi/system/CodeIgniter.php(802): App\Controllers\Users->index()
#4 /opt/lampp/htdocs/konveksi/system/CodeIgniter.php(399): CodeIgniter\CodeIgniter->runController(Object(App\Controllers\Users))
#5 /opt/lampp/htdocs/konveksi/system/CodeIgniter.php(317): CodeIgniter\CodeIgniter->handleRequest(NULL, Object(Config\Cache), false)
#6 /opt/lampp/htdocs/konveksi/index.php(38): CodeIgniter\CodeIgniter->run()
#7 {main}
CRITICAL - 2022-03-31 10:14:32 --> Invalid file: section/index_useraccess.php
#0 /opt/lampp/htdocs/konveksi/system/View/View.php(198): CodeIgniter\Exceptions\FrameworkException::forInvalidFile('section/index_u...')
#1 /opt/lampp/htdocs/konveksi/system/Common.php(1092): CodeIgniter\View\View->render('section/index_u...', Array, true)
#2 /opt/lampp/htdocs/konveksi/app/Controllers/Users.php(20): view('section/index_u...', Array)
#3 /opt/lampp/htdocs/konveksi/system/CodeIgniter.php(802): App\Controllers\Users->index()
#4 /opt/lampp/htdocs/konveksi/system/CodeIgniter.php(399): CodeIgniter\CodeIgniter->runController(Object(App\Controllers\Users))
#5 /opt/lampp/htdocs/konveksi/system/CodeIgniter.php(317): CodeIgniter\CodeIgniter->handleRequest(NULL, Object(Config\Cache), false)
#6 /opt/lampp/htdocs/konveksi/index.php(38): CodeIgniter\CodeIgniter->run()
#7 {main}
CRITICAL - 2022-03-31 10:14:53 --> Invalid file: section/index_useraccess.php
#0 /opt/lampp/htdocs/konveksi/system/View/View.php(198): CodeIgniter\Exceptions\FrameworkException::forInvalidFile('section/index_u...')
#1 /opt/lampp/htdocs/konveksi/system/Common.php(1092): CodeIgniter\View\View->render('section/index_u...', Array, true)
#2 /opt/lampp/htdocs/konveksi/app/Controllers/Users.php(20): view('section/index_u...', Array)
#3 /opt/lampp/htdocs/konveksi/system/CodeIgniter.php(802): App\Controllers\Users->index()
#4 /opt/lampp/htdocs/konveksi/system/CodeIgniter.php(399): CodeIgniter\CodeIgniter->runController(Object(App\Controllers\Users))
#5 /opt/lampp/htdocs/konveksi/system/CodeIgniter.php(317): CodeIgniter\CodeIgniter->handleRequest(NULL, Object(Config\Cache), false)
#6 /opt/lampp/htdocs/konveksi/index.php(38): CodeIgniter\CodeIgniter->run()
#7 {main}
CRITICAL - 2022-03-31 10:21:13 --> Call to undefined method App\Models\MenuModel::findRole
#0 /opt/lampp/htdocs/konveksi/app/Controllers/Accessmenu.php(18): CodeIgniter\Model->__call('findRole', Array)
#1 /opt/lampp/htdocs/konveksi/system/CodeIgniter.php(802): App\Controllers\Accessmenu->index()
#2 /opt/lampp/htdocs/konveksi/system/CodeIgniter.php(399): CodeIgniter\CodeIgniter->runController(Object(App\Controllers\Accessmenu))
#3 /opt/lampp/htdocs/konveksi/system/CodeIgniter.php(317): CodeIgniter\CodeIgniter->handleRequest(NULL, Object(Config\Cache), false)
#4 /opt/lampp/htdocs/konveksi/index.php(38): CodeIgniter\CodeIgniter->run()
#5 {main}
CRITICAL - 2022-03-31 10:27:20 --> Call to undefined method App\Models\MenuModel::findRole
#0 /opt/lampp/htdocs/konveksi/app/Controllers/Accessmenu.php(18): CodeIgniter\Model->__call('findRole', Array)
#1 /opt/lampp/htdocs/konveksi/system/CodeIgniter.php(802): App\Controllers\Accessmenu->index()
#2 /opt/lampp/htdocs/konveksi/system/CodeIgniter.php(399): CodeIgniter\CodeIgniter->runController(Object(App\Controllers\Accessmenu))
#3 /opt/lampp/htdocs/konveksi/system/CodeIgniter.php(317): CodeIgniter\CodeIgniter->handleRequest(NULL, Object(Config\Cache), false)
#4 /opt/lampp/htdocs/konveksi/index.php(38): CodeIgniter\CodeIgniter->run()
#5 {main}
CRITICAL - 2022-03-31 10:29:30 --> Call to undefined method App\Models\MenuModel::findRole
#0 /opt/lampp/htdocs/konveksi/app/Controllers/Accessmenu.php(18): CodeIgniter\Model->__call('findRole', Array)
#1 /opt/lampp/htdocs/konveksi/system/CodeIgniter.php(802): App\Controllers\Accessmenu->index()
#2 /opt/lampp/htdocs/konveksi/system/CodeIgniter.php(399): CodeIgniter\CodeIgniter->runController(Object(App\Controllers\Accessmenu))
#3 /opt/lampp/htdocs/konveksi/system/CodeIgniter.php(317): CodeIgniter\CodeIgniter->handleRequest(NULL, Object(Config\Cache), false)
#4 /opt/lampp/htdocs/konveksi/index.php(38): CodeIgniter\CodeIgniter->run()
#5 {main}
CRITICAL - 2022-03-31 10:34:05 --> Call to undefined method App\Models\MenuModel::findRole
#0 /opt/lampp/htdocs/konveksi/app/Controllers/Accessmenu.php(18): CodeIgniter\Model->__call('findRole', Array)
#1 /opt/lampp/htdocs/konveksi/system/CodeIgniter.php(802): App\Controllers\Accessmenu->index()
#2 /opt/lampp/htdocs/konveksi/system/CodeIgniter.php(399): CodeIgniter\CodeIgniter->runController(Object(App\Controllers\Accessmenu))
#3 /opt/lampp/htdocs/konveksi/system/CodeIgniter.php(317): CodeIgniter\CodeIgniter->handleRequest(NULL, Object(Config\Cache), false)
#4 /opt/lampp/htdocs/konveksi/index.php(38): CodeIgniter\CodeIgniter->run()
#5 {main}
