CRITICAL - 2022-04-21 08:37:18 --> The action you requested is not allowed.
#0 /opt/lampp/htdocs/konveksi/system/Security/Security.php(222): CodeIgniter\Security\Exceptions\SecurityException::forDisallowedAction()
#1 /opt/lampp/htdocs/konveksi/system/Filters/CSRF.php(53): CodeIgniter\Security\Security->verify(Object(CodeIgniter\HTTP\IncomingRequest))
#2 /opt/lampp/htdocs/konveksi/system/Filters/Filters.php(169): CodeIgniter\Filters\CSRF->before(Object(CodeIgniter\HTTP\IncomingRequest), NULL)
#3 /opt/lampp/htdocs/konveksi/system/CodeIgniter.php(374): CodeIgniter\Filters\Filters->run('/save/hasilbord...', 'before')
#4 /opt/lampp/htdocs/konveksi/system/CodeIgniter.php(317): CodeIgniter\CodeIgniter->handleRequest(NULL, Object(Config\Cache), false)
#5 /opt/lampp/htdocs/konveksi/index.php(38): CodeIgniter\CodeIgniter->run()
#6 {main}
CRITICAL - 2022-04-21 08:37:18 --> The action you requested is not allowed.
#0 /opt/lampp/htdocs/konveksi/system/Security/Security.php(222): CodeIgniter\Security\Exceptions\SecurityException::forDisallowedAction()
#1 /opt/lampp/htdocs/konveksi/system/Filters/CSRF.php(53): CodeIgniter\Security\Security->verify(Object(CodeIgniter\HTTP\IncomingRequest))
#2 /opt/lampp/htdocs/konveksi/system/Filters/Filters.php(169): CodeIgniter\Filters\CSRF->before(Object(CodeIgniter\HTTP\IncomingRequest), NULL)
#3 /opt/lampp/htdocs/konveksi/system/CodeIgniter.php(374): CodeIgniter\Filters\Filters->run('/save/hasilbord...', 'before')
#4 /opt/lampp/htdocs/konveksi/system/CodeIgniter.php(317): CodeIgniter\CodeIgniter->handleRequest(NULL, Object(Config\Cache), false)
#5 /opt/lampp/htdocs/konveksi/index.php(38): CodeIgniter\CodeIgniter->run()
#6 {main}
CRITICAL - 2022-04-21 08:41:03 --> There is no data to update.
#0 /opt/lampp/htdocs/konveksi/system/BaseModel.php(846): CodeIgniter\Database\Exceptions\DataException::forEmptyDataset('update')
#1 /opt/lampp/htdocs/konveksi/system/Model.php(646): CodeIgniter\BaseModel->update(Array, Array)
#2 /opt/lampp/htdocs/konveksi/app/Controllers/Bordir.php(264): CodeIgniter\Model->update('15', Array)
#3 /opt/lampp/htdocs/konveksi/system/CodeIgniter.php(802): App\Controllers\Bordir->save_hasil_bordir('$')
#4 /opt/lampp/htdocs/konveksi/system/CodeIgniter.php(399): CodeIgniter\CodeIgniter->runController(Object(App\Controllers\Bordir))
#5 /opt/lampp/htdocs/konveksi/system/CodeIgniter.php(317): CodeIgniter\CodeIgniter->handleRequest(NULL, Object(Config\Cache), false)
#6 /opt/lampp/htdocs/konveksi/index.php(38): CodeIgniter\CodeIgniter->run()
#7 {main}
CRITICAL - 2022-04-21 08:41:14 --> There is no data to update.
#0 /opt/lampp/htdocs/konveksi/system/BaseModel.php(846): CodeIgniter\Database\Exceptions\DataException::forEmptyDataset('update')
#1 /opt/lampp/htdocs/konveksi/system/Model.php(646): CodeIgniter\BaseModel->update(Array, Array)
#2 /opt/lampp/htdocs/konveksi/app/Controllers/Bordir.php(264): CodeIgniter\Model->update('15', Array)
#3 /opt/lampp/htdocs/konveksi/system/CodeIgniter.php(802): App\Controllers\Bordir->save_hasil_bordir('$')
#4 /opt/lampp/htdocs/konveksi/system/CodeIgniter.php(399): CodeIgniter\CodeIgniter->runController(Object(App\Controllers\Bordir))
#5 /opt/lampp/htdocs/konveksi/system/CodeIgniter.php(317): CodeIgniter\CodeIgniter->handleRequest(NULL, Object(Config\Cache), false)
#6 /opt/lampp/htdocs/konveksi/index.php(38): CodeIgniter\CodeIgniter->run()
#7 {main}
CRITICAL - 2022-04-21 08:43:09 --> Undefined property: stdClass::$bordir_selesai
#0 /opt/lampp/htdocs/konveksi/app/Controllers/Bordir.php(172): CodeIgniter\Debug\Exceptions->errorHandler(8, 'Undefined prope...', '/opt/lampp/htdo...', 172, Array)
#1 /opt/lampp/htdocs/konveksi/system/CodeIgniter.php(802): App\Controllers\Bordir->list_hasil_bordir('9cfbd624cc97616...')
#2 /opt/lampp/htdocs/konveksi/system/CodeIgniter.php(399): CodeIgniter\CodeIgniter->runController(Object(App\Controllers\Bordir))
#3 /opt/lampp/htdocs/konveksi/system/CodeIgniter.php(317): CodeIgniter\CodeIgniter->handleRequest(NULL, Object(Config\Cache), false)
#4 /opt/lampp/htdocs/konveksi/index.php(38): CodeIgniter\CodeIgniter->run()
#5 {main}
CRITICAL - 2022-04-21 08:43:59 --> Undefined property: stdClass::$tugas_bordir
#0 /opt/lampp/htdocs/konveksi/app/Models/BordirModel.php(113): CodeIgniter\Debug\Exceptions->errorHandler(8, 'Undefined prope...', '/opt/lampp/htdo...', 113, Array)
#1 /opt/lampp/htdocs/konveksi/app/Models/BordirModel.php(123): App\Models\BordirModel->countTugasBordir('33')
#2 /opt/lampp/htdocs/konveksi/app/Models/BordirModel.php(45): App\Models\BordirModel->_whereTugasBordir()
#3 /opt/lampp/htdocs/konveksi/app/Models/BordirModel.php(85): App\Models\BordirModel->_queryTugasBordir(Object(CodeIgniter\Database\MySQLi\Builder))
#4 /opt/lampp/htdocs/konveksi/app/Controllers/Bordir.php(24): App\Models\BordirModel->getTugasBordir()
#5 /opt/lampp/htdocs/konveksi/system/CodeIgniter.php(802): App\Controllers\Bordir->list_tugas_bordir('0ed07624f38f438...')
#6 /opt/lampp/htdocs/konveksi/system/CodeIgniter.php(399): CodeIgniter\CodeIgniter->runController(Object(App\Controllers\Bordir))
#7 /opt/lampp/htdocs/konveksi/system/CodeIgniter.php(317): CodeIgniter\CodeIgniter->handleRequest(NULL, Object(Config\Cache), false)
#8 /opt/lampp/htdocs/konveksi/index.php(38): CodeIgniter\CodeIgniter->run()
#9 {main}
ERROR - 2022-04-21 08:43:59 --> Unknown column 'b.tugas_bordir' in 'field list'
CRITICAL - 2022-04-21 08:43:59 --> Unknown column 'b.tugas_bordir' in 'field list'
#0 /opt/lampp/htdocs/konveksi/system/Database/MySQLi/Connection.php(280): mysqli->query('SELECT `b`.`id_...')
#1 /opt/lampp/htdocs/konveksi/system/Database/BaseConnection.php(663): CodeIgniter\Database\MySQLi\Connection->execute('SELECT `b`.`id_...')
#2 /opt/lampp/htdocs/konveksi/system/Database/BaseConnection.php(591): CodeIgniter\Database\BaseConnection->simpleQuery('SELECT `b`.`id_...')
#3 /opt/lampp/htdocs/konveksi/system/Database/BaseBuilder.php(1428): CodeIgniter\Database\BaseConnection->query('SELECT `b`.`id_...', Array, false)
#4 /opt/lampp/htdocs/konveksi/app/Models/BordirModel.php(204): CodeIgniter\Database\BaseBuilder->get()
#5 /opt/lampp/htdocs/konveksi/app/Controllers/Bordir.php(152): App\Models\BordirModel->getHasilBordir()
#6 /opt/lampp/htdocs/konveksi/system/CodeIgniter.php(802): App\Controllers\Bordir->list_hasil_bordir('0ed07624f38f438...')
#7 /opt/lampp/htdocs/konveksi/system/CodeIgniter.php(399): CodeIgniter\CodeIgniter->runController(Object(App\Controllers\Bordir))
#8 /opt/lampp/htdocs/konveksi/system/CodeIgniter.php(317): CodeIgniter\CodeIgniter->handleRequest(NULL, Object(Config\Cache), false)
#9 /opt/lampp/htdocs/konveksi/index.php(38): CodeIgniter\CodeIgniter->run()
#10 {main}
CRITICAL - 2022-04-21 08:44:07 --> Undefined property: stdClass::$tugas_bordir
#0 /opt/lampp/htdocs/konveksi/app/Models/BordirModel.php(113): CodeIgniter\Debug\Exceptions->errorHandler(8, 'Undefined prope...', '/opt/lampp/htdo...', 113, Array)
#1 /opt/lampp/htdocs/konveksi/app/Models/BordirModel.php(123): App\Models\BordirModel->countTugasBordir('33')
#2 /opt/lampp/htdocs/konveksi/app/Models/BordirModel.php(45): App\Models\BordirModel->_whereTugasBordir()
#3 /opt/lampp/htdocs/konveksi/app/Models/BordirModel.php(85): App\Models\BordirModel->_queryTugasBordir(Object(CodeIgniter\Database\MySQLi\Builder))
#4 /opt/lampp/htdocs/konveksi/app/Controllers/Bordir.php(24): App\Models\BordirModel->getTugasBordir()
#5 /opt/lampp/htdocs/konveksi/system/CodeIgniter.php(802): App\Controllers\Bordir->list_tugas_bordir('1f2f7f35225e92d...')
#6 /opt/lampp/htdocs/konveksi/system/CodeIgniter.php(399): CodeIgniter\CodeIgniter->runController(Object(App\Controllers\Bordir))
#7 /opt/lampp/htdocs/konveksi/system/CodeIgniter.php(317): CodeIgniter\CodeIgniter->handleRequest(NULL, Object(Config\Cache), false)
#8 /opt/lampp/htdocs/konveksi/index.php(38): CodeIgniter\CodeIgniter->run()
#9 {main}
ERROR - 2022-04-21 08:44:07 --> Unknown column 'b.tugas_bordir' in 'field list'
CRITICAL - 2022-04-21 08:44:07 --> Unknown column 'b.tugas_bordir' in 'field list'
#0 /opt/lampp/htdocs/konveksi/system/Database/MySQLi/Connection.php(280): mysqli->query('SELECT `b`.`id_...')
#1 /opt/lampp/htdocs/konveksi/system/Database/BaseConnection.php(663): CodeIgniter\Database\MySQLi\Connection->execute('SELECT `b`.`id_...')
#2 /opt/lampp/htdocs/konveksi/system/Database/BaseConnection.php(591): CodeIgniter\Database\BaseConnection->simpleQuery('SELECT `b`.`id_...')
#3 /opt/lampp/htdocs/konveksi/system/Database/BaseBuilder.php(1428): CodeIgniter\Database\BaseConnection->query('SELECT `b`.`id_...', Array, false)
#4 /opt/lampp/htdocs/konveksi/app/Models/BordirModel.php(204): CodeIgniter\Database\BaseBuilder->get()
#5 /opt/lampp/htdocs/konveksi/app/Controllers/Bordir.php(152): App\Models\BordirModel->getHasilBordir()
#6 /opt/lampp/htdocs/konveksi/system/CodeIgniter.php(802): App\Controllers\Bordir->list_hasil_bordir('1f2f7f35225e92d...')
#7 /opt/lampp/htdocs/konveksi/system/CodeIgniter.php(399): CodeIgniter\CodeIgniter->runController(Object(App\Controllers\Bordir))
#8 /opt/lampp/htdocs/konveksi/system/CodeIgniter.php(317): CodeIgniter\CodeIgniter->handleRequest(NULL, Object(Config\Cache), false)
#9 /opt/lampp/htdocs/konveksi/index.php(38): CodeIgniter\CodeIgniter->run()
#10 {main}
CRITICAL - 2022-04-21 08:44:37 --> Undefined property: stdClass::$tugas_bordir
#0 /opt/lampp/htdocs/konveksi/app/Models/BordirModel.php(113): CodeIgniter\Debug\Exceptions->errorHandler(8, 'Undefined prope...', '/opt/lampp/htdo...', 113, Array)
#1 /opt/lampp/htdocs/konveksi/app/Models/BordirModel.php(123): App\Models\BordirModel->countTugasBordir('33')
#2 /opt/lampp/htdocs/konveksi/app/Models/BordirModel.php(45): App\Models\BordirModel->_whereTugasBordir()
#3 /opt/lampp/htdocs/konveksi/app/Models/BordirModel.php(85): App\Models\BordirModel->_queryTugasBordir(Object(CodeIgniter\Database\MySQLi\Builder))
#4 /opt/lampp/htdocs/konveksi/app/Controllers/Bordir.php(24): App\Models\BordirModel->getTugasBordir()
#5 /opt/lampp/htdocs/konveksi/system/CodeIgniter.php(802): App\Controllers\Bordir->list_tugas_bordir('bae73dba03f6f8d...')
#6 /opt/lampp/htdocs/konveksi/system/CodeIgniter.php(399): CodeIgniter\CodeIgniter->runController(Object(App\Controllers\Bordir))
#7 /opt/lampp/htdocs/konveksi/system/CodeIgniter.php(317): CodeIgniter\CodeIgniter->handleRequest(NULL, Object(Config\Cache), false)
#8 /opt/lampp/htdocs/konveksi/index.php(38): CodeIgniter\CodeIgniter->run()
#9 {main}
ERROR - 2022-04-21 09:12:09 --> You have an error in your SQL syntax; check the manual that corresponds to your MariaDB server version for the right syntax to use near ')
ORDER BY `b`.`id_bordir` DESC
 LIMIT 10' at line 10
CRITICAL - 2022-04-21 09:12:09 --> You have an error in your SQL syntax; check the manual that corresponds to your MariaDB server version for the right syntax to use near ')
ORDER BY `b`.`id_bordir` DESC
 LIMIT 10' at line 10
#0 /opt/lampp/htdocs/konveksi/system/Database/MySQLi/Connection.php(280): mysqli->query('SELECT `b`.`id_...')
#1 /opt/lampp/htdocs/konveksi/system/Database/BaseConnection.php(663): CodeIgniter\Database\MySQLi\Connection->execute('SELECT `b`.`id_...')
#2 /opt/lampp/htdocs/konveksi/system/Database/BaseConnection.php(591): CodeIgniter\Database\BaseConnection->simpleQuery('SELECT `b`.`id_...')
#3 /opt/lampp/htdocs/konveksi/system/Database/BaseBuilder.php(1428): CodeIgniter\Database\BaseConnection->query('SELECT `b`.`id_...', Array, false)
#4 /opt/lampp/htdocs/konveksi/app/Models/BordirModel.php(205): CodeIgniter\Database\BaseBuilder->get()
#5 /opt/lampp/htdocs/konveksi/app/Controllers/Bordir.php(152): App\Models\BordirModel->getHasilBordir()
#6 /opt/lampp/htdocs/konveksi/system/CodeIgniter.php(802): App\Controllers\Bordir->list_hasil_bordir('5832a6692756a64...')
#7 /opt/lampp/htdocs/konveksi/system/CodeIgniter.php(399): CodeIgniter\CodeIgniter->runController(Object(App\Controllers\Bordir))
#8 /opt/lampp/htdocs/konveksi/system/CodeIgniter.php(317): CodeIgniter\CodeIgniter->handleRequest(NULL, Object(Config\Cache), false)
#9 /opt/lampp/htdocs/konveksi/index.php(38): CodeIgniter\CodeIgniter->run()
#10 {main}
ERROR - 2022-04-21 09:12:14 --> You have an error in your SQL syntax; check the manual that corresponds to your MariaDB server version for the right syntax to use near ')
ORDER BY `b`.`id_bordir` DESC
 LIMIT 10' at line 10
CRITICAL - 2022-04-21 09:12:14 --> You have an error in your SQL syntax; check the manual that corresponds to your MariaDB server version for the right syntax to use near ')
ORDER BY `b`.`id_bordir` DESC
 LIMIT 10' at line 10
#0 /opt/lampp/htdocs/konveksi/system/Database/MySQLi/Connection.php(280): mysqli->query('SELECT `b`.`id_...')
#1 /opt/lampp/htdocs/konveksi/system/Database/BaseConnection.php(663): CodeIgniter\Database\MySQLi\Connection->execute('SELECT `b`.`id_...')
#2 /opt/lampp/htdocs/konveksi/system/Database/BaseConnection.php(591): CodeIgniter\Database\BaseConnection->simpleQuery('SELECT `b`.`id_...')
#3 /opt/lampp/htdocs/konveksi/system/Database/BaseBuilder.php(1428): CodeIgniter\Database\BaseConnection->query('SELECT `b`.`id_...', Array, false)
#4 /opt/lampp/htdocs/konveksi/app/Models/BordirModel.php(205): CodeIgniter\Database\BaseBuilder->get()
#5 /opt/lampp/htdocs/konveksi/app/Controllers/Bordir.php(152): App\Models\BordirModel->getHasilBordir()
#6 /opt/lampp/htdocs/konveksi/system/CodeIgniter.php(802): App\Controllers\Bordir->list_hasil_bordir('9168698b4c38d6c...')
#7 /opt/lampp/htdocs/konveksi/system/CodeIgniter.php(399): CodeIgniter\CodeIgniter->runController(Object(App\Controllers\Bordir))
#8 /opt/lampp/htdocs/konveksi/system/CodeIgniter.php(317): CodeIgniter\CodeIgniter->handleRequest(NULL, Object(Config\Cache), false)
#9 /opt/lampp/htdocs/konveksi/index.php(38): CodeIgniter\CodeIgniter->run()
#10 {main}
ERROR - 2022-04-21 09:12:21 --> You have an error in your SQL syntax; check the manual that corresponds to your MariaDB server version for the right syntax to use near ')
ORDER BY `b`.`id_bordir` DESC
 LIMIT 10' at line 10
CRITICAL - 2022-04-21 09:12:21 --> You have an error in your SQL syntax; check the manual that corresponds to your MariaDB server version for the right syntax to use near ')
ORDER BY `b`.`id_bordir` DESC
 LIMIT 10' at line 10
#0 /opt/lampp/htdocs/konveksi/system/Database/MySQLi/Connection.php(280): mysqli->query('SELECT `b`.`id_...')
#1 /opt/lampp/htdocs/konveksi/system/Database/BaseConnection.php(663): CodeIgniter\Database\MySQLi\Connection->execute('SELECT `b`.`id_...')
#2 /opt/lampp/htdocs/konveksi/system/Database/BaseConnection.php(591): CodeIgniter\Database\BaseConnection->simpleQuery('SELECT `b`.`id_...')
#3 /opt/lampp/htdocs/konveksi/system/Database/BaseBuilder.php(1428): CodeIgniter\Database\BaseConnection->query('SELECT `b`.`id_...', Array, false)
#4 /opt/lampp/htdocs/konveksi/app/Models/BordirModel.php(205): CodeIgniter\Database\BaseBuilder->get()
#5 /opt/lampp/htdocs/konveksi/app/Controllers/Bordir.php(152): App\Models\BordirModel->getHasilBordir()
#6 /opt/lampp/htdocs/konveksi/system/CodeIgniter.php(802): App\Controllers\Bordir->list_hasil_bordir('dfdf0e0f11f3ad4...')
#7 /opt/lampp/htdocs/konveksi/system/CodeIgniter.php(399): CodeIgniter\CodeIgniter->runController(Object(App\Controllers\Bordir))
#8 /opt/lampp/htdocs/konveksi/system/CodeIgniter.php(317): CodeIgniter\CodeIgniter->handleRequest(NULL, Object(Config\Cache), false)
#9 /opt/lampp/htdocs/konveksi/index.php(38): CodeIgniter\CodeIgniter->run()
#10 {main}
CRITICAL - 2022-04-21 10:17:17 --> Undefined variable: button
#0 /opt/lampp/htdocs/konveksi/app/Controllers/Bordir.php(230): CodeIgniter\Debug\Exceptions->errorHandler(8, 'Undefined varia...', '/opt/lampp/htdo...', 230, Array)
#1 /opt/lampp/htdocs/konveksi/system/CodeIgniter.php(802): App\Controllers\Bordir->list_hasil_bordir('230aa74b1718db2...')
#2 /opt/lampp/htdocs/konveksi/system/CodeIgniter.php(399): CodeIgniter\CodeIgniter->runController(Object(App\Controllers\Bordir))
#3 /opt/lampp/htdocs/konveksi/system/CodeIgniter.php(317): CodeIgniter\CodeIgniter->handleRequest(NULL, Object(Config\Cache), false)
#4 /opt/lampp/htdocs/konveksi/index.php(38): CodeIgniter\CodeIgniter->run()
#5 {main}
