ERROR - 2022-06-13 16:17:29 --> Error connecting to the database: Unknown database 'apk_konveksi'
CRITICAL - 2022-06-13 16:17:29 --> Unable to connect to the database.
Main connection [MySQLi]: Unknown database 'apk_konveksi'
#0 /opt/lampp/htdocs/konveksi/system/Database/BaseConnection.php(570): CodeIgniter\Database\BaseConnection->initialize()
#1 /opt/lampp/htdocs/konveksi/system/Database/BaseBuilder.php(1428): CodeIgniter\Database\BaseConnection->query('SELECT *\nFROM `...', Array, false)
#2 /opt/lampp/htdocs/konveksi/system/Model.php(210): CodeIgniter\Database\BaseBuilder->get()
#3 /opt/lampp/htdocs/konveksi/system/BaseModel.php(622): CodeIgniter\Model->doFirst()
#4 /opt/lampp/htdocs/konveksi/app/Controllers/Auth.php(38): CodeIgniter\BaseModel->first()
#5 /opt/lampp/htdocs/konveksi/app/Controllers/Auth.php(30): App\Controllers\Auth->_logged_in()
#6 /opt/lampp/htdocs/konveksi/system/CodeIgniter.php(802): App\Controllers\Auth->login()
#7 /opt/lampp/htdocs/konveksi/system/CodeIgniter.php(399): CodeIgniter\CodeIgniter->runController(Object(App\Controllers\Auth))
#8 /opt/lampp/htdocs/konveksi/system/CodeIgniter.php(317): CodeIgniter\CodeIgniter->handleRequest(NULL, Object(Config\Cache), false)
#9 /opt/lampp/htdocs/konveksi/index.php(38): CodeIgniter\CodeIgniter->run()
#10 {main}
CRITICAL - 2022-06-13 04:17:30 --> The action you requested is not allowed.
#0 /opt/lampp/htdocs/konveksi/system/Security/Security.php(222): CodeIgniter\Security\Exceptions\SecurityException::forDisallowedAction()
#1 /opt/lampp/htdocs/konveksi/system/Filters/CSRF.php(53): CodeIgniter\Security\Security->verify(Object(CodeIgniter\HTTP\IncomingRequest))
#2 /opt/lampp/htdocs/konveksi/system/Filters/Filters.php(169): CodeIgniter\Filters\CSRF->before(Object(CodeIgniter\HTTP\IncomingRequest), NULL)
#3 /opt/lampp/htdocs/konveksi/system/CodeIgniter.php(374): CodeIgniter\Filters\Filters->run('/login', 'before')
#4 /opt/lampp/htdocs/konveksi/system/CodeIgniter.php(317): CodeIgniter\CodeIgniter->handleRequest(NULL, Object(Config\Cache), false)
#5 /opt/lampp/htdocs/konveksi/index.php(38): CodeIgniter\CodeIgniter->run()
#6 {main}
CRITICAL - 2022-06-13 04:17:32 --> The action you requested is not allowed.
#0 /opt/lampp/htdocs/konveksi/system/Security/Security.php(222): CodeIgniter\Security\Exceptions\SecurityException::forDisallowedAction()
#1 /opt/lampp/htdocs/konveksi/system/Filters/CSRF.php(53): CodeIgniter\Security\Security->verify(Object(CodeIgniter\HTTP\IncomingRequest))
#2 /opt/lampp/htdocs/konveksi/system/Filters/Filters.php(169): CodeIgniter\Filters\CSRF->before(Object(CodeIgniter\HTTP\IncomingRequest), NULL)
#3 /opt/lampp/htdocs/konveksi/system/CodeIgniter.php(374): CodeIgniter\Filters\Filters->run('/login', 'before')
#4 /opt/lampp/htdocs/konveksi/system/CodeIgniter.php(317): CodeIgniter\CodeIgniter->handleRequest(NULL, Object(Config\Cache), false)
#5 /opt/lampp/htdocs/konveksi/index.php(38): CodeIgniter\CodeIgniter->run()
#6 {main}
CRITICAL - 2022-06-13 04:17:32 --> The action you requested is not allowed.
#0 /opt/lampp/htdocs/konveksi/system/Security/Security.php(222): CodeIgniter\Security\Exceptions\SecurityException::forDisallowedAction()
#1 /opt/lampp/htdocs/konveksi/system/Filters/CSRF.php(53): CodeIgniter\Security\Security->verify(Object(CodeIgniter\HTTP\IncomingRequest))
#2 /opt/lampp/htdocs/konveksi/system/Filters/Filters.php(169): CodeIgniter\Filters\CSRF->before(Object(CodeIgniter\HTTP\IncomingRequest), NULL)
#3 /opt/lampp/htdocs/konveksi/system/CodeIgniter.php(374): CodeIgniter\Filters\Filters->run('/login', 'before')
#4 /opt/lampp/htdocs/konveksi/system/CodeIgniter.php(317): CodeIgniter\CodeIgniter->handleRequest(NULL, Object(Config\Cache), false)
#5 /opt/lampp/htdocs/konveksi/index.php(38): CodeIgniter\CodeIgniter->run()
#6 {main}
CRITICAL - 2022-06-13 04:17:33 --> The action you requested is not allowed.
#0 /opt/lampp/htdocs/konveksi/system/Security/Security.php(222): CodeIgniter\Security\Exceptions\SecurityException::forDisallowedAction()
#1 /opt/lampp/htdocs/konveksi/system/Filters/CSRF.php(53): CodeIgniter\Security\Security->verify(Object(CodeIgniter\HTTP\IncomingRequest))
#2 /opt/lampp/htdocs/konveksi/system/Filters/Filters.php(169): CodeIgniter\Filters\CSRF->before(Object(CodeIgniter\HTTP\IncomingRequest), NULL)
#3 /opt/lampp/htdocs/konveksi/system/CodeIgniter.php(374): CodeIgniter\Filters\Filters->run('/login', 'before')
#4 /opt/lampp/htdocs/konveksi/system/CodeIgniter.php(317): CodeIgniter\CodeIgniter->handleRequest(NULL, Object(Config\Cache), false)
#5 /opt/lampp/htdocs/konveksi/index.php(38): CodeIgniter\CodeIgniter->run()
#6 {main}
CRITICAL - 2022-06-13 04:20:26 --> The action you requested is not allowed.
#0 /opt/lampp/htdocs/konveksi/system/Security/Security.php(222): CodeIgniter\Security\Exceptions\SecurityException::forDisallowedAction()
#1 /opt/lampp/htdocs/konveksi/system/Filters/CSRF.php(53): CodeIgniter\Security\Security->verify(Object(CodeIgniter\HTTP\IncomingRequest))
#2 /opt/lampp/htdocs/konveksi/system/Filters/Filters.php(169): CodeIgniter\Filters\CSRF->before(Object(CodeIgniter\HTTP\IncomingRequest), NULL)
#3 /opt/lampp/htdocs/konveksi/system/CodeIgniter.php(374): CodeIgniter\Filters\Filters->run('/login', 'before')
#4 /opt/lampp/htdocs/konveksi/system/CodeIgniter.php(317): CodeIgniter\CodeIgniter->handleRequest(NULL, Object(Config\Cache), false)
#5 /opt/lampp/htdocs/konveksi/index.php(38): CodeIgniter\CodeIgniter->run()
#6 {main}
CRITICAL - 2022-06-13 04:20:27 --> The action you requested is not allowed.
#0 /opt/lampp/htdocs/konveksi/system/Security/Security.php(222): CodeIgniter\Security\Exceptions\SecurityException::forDisallowedAction()
#1 /opt/lampp/htdocs/konveksi/system/Filters/CSRF.php(53): CodeIgniter\Security\Security->verify(Object(CodeIgniter\HTTP\IncomingRequest))
#2 /opt/lampp/htdocs/konveksi/system/Filters/Filters.php(169): CodeIgniter\Filters\CSRF->before(Object(CodeIgniter\HTTP\IncomingRequest), NULL)
#3 /opt/lampp/htdocs/konveksi/system/CodeIgniter.php(374): CodeIgniter\Filters\Filters->run('/login', 'before')
#4 /opt/lampp/htdocs/konveksi/system/CodeIgniter.php(317): CodeIgniter\CodeIgniter->handleRequest(NULL, Object(Config\Cache), false)
#5 /opt/lampp/htdocs/konveksi/index.php(38): CodeIgniter\CodeIgniter->run()
#6 {main}
CRITICAL - 2022-06-13 04:20:27 --> The action you requested is not allowed.
#0 /opt/lampp/htdocs/konveksi/system/Security/Security.php(222): CodeIgniter\Security\Exceptions\SecurityException::forDisallowedAction()
#1 /opt/lampp/htdocs/konveksi/system/Filters/CSRF.php(53): CodeIgniter\Security\Security->verify(Object(CodeIgniter\HTTP\IncomingRequest))
#2 /opt/lampp/htdocs/konveksi/system/Filters/Filters.php(169): CodeIgniter\Filters\CSRF->before(Object(CodeIgniter\HTTP\IncomingRequest), NULL)
#3 /opt/lampp/htdocs/konveksi/system/CodeIgniter.php(374): CodeIgniter\Filters\Filters->run('/login', 'before')
#4 /opt/lampp/htdocs/konveksi/system/CodeIgniter.php(317): CodeIgniter\CodeIgniter->handleRequest(NULL, Object(Config\Cache), false)
#5 /opt/lampp/htdocs/konveksi/index.php(38): CodeIgniter\CodeIgniter->run()
#6 {main}
