CRITICAL - 2024-03-07 03:01:15 --> Undefined variable $chart
#0 /opt/lampp/htdocs/arsipsurat/app/Views/section/index_user.php(40): CodeIgniter\Debug\Exceptions->errorHandler(2, 'Undefined varia...', '/opt/lampp/htdo...', 40)
#1 /opt/lampp/htdocs/arsipsurat/system/View/View.php(214): include('/opt/lampp/htdo...')
#2 /opt/lampp/htdocs/arsipsurat/system/View/View.php(217): CodeIgniter\View\View->CodeIgniter\View\{closure}()
#3 /opt/lampp/htdocs/arsipsurat/system/Common.php(1092): CodeIgniter\View\View->render('section/index_u...', Array, true)
#4 /opt/lampp/htdocs/arsipsurat/app/Controllers/Home.php(40): view('section/index_u...', Array)
#5 /opt/lampp/htdocs/arsipsurat/system/CodeIgniter.php(802): App\Controllers\Home->user()
#6 /opt/lampp/htdocs/arsipsurat/system/CodeIgniter.php(399): CodeIgniter\CodeIgniter->runController(Object(App\Controllers\Home))
#7 /opt/lampp/htdocs/arsipsurat/system/CodeIgniter.php(317): CodeIgniter\CodeIgniter->handleRequest(NULL, Object(Config\Cache), false)
#8 /opt/lampp/htdocs/arsipsurat/index.php(38): CodeIgniter\CodeIgniter->run()
#9 {main}
CRITICAL - 2024-03-07 03:01:23 --> Undefined variable $chart
#0 /opt/lampp/htdocs/arsipsurat/app/Views/section/index_user.php(40): CodeIgniter\Debug\Exceptions->errorHandler(2, 'Undefined varia...', '/opt/lampp/htdo...', 40)
#1 /opt/lampp/htdocs/arsipsurat/system/View/View.php(214): include('/opt/lampp/htdo...')
#2 /opt/lampp/htdocs/arsipsurat/system/View/View.php(217): CodeIgniter\View\View->CodeIgniter\View\{closure}()
#3 /opt/lampp/htdocs/arsipsurat/system/Common.php(1092): CodeIgniter\View\View->render('section/index_u...', Array, true)
#4 /opt/lampp/htdocs/arsipsurat/app/Controllers/Home.php(40): view('section/index_u...', Array)
#5 /opt/lampp/htdocs/arsipsurat/system/CodeIgniter.php(802): App\Controllers\Home->user()
#6 /opt/lampp/htdocs/arsipsurat/system/CodeIgniter.php(399): CodeIgniter\CodeIgniter->runController(Object(App\Controllers\Home))
#7 /opt/lampp/htdocs/arsipsurat/system/CodeIgniter.php(317): CodeIgniter\CodeIgniter->handleRequest(NULL, Object(Config\Cache), false)
#8 /opt/lampp/htdocs/arsipsurat/index.php(38): CodeIgniter\CodeIgniter->run()
#9 {main}
CRITICAL - 2024-03-07 03:01:36 --> Undefined variable $chart
#0 /opt/lampp/htdocs/arsipsurat/app/Views/section/index_user.php(40): CodeIgniter\Debug\Exceptions->errorHandler(2, 'Undefined varia...', '/opt/lampp/htdo...', 40)
#1 /opt/lampp/htdocs/arsipsurat/system/View/View.php(214): include('/opt/lampp/htdo...')
#2 /opt/lampp/htdocs/arsipsurat/system/View/View.php(217): CodeIgniter\View\View->CodeIgniter\View\{closure}()
#3 /opt/lampp/htdocs/arsipsurat/system/Common.php(1092): CodeIgniter\View\View->render('section/index_u...', Array, true)
#4 /opt/lampp/htdocs/arsipsurat/app/Controllers/Home.php(34): view('section/index_u...', Array)
#5 /opt/lampp/htdocs/arsipsurat/system/CodeIgniter.php(802): App\Controllers\Home->user()
#6 /opt/lampp/htdocs/arsipsurat/system/CodeIgniter.php(399): CodeIgniter\CodeIgniter->runController(Object(App\Controllers\Home))
#7 /opt/lampp/htdocs/arsipsurat/system/CodeIgniter.php(317): CodeIgniter\CodeIgniter->handleRequest(NULL, Object(Config\Cache), false)
#8 /opt/lampp/htdocs/arsipsurat/index.php(38): CodeIgniter\CodeIgniter->run()
#9 {main}
CRITICAL - 2024-03-07 03:04:09 --> Undefined variable $title
#0 /opt/lampp/htdocs/arsipsurat/app/Views/layout/fixed-sidebar.php(139): CodeIgniter\Debug\Exceptions->errorHandler(2, 'Undefined varia...', '/opt/lampp/htdo...', 139)
#1 /opt/lampp/htdocs/arsipsurat/system/View/View.php(214): include('/opt/lampp/htdo...')
#2 /opt/lampp/htdocs/arsipsurat/system/View/View.php(217): CodeIgniter\View\View->CodeIgniter\View\{closure}()
#3 /opt/lampp/htdocs/arsipsurat/system/View/View.php(230): CodeIgniter\View\View->render('layout/fixed-si...', Array, true)
#4 /opt/lampp/htdocs/arsipsurat/system/Common.php(1092): CodeIgniter\View\View->render('section/index_u...', Array, true)
#5 /opt/lampp/htdocs/arsipsurat/app/Controllers/Home.php(34): view('section/index_u...', Array)
#6 /opt/lampp/htdocs/arsipsurat/system/CodeIgniter.php(802): App\Controllers\Home->user()
#7 /opt/lampp/htdocs/arsipsurat/system/CodeIgniter.php(399): CodeIgniter\CodeIgniter->runController(Object(App\Controllers\Home))
#8 /opt/lampp/htdocs/arsipsurat/system/CodeIgniter.php(317): CodeIgniter\CodeIgniter->handleRequest(NULL, Object(Config\Cache), false)
#9 /opt/lampp/htdocs/arsipsurat/index.php(38): CodeIgniter\CodeIgniter->run()
#10 {main}
CRITICAL - 2024-03-07 03:05:33 --> Undefined variable $uri
#0 /opt/lampp/htdocs/arsipsurat/app/Views/layout/fixed-sidebar.php(89): CodeIgniter\Debug\Exceptions->errorHandler(2, 'Undefined varia...', '/opt/lampp/htdo...', 89)
#1 /opt/lampp/htdocs/arsipsurat/system/View/View.php(214): include('/opt/lampp/htdo...')
#2 /opt/lampp/htdocs/arsipsurat/system/View/View.php(217): CodeIgniter\View\View->CodeIgniter\View\{closure}()
#3 /opt/lampp/htdocs/arsipsurat/system/View/View.php(230): CodeIgniter\View\View->render('layout/fixed-si...', Array, true)
#4 /opt/lampp/htdocs/arsipsurat/system/Common.php(1092): CodeIgniter\View\View->render('section/index_u...', Array, true)
#5 /opt/lampp/htdocs/arsipsurat/app/Controllers/Home.php(35): view('section/index_u...', Array)
#6 /opt/lampp/htdocs/arsipsurat/system/CodeIgniter.php(802): App\Controllers\Home->user()
#7 /opt/lampp/htdocs/arsipsurat/system/CodeIgniter.php(399): CodeIgniter\CodeIgniter->runController(Object(App\Controllers\Home))
#8 /opt/lampp/htdocs/arsipsurat/system/CodeIgniter.php(317): CodeIgniter\CodeIgniter->handleRequest(NULL, Object(Config\Cache), false)
#9 /opt/lampp/htdocs/arsipsurat/index.php(38): CodeIgniter\CodeIgniter->run()
#10 {main}
CRITICAL - 2024-03-07 03:10:27 --> Undefined variable $aksi
#0 /opt/lampp/htdocs/arsipsurat/app/Views/section/index_user.php(41): CodeIgniter\Debug\Exceptions->errorHandler(2, 'Undefined varia...', '/opt/lampp/htdo...', 41)
#1 /opt/lampp/htdocs/arsipsurat/system/View/View.php(214): include('/opt/lampp/htdo...')
#2 /opt/lampp/htdocs/arsipsurat/system/View/View.php(217): CodeIgniter\View\View->CodeIgniter\View\{closure}()
#3 /opt/lampp/htdocs/arsipsurat/system/Common.php(1092): CodeIgniter\View\View->render('section/index_u...', Array, true)
#4 /opt/lampp/htdocs/arsipsurat/app/Controllers/Home.php(35): view('section/index_u...', Array)
#5 /opt/lampp/htdocs/arsipsurat/system/CodeIgniter.php(802): App\Controllers\Home->user()
#6 /opt/lampp/htdocs/arsipsurat/system/CodeIgniter.php(399): CodeIgniter\CodeIgniter->runController(Object(App\Controllers\Home))
#7 /opt/lampp/htdocs/arsipsurat/system/CodeIgniter.php(317): CodeIgniter\CodeIgniter->handleRequest(NULL, Object(Config\Cache), false)
#8 /opt/lampp/htdocs/arsipsurat/index.php(38): CodeIgniter\CodeIgniter->run()
#9 {main}
CRITICAL - 2024-03-07 03:11:19 --> count(): Argument #1 ($value) must be of type Countable|array, null given
#0 /opt/lampp/htdocs/arsipsurat/system/View/View.php(214): include()
#1 /opt/lampp/htdocs/arsipsurat/system/View/View.php(217): CodeIgniter\View\View->CodeIgniter\View\{closure}()
#2 /opt/lampp/htdocs/arsipsurat/system/Common.php(1092): CodeIgniter\View\View->render('section/index_u...', Array, true)
#3 /opt/lampp/htdocs/arsipsurat/app/Controllers/Home.php(35): view('section/index_u...', Array)
#4 /opt/lampp/htdocs/arsipsurat/system/CodeIgniter.php(802): App\Controllers\Home->user()
#5 /opt/lampp/htdocs/arsipsurat/system/CodeIgniter.php(399): CodeIgniter\CodeIgniter->runController(Object(App\Controllers\Home))
#6 /opt/lampp/htdocs/arsipsurat/system/CodeIgniter.php(317): CodeIgniter\CodeIgniter->handleRequest(NULL, Object(Config\Cache), false)
#7 /opt/lampp/htdocs/arsipsurat/index.php(38): CodeIgniter\CodeIgniter->run()
#8 {main}
CRITICAL - 2024-03-07 03:12:05 --> Undefined variable $aksi
#0 /opt/lampp/htdocs/arsipsurat/app/Views/section/index_user.php(33): CodeIgniter\Debug\Exceptions->errorHandler(2, 'Undefined varia...', '/opt/lampp/htdo...', 33)
#1 /opt/lampp/htdocs/arsipsurat/system/View/View.php(214): include('/opt/lampp/htdo...')
#2 /opt/lampp/htdocs/arsipsurat/system/View/View.php(217): CodeIgniter\View\View->CodeIgniter\View\{closure}()
#3 /opt/lampp/htdocs/arsipsurat/system/Common.php(1092): CodeIgniter\View\View->render('section/index_u...', Array, true)
#4 /opt/lampp/htdocs/arsipsurat/app/Controllers/Home.php(35): view('section/index_u...', Array)
#5 /opt/lampp/htdocs/arsipsurat/system/CodeIgniter.php(802): App\Controllers\Home->user()
#6 /opt/lampp/htdocs/arsipsurat/system/CodeIgniter.php(399): CodeIgniter\CodeIgniter->runController(Object(App\Controllers\Home))
#7 /opt/lampp/htdocs/arsipsurat/system/CodeIgniter.php(317): CodeIgniter\CodeIgniter->handleRequest(NULL, Object(Config\Cache), false)
#8 /opt/lampp/htdocs/arsipsurat/index.php(38): CodeIgniter\CodeIgniter->run()
#9 {main}
CRITICAL - 2024-03-07 03:12:06 --> Undefined variable $aksi
#0 /opt/lampp/htdocs/arsipsurat/app/Views/section/index_user.php(33): CodeIgniter\Debug\Exceptions->errorHandler(2, 'Undefined varia...', '/opt/lampp/htdo...', 33)
#1 /opt/lampp/htdocs/arsipsurat/system/View/View.php(214): include('/opt/lampp/htdo...')
#2 /opt/lampp/htdocs/arsipsurat/system/View/View.php(217): CodeIgniter\View\View->CodeIgniter\View\{closure}()
#3 /opt/lampp/htdocs/arsipsurat/system/Common.php(1092): CodeIgniter\View\View->render('section/index_u...', Array, true)
#4 /opt/lampp/htdocs/arsipsurat/app/Controllers/Home.php(35): view('section/index_u...', Array)
#5 /opt/lampp/htdocs/arsipsurat/system/CodeIgniter.php(802): App\Controllers\Home->user()
#6 /opt/lampp/htdocs/arsipsurat/system/CodeIgniter.php(399): CodeIgniter\CodeIgniter->runController(Object(App\Controllers\Home))
#7 /opt/lampp/htdocs/arsipsurat/system/CodeIgniter.php(317): CodeIgniter\CodeIgniter->handleRequest(NULL, Object(Config\Cache), false)
#8 /opt/lampp/htdocs/arsipsurat/index.php(38): CodeIgniter\CodeIgniter->run()
#9 {main}
CRITICAL - 2024-03-07 03:15:15 --> Undefined variable $cari
#0 /opt/lampp/htdocs/arsipsurat/app/Views/section/index_user.php(74): CodeIgniter\Debug\Exceptions->errorHandler(2, 'Undefined varia...', '/opt/lampp/htdo...', 74)
#1 /opt/lampp/htdocs/arsipsurat/system/View/View.php(214): include('/opt/lampp/htdo...')
#2 /opt/lampp/htdocs/arsipsurat/system/View/View.php(217): CodeIgniter\View\View->CodeIgniter\View\{closure}()
#3 /opt/lampp/htdocs/arsipsurat/system/Common.php(1092): CodeIgniter\View\View->render('section/index_u...', Array, true)
#4 /opt/lampp/htdocs/arsipsurat/app/Controllers/Home.php(35): view('section/index_u...', Array)
#5 /opt/lampp/htdocs/arsipsurat/system/CodeIgniter.php(802): App\Controllers\Home->user()
#6 /opt/lampp/htdocs/arsipsurat/system/CodeIgniter.php(399): CodeIgniter\CodeIgniter->runController(Object(App\Controllers\Home))
#7 /opt/lampp/htdocs/arsipsurat/system/CodeIgniter.php(317): CodeIgniter\CodeIgniter->handleRequest(NULL, Object(Config\Cache), false)
#8 /opt/lampp/htdocs/arsipsurat/index.php(38): CodeIgniter\CodeIgniter->run()
#9 {main}
CRITICAL - 2024-03-07 03:17:23 --> Undefined variable $nama_pengguna
#0 /opt/lampp/htdocs/arsipsurat/app/Views/section/index_user.php(69): CodeIgniter\Debug\Exceptions->errorHandler(2, 'Undefined varia...', '/opt/lampp/htdo...', 69)
#1 /opt/lampp/htdocs/arsipsurat/system/View/View.php(214): include('/opt/lampp/htdo...')
#2 /opt/lampp/htdocs/arsipsurat/system/View/View.php(217): CodeIgniter\View\View->CodeIgniter\View\{closure}()
#3 /opt/lampp/htdocs/arsipsurat/system/Common.php(1092): CodeIgniter\View\View->render('section/index_u...', Array, true)
#4 /opt/lampp/htdocs/arsipsurat/app/Controllers/Home.php(35): view('section/index_u...', Array)
#5 /opt/lampp/htdocs/arsipsurat/system/CodeIgniter.php(802): App\Controllers\Home->user()
#6 /opt/lampp/htdocs/arsipsurat/system/CodeIgniter.php(399): CodeIgniter\CodeIgniter->runController(Object(App\Controllers\Home))
#7 /opt/lampp/htdocs/arsipsurat/system/CodeIgniter.php(317): CodeIgniter\CodeIgniter->handleRequest(NULL, Object(Config\Cache), false)
#8 /opt/lampp/htdocs/arsipsurat/index.php(38): CodeIgniter\CodeIgniter->run()
#9 {main}
CRITICAL - 2024-03-07 03:17:30 --> Undefined variable $nama_pengguna
#0 /opt/lampp/htdocs/arsipsurat/app/Views/section/index_user.php(69): CodeIgniter\Debug\Exceptions->errorHandler(2, 'Undefined varia...', '/opt/lampp/htdo...', 69)
#1 /opt/lampp/htdocs/arsipsurat/system/View/View.php(214): include('/opt/lampp/htdo...')
#2 /opt/lampp/htdocs/arsipsurat/system/View/View.php(217): CodeIgniter\View\View->CodeIgniter\View\{closure}()
#3 /opt/lampp/htdocs/arsipsurat/system/Common.php(1092): CodeIgniter\View\View->render('section/index_u...', Array, true)
#4 /opt/lampp/htdocs/arsipsurat/app/Controllers/Home.php(35): view('section/index_u...', Array)
#5 /opt/lampp/htdocs/arsipsurat/system/CodeIgniter.php(802): App\Controllers\Home->user()
#6 /opt/lampp/htdocs/arsipsurat/system/CodeIgniter.php(399): CodeIgniter\CodeIgniter->runController(Object(App\Controllers\Home))
#7 /opt/lampp/htdocs/arsipsurat/system/CodeIgniter.php(317): CodeIgniter\CodeIgniter->handleRequest(NULL, Object(Config\Cache), false)
#8 /opt/lampp/htdocs/arsipsurat/index.php(38): CodeIgniter\CodeIgniter->run()
#9 {main}
CRITICAL - 2024-03-07 03:19:44 --> Undefined variable $password
#0 /opt/lampp/htdocs/arsipsurat/app/Views/section/index_user.php(80): CodeIgniter\Debug\Exceptions->errorHandler(2, 'Undefined varia...', '/opt/lampp/htdo...', 80)
#1 /opt/lampp/htdocs/arsipsurat/system/View/View.php(214): include('/opt/lampp/htdo...')
#2 /opt/lampp/htdocs/arsipsurat/system/View/View.php(217): CodeIgniter\View\View->CodeIgniter\View\{closure}()
#3 /opt/lampp/htdocs/arsipsurat/system/Common.php(1092): CodeIgniter\View\View->render('section/index_u...', Array, true)
#4 /opt/lampp/htdocs/arsipsurat/app/Controllers/Home.php(35): view('section/index_u...', Array)
#5 /opt/lampp/htdocs/arsipsurat/system/CodeIgniter.php(802): App\Controllers\Home->user()
#6 /opt/lampp/htdocs/arsipsurat/system/CodeIgniter.php(399): CodeIgniter\CodeIgniter->runController(Object(App\Controllers\Home))
#7 /opt/lampp/htdocs/arsipsurat/system/CodeIgniter.php(317): CodeIgniter\CodeIgniter->handleRequest(NULL, Object(Config\Cache), false)
#8 /opt/lampp/htdocs/arsipsurat/index.php(38): CodeIgniter\CodeIgniter->run()
#9 {main}
CRITICAL - 2024-03-07 03:20:33 --> Undefined variable $id_pengguna
#0 /opt/lampp/htdocs/arsipsurat/app/Views/section/index_user.php(175): CodeIgniter\Debug\Exceptions->errorHandler(2, 'Undefined varia...', '/opt/lampp/htdo...', 175)
#1 /opt/lampp/htdocs/arsipsurat/system/View/View.php(214): include('/opt/lampp/htdo...')
#2 /opt/lampp/htdocs/arsipsurat/system/View/View.php(217): CodeIgniter\View\View->CodeIgniter\View\{closure}()
#3 /opt/lampp/htdocs/arsipsurat/system/Common.php(1092): CodeIgniter\View\View->render('section/index_u...', Array, true)
#4 /opt/lampp/htdocs/arsipsurat/app/Controllers/Home.php(35): view('section/index_u...', Array)
#5 /opt/lampp/htdocs/arsipsurat/system/CodeIgniter.php(802): App\Controllers\Home->user()
#6 /opt/lampp/htdocs/arsipsurat/system/CodeIgniter.php(399): CodeIgniter\CodeIgniter->runController(Object(App\Controllers\Home))
#7 /opt/lampp/htdocs/arsipsurat/system/CodeIgniter.php(317): CodeIgniter\CodeIgniter->handleRequest(NULL, Object(Config\Cache), false)
#8 /opt/lampp/htdocs/arsipsurat/index.php(38): CodeIgniter\CodeIgniter->run()
#9 {main}
CRITICAL - 2024-03-07 03:20:34 --> Undefined variable $id_pengguna
#0 /opt/lampp/htdocs/arsipsurat/app/Views/section/index_user.php(175): CodeIgniter\Debug\Exceptions->errorHandler(2, 'Undefined varia...', '/opt/lampp/htdo...', 175)
#1 /opt/lampp/htdocs/arsipsurat/system/View/View.php(214): include('/opt/lampp/htdo...')
#2 /opt/lampp/htdocs/arsipsurat/system/View/View.php(217): CodeIgniter\View\View->CodeIgniter\View\{closure}()
#3 /opt/lampp/htdocs/arsipsurat/system/Common.php(1092): CodeIgniter\View\View->render('section/index_u...', Array, true)
#4 /opt/lampp/htdocs/arsipsurat/app/Controllers/Home.php(35): view('section/index_u...', Array)
#5 /opt/lampp/htdocs/arsipsurat/system/CodeIgniter.php(802): App\Controllers\Home->user()
#6 /opt/lampp/htdocs/arsipsurat/system/CodeIgniter.php(399): CodeIgniter\CodeIgniter->runController(Object(App\Controllers\Home))
#7 /opt/lampp/htdocs/arsipsurat/system/CodeIgniter.php(317): CodeIgniter\CodeIgniter->handleRequest(NULL, Object(Config\Cache), false)
#8 /opt/lampp/htdocs/arsipsurat/index.php(38): CodeIgniter\CodeIgniter->run()
#9 {main}
CRITICAL - 2024-03-07 03:21:18 --> Undefined variable $query
#0 /opt/lampp/htdocs/arsipsurat/app/Controllers/Home.php(33): CodeIgniter\Debug\Exceptions->errorHandler(2, 'Undefined varia...', '/opt/lampp/htdo...', 33)
#1 /opt/lampp/htdocs/arsipsurat/system/CodeIgniter.php(802): App\Controllers\Home->user()
#2 /opt/lampp/htdocs/arsipsurat/system/CodeIgniter.php(399): CodeIgniter\CodeIgniter->runController(Object(App\Controllers\Home))
#3 /opt/lampp/htdocs/arsipsurat/system/CodeIgniter.php(317): CodeIgniter\CodeIgniter->handleRequest(NULL, Object(Config\Cache), false)
#4 /opt/lampp/htdocs/arsipsurat/index.php(38): CodeIgniter\CodeIgniter->run()
#5 {main}
CRITICAL - 2024-03-07 03:21:19 --> Undefined variable $query
#0 /opt/lampp/htdocs/arsipsurat/app/Controllers/Home.php(33): CodeIgniter\Debug\Exceptions->errorHandler(2, 'Undefined varia...', '/opt/lampp/htdo...', 33)
#1 /opt/lampp/htdocs/arsipsurat/system/CodeIgniter.php(802): App\Controllers\Home->user()
#2 /opt/lampp/htdocs/arsipsurat/system/CodeIgniter.php(399): CodeIgniter\CodeIgniter->runController(Object(App\Controllers\Home))
#3 /opt/lampp/htdocs/arsipsurat/system/CodeIgniter.php(317): CodeIgniter\CodeIgniter->handleRequest(NULL, Object(Config\Cache), false)
#4 /opt/lampp/htdocs/arsipsurat/index.php(38): CodeIgniter\CodeIgniter->run()
#5 {main}
CRITICAL - 2024-03-07 03:21:19 --> Undefined variable $query
#0 /opt/lampp/htdocs/arsipsurat/app/Controllers/Home.php(33): CodeIgniter\Debug\Exceptions->errorHandler(2, 'Undefined varia...', '/opt/lampp/htdo...', 33)
#1 /opt/lampp/htdocs/arsipsurat/system/CodeIgniter.php(802): App\Controllers\Home->user()
#2 /opt/lampp/htdocs/arsipsurat/system/CodeIgniter.php(399): CodeIgniter\CodeIgniter->runController(Object(App\Controllers\Home))
#3 /opt/lampp/htdocs/arsipsurat/system/CodeIgniter.php(317): CodeIgniter\CodeIgniter->handleRequest(NULL, Object(Config\Cache), false)
#4 /opt/lampp/htdocs/arsipsurat/index.php(38): CodeIgniter\CodeIgniter->run()
#5 {main}
CRITICAL - 2024-03-07 03:21:20 --> Undefined variable $query
#0 /opt/lampp/htdocs/arsipsurat/app/Controllers/Home.php(33): CodeIgniter\Debug\Exceptions->errorHandler(2, 'Undefined varia...', '/opt/lampp/htdo...', 33)
#1 /opt/lampp/htdocs/arsipsurat/system/CodeIgniter.php(802): App\Controllers\Home->user()
#2 /opt/lampp/htdocs/arsipsurat/system/CodeIgniter.php(399): CodeIgniter\CodeIgniter->runController(Object(App\Controllers\Home))
#3 /opt/lampp/htdocs/arsipsurat/system/CodeIgniter.php(317): CodeIgniter\CodeIgniter->handleRequest(NULL, Object(Config\Cache), false)
#4 /opt/lampp/htdocs/arsipsurat/index.php(38): CodeIgniter\CodeIgniter->run()
#5 {main}
CRITICAL - 2024-03-07 03:21:20 --> Undefined variable $query
#0 /opt/lampp/htdocs/arsipsurat/app/Controllers/Home.php(33): CodeIgniter\Debug\Exceptions->errorHandler(2, 'Undefined varia...', '/opt/lampp/htdo...', 33)
#1 /opt/lampp/htdocs/arsipsurat/system/CodeIgniter.php(802): App\Controllers\Home->user()
#2 /opt/lampp/htdocs/arsipsurat/system/CodeIgniter.php(399): CodeIgniter\CodeIgniter->runController(Object(App\Controllers\Home))
#3 /opt/lampp/htdocs/arsipsurat/system/CodeIgniter.php(317): CodeIgniter\CodeIgniter->handleRequest(NULL, Object(Config\Cache), false)
#4 /opt/lampp/htdocs/arsipsurat/index.php(38): CodeIgniter\CodeIgniter->run()
#5 {main}
CRITICAL - 2024-03-07 03:21:20 --> Undefined variable $query
#0 /opt/lampp/htdocs/arsipsurat/app/Controllers/Home.php(33): CodeIgniter\Debug\Exceptions->errorHandler(2, 'Undefined varia...', '/opt/lampp/htdo...', 33)
#1 /opt/lampp/htdocs/arsipsurat/system/CodeIgniter.php(802): App\Controllers\Home->user()
#2 /opt/lampp/htdocs/arsipsurat/system/CodeIgniter.php(399): CodeIgniter\CodeIgniter->runController(Object(App\Controllers\Home))
#3 /opt/lampp/htdocs/arsipsurat/system/CodeIgniter.php(317): CodeIgniter\CodeIgniter->handleRequest(NULL, Object(Config\Cache), false)
#4 /opt/lampp/htdocs/arsipsurat/index.php(38): CodeIgniter\CodeIgniter->run()
#5 {main}
CRITICAL - 2024-03-07 03:21:21 --> Undefined variable $query
#0 /opt/lampp/htdocs/arsipsurat/app/Controllers/Home.php(33): CodeIgniter\Debug\Exceptions->errorHandler(2, 'Undefined varia...', '/opt/lampp/htdo...', 33)
#1 /opt/lampp/htdocs/arsipsurat/system/CodeIgniter.php(802): App\Controllers\Home->user()
#2 /opt/lampp/htdocs/arsipsurat/system/CodeIgniter.php(399): CodeIgniter\CodeIgniter->runController(Object(App\Controllers\Home))
#3 /opt/lampp/htdocs/arsipsurat/system/CodeIgniter.php(317): CodeIgniter\CodeIgniter->handleRequest(NULL, Object(Config\Cache), false)
#4 /opt/lampp/htdocs/arsipsurat/index.php(38): CodeIgniter\CodeIgniter->run()
#5 {main}
CRITICAL - 2024-03-07 03:21:21 --> Undefined variable $query
#0 /opt/lampp/htdocs/arsipsurat/app/Controllers/Home.php(33): CodeIgniter\Debug\Exceptions->errorHandler(2, 'Undefined varia...', '/opt/lampp/htdo...', 33)
#1 /opt/lampp/htdocs/arsipsurat/system/CodeIgniter.php(802): App\Controllers\Home->user()
#2 /opt/lampp/htdocs/arsipsurat/system/CodeIgniter.php(399): CodeIgniter\CodeIgniter->runController(Object(App\Controllers\Home))
#3 /opt/lampp/htdocs/arsipsurat/system/CodeIgniter.php(317): CodeIgniter\CodeIgniter->handleRequest(NULL, Object(Config\Cache), false)
#4 /opt/lampp/htdocs/arsipsurat/index.php(38): CodeIgniter\CodeIgniter->run()
#5 {main}
CRITICAL - 2024-03-07 16:28:51 --> Undefined property: stdClass::$id_bahasa
#0 /opt/lampp/htdocs/arsipsurat/app/Controllers/Auth.php(70): CodeIgniter\Debug\Exceptions->errorHandler(2, 'Undefined prope...', '/opt/lampp/htdo...', 70)
#1 /opt/lampp/htdocs/arsipsurat/app/Controllers/Auth.php(30): App\Controllers\Auth->_logged_in()
#2 /opt/lampp/htdocs/arsipsurat/system/CodeIgniter.php(802): App\Controllers\Auth->login()
#3 /opt/lampp/htdocs/arsipsurat/system/CodeIgniter.php(399): CodeIgniter\CodeIgniter->runController(Object(App\Controllers\Auth))
#4 /opt/lampp/htdocs/arsipsurat/system/CodeIgniter.php(317): CodeIgniter\CodeIgniter->handleRequest(NULL, Object(Config\Cache), false)
#5 /opt/lampp/htdocs/arsipsurat/index.php(38): CodeIgniter\CodeIgniter->run()
#6 {main}
CRITICAL - 2024-03-07 03:28:52 --> The action you requested is not allowed.
#0 /opt/lampp/htdocs/arsipsurat/system/Security/Security.php(222): CodeIgniter\Security\Exceptions\SecurityException::forDisallowedAction()
#1 /opt/lampp/htdocs/arsipsurat/system/Filters/CSRF.php(53): CodeIgniter\Security\Security->verify(Object(CodeIgniter\HTTP\IncomingRequest))
#2 /opt/lampp/htdocs/arsipsurat/system/Filters/Filters.php(169): CodeIgniter\Filters\CSRF->before(Object(CodeIgniter\HTTP\IncomingRequest), NULL)
#3 /opt/lampp/htdocs/arsipsurat/system/CodeIgniter.php(374): CodeIgniter\Filters\Filters->run('/login', 'before')
#4 /opt/lampp/htdocs/arsipsurat/system/CodeIgniter.php(317): CodeIgniter\CodeIgniter->handleRequest(NULL, Object(Config\Cache), false)
#5 /opt/lampp/htdocs/arsipsurat/index.php(38): CodeIgniter\CodeIgniter->run()
#6 {main}
CRITICAL - 2024-03-07 03:28:52 --> The action you requested is not allowed.
#0 /opt/lampp/htdocs/arsipsurat/system/Security/Security.php(222): CodeIgniter\Security\Exceptions\SecurityException::forDisallowedAction()
#1 /opt/lampp/htdocs/arsipsurat/system/Filters/CSRF.php(53): CodeIgniter\Security\Security->verify(Object(CodeIgniter\HTTP\IncomingRequest))
#2 /opt/lampp/htdocs/arsipsurat/system/Filters/Filters.php(169): CodeIgniter\Filters\CSRF->before(Object(CodeIgniter\HTTP\IncomingRequest), NULL)
#3 /opt/lampp/htdocs/arsipsurat/system/CodeIgniter.php(374): CodeIgniter\Filters\Filters->run('/login', 'before')
#4 /opt/lampp/htdocs/arsipsurat/system/CodeIgniter.php(317): CodeIgniter\CodeIgniter->handleRequest(NULL, Object(Config\Cache), false)
#5 /opt/lampp/htdocs/arsipsurat/index.php(38): CodeIgniter\CodeIgniter->run()
#6 {main}
CRITICAL - 2024-03-07 03:29:19 --> The action you requested is not allowed.
#0 /opt/lampp/htdocs/arsipsurat/system/Security/Security.php(222): CodeIgniter\Security\Exceptions\SecurityException::forDisallowedAction()
#1 /opt/lampp/htdocs/arsipsurat/system/Filters/CSRF.php(53): CodeIgniter\Security\Security->verify(Object(CodeIgniter\HTTP\IncomingRequest))
#2 /opt/lampp/htdocs/arsipsurat/system/Filters/Filters.php(169): CodeIgniter\Filters\CSRF->before(Object(CodeIgniter\HTTP\IncomingRequest), NULL)
#3 /opt/lampp/htdocs/arsipsurat/system/CodeIgniter.php(374): CodeIgniter\Filters\Filters->run('/login', 'before')
#4 /opt/lampp/htdocs/arsipsurat/system/CodeIgniter.php(317): CodeIgniter\CodeIgniter->handleRequest(NULL, Object(Config\Cache), false)
#5 /opt/lampp/htdocs/arsipsurat/index.php(38): CodeIgniter\CodeIgniter->run()
#6 {main}
CRITICAL - 2024-03-07 03:29:20 --> The action you requested is not allowed.
#0 /opt/lampp/htdocs/arsipsurat/system/Security/Security.php(222): CodeIgniter\Security\Exceptions\SecurityException::forDisallowedAction()
#1 /opt/lampp/htdocs/arsipsurat/system/Filters/CSRF.php(53): CodeIgniter\Security\Security->verify(Object(CodeIgniter\HTTP\IncomingRequest))
#2 /opt/lampp/htdocs/arsipsurat/system/Filters/Filters.php(169): CodeIgniter\Filters\CSRF->before(Object(CodeIgniter\HTTP\IncomingRequest), NULL)
#3 /opt/lampp/htdocs/arsipsurat/system/CodeIgniter.php(374): CodeIgniter\Filters\Filters->run('/login', 'before')
#4 /opt/lampp/htdocs/arsipsurat/system/CodeIgniter.php(317): CodeIgniter\CodeIgniter->handleRequest(NULL, Object(Config\Cache), false)
#5 /opt/lampp/htdocs/arsipsurat/index.php(38): CodeIgniter\CodeIgniter->run()
#6 {main}
CRITICAL - 2024-03-07 03:33:14 --> Call to undefined method App\Controllers\Home::_count_transaksi()
#0 /opt/lampp/htdocs/arsipsurat/system/CodeIgniter.php(802): App\Controllers\Home->index()
#1 /opt/lampp/htdocs/arsipsurat/system/CodeIgniter.php(399): CodeIgniter\CodeIgniter->runController(Object(App\Controllers\Home))
#2 /opt/lampp/htdocs/arsipsurat/system/CodeIgniter.php(317): CodeIgniter\CodeIgniter->handleRequest(NULL, Object(Config\Cache), false)
#3 /opt/lampp/htdocs/arsipsurat/index.php(38): CodeIgniter\CodeIgniter->run()
#4 {main}
CRITICAL - 2024-03-07 03:33:29 --> Undefined variable $chart
#0 /opt/lampp/htdocs/arsipsurat/app/Views/section/index_home1.php(36): CodeIgniter\Debug\Exceptions->errorHandler(2, 'Undefined varia...', '/opt/lampp/htdo...', 36)
#1 /opt/lampp/htdocs/arsipsurat/system/View/View.php(214): include('/opt/lampp/htdo...')
#2 /opt/lampp/htdocs/arsipsurat/system/View/View.php(217): CodeIgniter\View\View->CodeIgniter\View\{closure}()
#3 /opt/lampp/htdocs/arsipsurat/system/Common.php(1092): CodeIgniter\View\View->render('section/index_h...', Array, true)
#4 /opt/lampp/htdocs/arsipsurat/app/Controllers/Home.php(25): view('section/index_h...', Array)
#5 /opt/lampp/htdocs/arsipsurat/system/CodeIgniter.php(802): App\Controllers\Home->index()
#6 /opt/lampp/htdocs/arsipsurat/system/CodeIgniter.php(399): CodeIgniter\CodeIgniter->runController(Object(App\Controllers\Home))
#7 /opt/lampp/htdocs/arsipsurat/system/CodeIgniter.php(317): CodeIgniter\CodeIgniter->handleRequest(NULL, Object(Config\Cache), false)
#8 /opt/lampp/htdocs/arsipsurat/index.php(38): CodeIgniter\CodeIgniter->run()
#9 {main}
CRITICAL - 2024-03-07 03:33:46 --> Undefined variable $chart
#0 /opt/lampp/htdocs/arsipsurat/app/Views/section/index_home1.php(36): CodeIgniter\Debug\Exceptions->errorHandler(2, 'Undefined varia...', '/opt/lampp/htdo...', 36)
#1 /opt/lampp/htdocs/arsipsurat/system/View/View.php(214): include('/opt/lampp/htdo...')
#2 /opt/lampp/htdocs/arsipsurat/system/View/View.php(217): CodeIgniter\View\View->CodeIgniter\View\{closure}()
#3 /opt/lampp/htdocs/arsipsurat/system/Common.php(1092): CodeIgniter\View\View->render('section/index_h...', Array, true)
#4 /opt/lampp/htdocs/arsipsurat/app/Controllers/Home.php(25): view('section/index_h...', Array)
#5 /opt/lampp/htdocs/arsipsurat/system/CodeIgniter.php(802): App\Controllers\Home->index()
#6 /opt/lampp/htdocs/arsipsurat/system/CodeIgniter.php(399): CodeIgniter\CodeIgniter->runController(Object(App\Controllers\Home))
#7 /opt/lampp/htdocs/arsipsurat/system/CodeIgniter.php(317): CodeIgniter\CodeIgniter->handleRequest(NULL, Object(Config\Cache), false)
#8 /opt/lampp/htdocs/arsipsurat/index.php(38): CodeIgniter\CodeIgniter->run()
#9 {main}
CRITICAL - 2024-03-07 03:33:47 --> Undefined variable $chart
#0 /opt/lampp/htdocs/arsipsurat/app/Views/section/index_home1.php(36): CodeIgniter\Debug\Exceptions->errorHandler(2, 'Undefined varia...', '/opt/lampp/htdo...', 36)
#1 /opt/lampp/htdocs/arsipsurat/system/View/View.php(214): include('/opt/lampp/htdo...')
#2 /opt/lampp/htdocs/arsipsurat/system/View/View.php(217): CodeIgniter\View\View->CodeIgniter\View\{closure}()
#3 /opt/lampp/htdocs/arsipsurat/system/Common.php(1092): CodeIgniter\View\View->render('section/index_h...', Array, true)
#4 /opt/lampp/htdocs/arsipsurat/app/Controllers/Home.php(25): view('section/index_h...', Array)
#5 /opt/lampp/htdocs/arsipsurat/system/CodeIgniter.php(802): App\Controllers\Home->index()
#6 /opt/lampp/htdocs/arsipsurat/system/CodeIgniter.php(399): CodeIgniter\CodeIgniter->runController(Object(App\Controllers\Home))
#7 /opt/lampp/htdocs/arsipsurat/system/CodeIgniter.php(317): CodeIgniter\CodeIgniter->handleRequest(NULL, Object(Config\Cache), false)
#8 /opt/lampp/htdocs/arsipsurat/index.php(38): CodeIgniter\CodeIgniter->run()
#9 {main}
CRITICAL - 2024-03-07 08:26:19 --> Call to undefined method App\Controllers\Home::_spit_date()
#0 /opt/lampp/htdocs/arsipsurat/system/CodeIgniter.php(802): App\Controllers\Home->profile()
#1 /opt/lampp/htdocs/arsipsurat/system/CodeIgniter.php(399): CodeIgniter\CodeIgniter->runController(Object(App\Controllers\Home))
#2 /opt/lampp/htdocs/arsipsurat/system/CodeIgniter.php(317): CodeIgniter\CodeIgniter->handleRequest(NULL, Object(Config\Cache), false)
#3 /opt/lampp/htdocs/arsipsurat/index.php(38): CodeIgniter\CodeIgniter->run()
#4 {main}
CRITICAL - 2024-03-07 08:26:22 --> Call to undefined method App\Controllers\Home::_spit_date()
#0 /opt/lampp/htdocs/arsipsurat/system/CodeIgniter.php(802): App\Controllers\Home->profile()
#1 /opt/lampp/htdocs/arsipsurat/system/CodeIgniter.php(399): CodeIgniter\CodeIgniter->runController(Object(App\Controllers\Home))
#2 /opt/lampp/htdocs/arsipsurat/system/CodeIgniter.php(317): CodeIgniter\CodeIgniter->handleRequest(NULL, Object(Config\Cache), false)
#3 /opt/lampp/htdocs/arsipsurat/index.php(38): CodeIgniter\CodeIgniter->run()
#4 {main}
CRITICAL - 2024-03-07 08:26:22 --> Call to undefined method App\Controllers\Home::_spit_date()
#0 /opt/lampp/htdocs/arsipsurat/system/CodeIgniter.php(802): App\Controllers\Home->profile()
#1 /opt/lampp/htdocs/arsipsurat/system/CodeIgniter.php(399): CodeIgniter\CodeIgniter->runController(Object(App\Controllers\Home))
#2 /opt/lampp/htdocs/arsipsurat/system/CodeIgniter.php(317): CodeIgniter\CodeIgniter->handleRequest(NULL, Object(Config\Cache), false)
#3 /opt/lampp/htdocs/arsipsurat/index.php(38): CodeIgniter\CodeIgniter->run()
#4 {main}
CRITICAL - 2024-03-07 08:26:23 --> Call to undefined method App\Controllers\Home::_spit_date()
#0 /opt/lampp/htdocs/arsipsurat/system/CodeIgniter.php(802): App\Controllers\Home->profile()
#1 /opt/lampp/htdocs/arsipsurat/system/CodeIgniter.php(399): CodeIgniter\CodeIgniter->runController(Object(App\Controllers\Home))
#2 /opt/lampp/htdocs/arsipsurat/system/CodeIgniter.php(317): CodeIgniter\CodeIgniter->handleRequest(NULL, Object(Config\Cache), false)
#3 /opt/lampp/htdocs/arsipsurat/index.php(38): CodeIgniter\CodeIgniter->run()
#4 {main}
CRITICAL - 2024-03-07 08:26:24 --> Call to undefined method App\Controllers\Home::_spit_date()
#0 /opt/lampp/htdocs/arsipsurat/system/CodeIgniter.php(802): App\Controllers\Home->profile()
#1 /opt/lampp/htdocs/arsipsurat/system/CodeIgniter.php(399): CodeIgniter\CodeIgniter->runController(Object(App\Controllers\Home))
#2 /opt/lampp/htdocs/arsipsurat/system/CodeIgniter.php(317): CodeIgniter\CodeIgniter->handleRequest(NULL, Object(Config\Cache), false)
#3 /opt/lampp/htdocs/arsipsurat/index.php(38): CodeIgniter\CodeIgniter->run()
#4 {main}
CRITICAL - 2024-03-07 08:26:32 --> Call to undefined method App\Controllers\Home::_spit_date()
#0 /opt/lampp/htdocs/arsipsurat/system/CodeIgniter.php(802): App\Controllers\Home->profile()
#1 /opt/lampp/htdocs/arsipsurat/system/CodeIgniter.php(399): CodeIgniter\CodeIgniter->runController(Object(App\Controllers\Home))
#2 /opt/lampp/htdocs/arsipsurat/system/CodeIgniter.php(317): CodeIgniter\CodeIgniter->handleRequest(NULL, Object(Config\Cache), false)
#3 /opt/lampp/htdocs/arsipsurat/index.php(38): CodeIgniter\CodeIgniter->run()
#4 {main}
CRITICAL - 2024-03-07 08:26:41 --> Undefined variable $tanggal_register
#0 /opt/lampp/htdocs/arsipsurat/app/Views/section/index_profile.php(49): CodeIgniter\Debug\Exceptions->errorHandler(2, 'Undefined varia...', '/opt/lampp/htdo...', 49)
#1 /opt/lampp/htdocs/arsipsurat/system/View/View.php(214): include('/opt/lampp/htdo...')
#2 /opt/lampp/htdocs/arsipsurat/system/View/View.php(217): CodeIgniter\View\View->CodeIgniter\View\{closure}()
#3 /opt/lampp/htdocs/arsipsurat/system/Common.php(1092): CodeIgniter\View\View->render('section/index_p...', Array, true)
#4 /opt/lampp/htdocs/arsipsurat/app/Controllers/Home.php(58): view('section/index_p...', Array)
#5 /opt/lampp/htdocs/arsipsurat/system/CodeIgniter.php(802): App\Controllers\Home->profile()
#6 /opt/lampp/htdocs/arsipsurat/system/CodeIgniter.php(399): CodeIgniter\CodeIgniter->runController(Object(App\Controllers\Home))
#7 /opt/lampp/htdocs/arsipsurat/system/CodeIgniter.php(317): CodeIgniter\CodeIgniter->handleRequest(NULL, Object(Config\Cache), false)
#8 /opt/lampp/htdocs/arsipsurat/index.php(38): CodeIgniter\CodeIgniter->run()
#9 {main}
CRITICAL - 2024-03-07 08:27:05 --> Undefined variable $tanggal_register
#0 /opt/lampp/htdocs/arsipsurat/app/Views/section/index_profile.php(49): CodeIgniter\Debug\Exceptions->errorHandler(2, 'Undefined varia...', '/opt/lampp/htdo...', 49)
#1 /opt/lampp/htdocs/arsipsurat/system/View/View.php(214): include('/opt/lampp/htdo...')
#2 /opt/lampp/htdocs/arsipsurat/system/View/View.php(217): CodeIgniter\View\View->CodeIgniter\View\{closure}()
#3 /opt/lampp/htdocs/arsipsurat/system/Common.php(1092): CodeIgniter\View\View->render('section/index_p...', Array, true)
#4 /opt/lampp/htdocs/arsipsurat/app/Controllers/Home.php(58): view('section/index_p...', Array)
#5 /opt/lampp/htdocs/arsipsurat/system/CodeIgniter.php(802): App\Controllers\Home->profile()
#6 /opt/lampp/htdocs/arsipsurat/system/CodeIgniter.php(399): CodeIgniter\CodeIgniter->runController(Object(App\Controllers\Home))
#7 /opt/lampp/htdocs/arsipsurat/system/CodeIgniter.php(317): CodeIgniter\CodeIgniter->handleRequest(NULL, Object(Config\Cache), false)
#8 /opt/lampp/htdocs/arsipsurat/index.php(38): CodeIgniter\CodeIgniter->run()
#9 {main}
CRITICAL - 2024-03-07 08:27:14 --> Undefined variable $tanggal_register
#0 /opt/lampp/htdocs/arsipsurat/app/Views/section/index_profile.php(49): CodeIgniter\Debug\Exceptions->errorHandler(2, 'Undefined varia...', '/opt/lampp/htdo...', 49)
#1 /opt/lampp/htdocs/arsipsurat/system/View/View.php(214): include('/opt/lampp/htdo...')
#2 /opt/lampp/htdocs/arsipsurat/system/View/View.php(217): CodeIgniter\View\View->CodeIgniter\View\{closure}()
#3 /opt/lampp/htdocs/arsipsurat/system/Common.php(1092): CodeIgniter\View\View->render('section/index_p...', Array, true)
#4 /opt/lampp/htdocs/arsipsurat/app/Controllers/Home.php(58): view('section/index_p...', Array)
#5 /opt/lampp/htdocs/arsipsurat/system/CodeIgniter.php(802): App\Controllers\Home->profile()
#6 /opt/lampp/htdocs/arsipsurat/system/CodeIgniter.php(399): CodeIgniter\CodeIgniter->runController(Object(App\Controllers\Home))
#7 /opt/lampp/htdocs/arsipsurat/system/CodeIgniter.php(317): CodeIgniter\CodeIgniter->handleRequest(NULL, Object(Config\Cache), false)
#8 /opt/lampp/htdocs/arsipsurat/index.php(38): CodeIgniter\CodeIgniter->run()
#9 {main}
CRITICAL - 2024-03-07 08:28:57 --> Undefined variable $tanggal_register
#0 /opt/lampp/htdocs/arsipsurat/app/Views/section/index_profile.php(49): CodeIgniter\Debug\Exceptions->errorHandler(2, 'Undefined varia...', '/opt/lampp/htdo...', 49)
#1 /opt/lampp/htdocs/arsipsurat/system/View/View.php(214): include('/opt/lampp/htdo...')
#2 /opt/lampp/htdocs/arsipsurat/system/View/View.php(217): CodeIgniter\View\View->CodeIgniter\View\{closure}()
#3 /opt/lampp/htdocs/arsipsurat/system/Common.php(1092): CodeIgniter\View\View->render('section/index_p...', Array, true)
#4 /opt/lampp/htdocs/arsipsurat/app/Controllers/Home.php(58): view('section/index_p...', Array)
#5 /opt/lampp/htdocs/arsipsurat/system/CodeIgniter.php(802): App\Controllers\Home->profile()
#6 /opt/lampp/htdocs/arsipsurat/system/CodeIgniter.php(399): CodeIgniter\CodeIgniter->runController(Object(App\Controllers\Home))
#7 /opt/lampp/htdocs/arsipsurat/system/CodeIgniter.php(317): CodeIgniter\CodeIgniter->handleRequest(NULL, Object(Config\Cache), false)
#8 /opt/lampp/htdocs/arsipsurat/index.php(38): CodeIgniter\CodeIgniter->run()
#9 {main}
CRITICAL - 2024-03-07 08:29:30 --> Undefined variable $tanggal_register
#0 /opt/lampp/htdocs/arsipsurat/app/Views/section/index_profile.php(49): CodeIgniter\Debug\Exceptions->errorHandler(2, 'Undefined varia...', '/opt/lampp/htdo...', 49)
#1 /opt/lampp/htdocs/arsipsurat/system/View/View.php(214): include('/opt/lampp/htdo...')
#2 /opt/lampp/htdocs/arsipsurat/system/View/View.php(217): CodeIgniter\View\View->CodeIgniter\View\{closure}()
#3 /opt/lampp/htdocs/arsipsurat/system/Common.php(1092): CodeIgniter\View\View->render('section/index_p...', Array, true)
#4 /opt/lampp/htdocs/arsipsurat/app/Controllers/Home.php(58): view('section/index_p...', Array)
#5 /opt/lampp/htdocs/arsipsurat/system/CodeIgniter.php(802): App\Controllers\Home->profile()
#6 /opt/lampp/htdocs/arsipsurat/system/CodeIgniter.php(399): CodeIgniter\CodeIgniter->runController(Object(App\Controllers\Home))
#7 /opt/lampp/htdocs/arsipsurat/system/CodeIgniter.php(317): CodeIgniter\CodeIgniter->handleRequest(NULL, Object(Config\Cache), false)
#8 /opt/lampp/htdocs/arsipsurat/index.php(38): CodeIgniter\CodeIgniter->run()
#9 {main}
CRITICAL - 2024-03-07 08:29:31 --> Undefined variable $tanggal_register
#0 /opt/lampp/htdocs/arsipsurat/app/Views/section/index_profile.php(49): CodeIgniter\Debug\Exceptions->errorHandler(2, 'Undefined varia...', '/opt/lampp/htdo...', 49)
#1 /opt/lampp/htdocs/arsipsurat/system/View/View.php(214): include('/opt/lampp/htdo...')
#2 /opt/lampp/htdocs/arsipsurat/system/View/View.php(217): CodeIgniter\View\View->CodeIgniter\View\{closure}()
#3 /opt/lampp/htdocs/arsipsurat/system/Common.php(1092): CodeIgniter\View\View->render('section/index_p...', Array, true)
#4 /opt/lampp/htdocs/arsipsurat/app/Controllers/Home.php(58): view('section/index_p...', Array)
#5 /opt/lampp/htdocs/arsipsurat/system/CodeIgniter.php(802): App\Controllers\Home->profile()
#6 /opt/lampp/htdocs/arsipsurat/system/CodeIgniter.php(399): CodeIgniter\CodeIgniter->runController(Object(App\Controllers\Home))
#7 /opt/lampp/htdocs/arsipsurat/system/CodeIgniter.php(317): CodeIgniter\CodeIgniter->handleRequest(NULL, Object(Config\Cache), false)
#8 /opt/lampp/htdocs/arsipsurat/index.php(38): CodeIgniter\CodeIgniter->run()
#9 {main}
CRITICAL - 2024-03-07 08:29:40 --> Undefined variable $tanggal_register
#0 /opt/lampp/htdocs/arsipsurat/app/Views/section/index_profile.php(49): CodeIgniter\Debug\Exceptions->errorHandler(2, 'Undefined varia...', '/opt/lampp/htdo...', 49)
#1 /opt/lampp/htdocs/arsipsurat/system/View/View.php(214): include('/opt/lampp/htdo...')
#2 /opt/lampp/htdocs/arsipsurat/system/View/View.php(217): CodeIgniter\View\View->CodeIgniter\View\{closure}()
#3 /opt/lampp/htdocs/arsipsurat/system/Common.php(1092): CodeIgniter\View\View->render('section/index_p...', Array, true)
#4 /opt/lampp/htdocs/arsipsurat/app/Controllers/Home.php(58): view('section/index_p...', Array)
#5 /opt/lampp/htdocs/arsipsurat/system/CodeIgniter.php(802): App\Controllers\Home->profile()
#6 /opt/lampp/htdocs/arsipsurat/system/CodeIgniter.php(399): CodeIgniter\CodeIgniter->runController(Object(App\Controllers\Home))
#7 /opt/lampp/htdocs/arsipsurat/system/CodeIgniter.php(317): CodeIgniter\CodeIgniter->handleRequest(NULL, Object(Config\Cache), false)
#8 /opt/lampp/htdocs/arsipsurat/index.php(38): CodeIgniter\CodeIgniter->run()
#9 {main}
CRITICAL - 2024-03-07 08:30:13 --> Undefined variable $tanggal_register
#0 /opt/lampp/htdocs/arsipsurat/app/Views/section/index_profile1.php(49): CodeIgniter\Debug\Exceptions->errorHandler(2, 'Undefined varia...', '/opt/lampp/htdo...', 49)
#1 /opt/lampp/htdocs/arsipsurat/system/View/View.php(214): include('/opt/lampp/htdo...')
#2 /opt/lampp/htdocs/arsipsurat/system/View/View.php(217): CodeIgniter\View\View->CodeIgniter\View\{closure}()
#3 /opt/lampp/htdocs/arsipsurat/system/Common.php(1092): CodeIgniter\View\View->render('section/index_p...', Array, true)
#4 /opt/lampp/htdocs/arsipsurat/app/Controllers/Home.php(58): view('section/index_p...', Array)
#5 /opt/lampp/htdocs/arsipsurat/system/CodeIgniter.php(802): App\Controllers\Home->profile()
#6 /opt/lampp/htdocs/arsipsurat/system/CodeIgniter.php(399): CodeIgniter\CodeIgniter->runController(Object(App\Controllers\Home))
#7 /opt/lampp/htdocs/arsipsurat/system/CodeIgniter.php(317): CodeIgniter\CodeIgniter->handleRequest(NULL, Object(Config\Cache), false)
#8 /opt/lampp/htdocs/arsipsurat/index.php(38): CodeIgniter\CodeIgniter->run()
#9 {main}
CRITICAL - 2024-03-07 08:30:26 --> Undefined variable $tanggal_register
#0 /opt/lampp/htdocs/arsipsurat/app/Views/section/index_profile1.php(49): CodeIgniter\Debug\Exceptions->errorHandler(2, 'Undefined varia...', '/opt/lampp/htdo...', 49)
#1 /opt/lampp/htdocs/arsipsurat/system/View/View.php(214): include('/opt/lampp/htdo...')
#2 /opt/lampp/htdocs/arsipsurat/system/View/View.php(217): CodeIgniter\View\View->CodeIgniter\View\{closure}()
#3 /opt/lampp/htdocs/arsipsurat/system/Common.php(1092): CodeIgniter\View\View->render('section/index_p...', Array, true)
#4 /opt/lampp/htdocs/arsipsurat/app/Controllers/Home.php(58): view('section/index_p...', Array)
#5 /opt/lampp/htdocs/arsipsurat/system/CodeIgniter.php(802): App\Controllers\Home->profile()
#6 /opt/lampp/htdocs/arsipsurat/system/CodeIgniter.php(399): CodeIgniter\CodeIgniter->runController(Object(App\Controllers\Home))
#7 /opt/lampp/htdocs/arsipsurat/system/CodeIgniter.php(317): CodeIgniter\CodeIgniter->handleRequest(NULL, Object(Config\Cache), false)
#8 /opt/lampp/htdocs/arsipsurat/index.php(38): CodeIgniter\CodeIgniter->run()
#9 {main}
CRITICAL - 2024-03-07 08:30:27 --> Undefined variable $tanggal_register
#0 /opt/lampp/htdocs/arsipsurat/app/Views/section/index_profile1.php(49): CodeIgniter\Debug\Exceptions->errorHandler(2, 'Undefined varia...', '/opt/lampp/htdo...', 49)
#1 /opt/lampp/htdocs/arsipsurat/system/View/View.php(214): include('/opt/lampp/htdo...')
#2 /opt/lampp/htdocs/arsipsurat/system/View/View.php(217): CodeIgniter\View\View->CodeIgniter\View\{closure}()
#3 /opt/lampp/htdocs/arsipsurat/system/Common.php(1092): CodeIgniter\View\View->render('section/index_p...', Array, true)
#4 /opt/lampp/htdocs/arsipsurat/app/Controllers/Home.php(58): view('section/index_p...', Array)
#5 /opt/lampp/htdocs/arsipsurat/system/CodeIgniter.php(802): App\Controllers\Home->profile()
#6 /opt/lampp/htdocs/arsipsurat/system/CodeIgniter.php(399): CodeIgniter\CodeIgniter->runController(Object(App\Controllers\Home))
#7 /opt/lampp/htdocs/arsipsurat/system/CodeIgniter.php(317): CodeIgniter\CodeIgniter->handleRequest(NULL, Object(Config\Cache), false)
#8 /opt/lampp/htdocs/arsipsurat/index.php(38): CodeIgniter\CodeIgniter->run()
#9 {main}
CRITICAL - 2024-03-07 08:30:37 --> Invalid file: layout/top-nav1.php
#0 /opt/lampp/htdocs/arsipsurat/system/View/View.php(198): CodeIgniter\Exceptions\FrameworkException::forInvalidFile('layout/top-nav1...')
#1 /opt/lampp/htdocs/arsipsurat/system/View/View.php(230): CodeIgniter\View\View->render('layout/top-nav1', Array, true)
#2 /opt/lampp/htdocs/arsipsurat/system/Common.php(1092): CodeIgniter\View\View->render('section/index_p...', Array, true)
#3 /opt/lampp/htdocs/arsipsurat/app/Controllers/Home.php(58): view('section/index_p...', Array)
#4 /opt/lampp/htdocs/arsipsurat/system/CodeIgniter.php(802): App\Controllers\Home->profile()
#5 /opt/lampp/htdocs/arsipsurat/system/CodeIgniter.php(399): CodeIgniter\CodeIgniter->runController(Object(App\Controllers\Home))
#6 /opt/lampp/htdocs/arsipsurat/system/CodeIgniter.php(317): CodeIgniter\CodeIgniter->handleRequest(NULL, Object(Config\Cache), false)
#7 /opt/lampp/htdocs/arsipsurat/index.php(38): CodeIgniter\CodeIgniter->run()
#8 {main}
CRITICAL - 2024-03-07 08:30:43 --> Invalid file: layout/top-nav1.php
#0 /opt/lampp/htdocs/arsipsurat/system/View/View.php(198): CodeIgniter\Exceptions\FrameworkException::forInvalidFile('layout/top-nav1...')
#1 /opt/lampp/htdocs/arsipsurat/system/View/View.php(230): CodeIgniter\View\View->render('layout/top-nav1', Array, true)
#2 /opt/lampp/htdocs/arsipsurat/system/Common.php(1092): CodeIgniter\View\View->render('section/index_p...', Array, true)
#3 /opt/lampp/htdocs/arsipsurat/app/Controllers/Home.php(58): view('section/index_p...', Array)
#4 /opt/lampp/htdocs/arsipsurat/system/CodeIgniter.php(802): App\Controllers\Home->profile()
#5 /opt/lampp/htdocs/arsipsurat/system/CodeIgniter.php(399): CodeIgniter\CodeIgniter->runController(Object(App\Controllers\Home))
#6 /opt/lampp/htdocs/arsipsurat/system/CodeIgniter.php(317): CodeIgniter\CodeIgniter->handleRequest(NULL, Object(Config\Cache), false)
#7 /opt/lampp/htdocs/arsipsurat/index.php(38): CodeIgniter\CodeIgniter->run()
#8 {main}
CRITICAL - 2024-03-07 08:33:18 --> Undefined variable $profile_pengguna
#0 /opt/lampp/htdocs/arsipsurat/app/Views/section/index_profile1.php(13): CodeIgniter\Debug\Exceptions->errorHandler(2, 'Undefined varia...', '/opt/lampp/htdo...', 13)
#1 /opt/lampp/htdocs/arsipsurat/system/View/View.php(214): include('/opt/lampp/htdo...')
#2 /opt/lampp/htdocs/arsipsurat/system/View/View.php(217): CodeIgniter\View\View->CodeIgniter\View\{closure}()
#3 /opt/lampp/htdocs/arsipsurat/system/Common.php(1092): CodeIgniter\View\View->render('section/index_p...', Array, true)
#4 /opt/lampp/htdocs/arsipsurat/app/Controllers/Home.php(58): view('section/index_p...', Array)
#5 /opt/lampp/htdocs/arsipsurat/system/CodeIgniter.php(802): App\Controllers\Home->profile()
#6 /opt/lampp/htdocs/arsipsurat/system/CodeIgniter.php(399): CodeIgniter\CodeIgniter->runController(Object(App\Controllers\Home))
#7 /opt/lampp/htdocs/arsipsurat/system/CodeIgniter.php(317): CodeIgniter\CodeIgniter->handleRequest(NULL, Object(Config\Cache), false)
#8 /opt/lampp/htdocs/arsipsurat/index.php(38): CodeIgniter\CodeIgniter->run()
#9 {main}
CRITICAL - 2024-03-07 08:33:23 --> Undefined variable $profile_pengguna
#0 /opt/lampp/htdocs/arsipsurat/app/Views/section/index_profile1.php(13): CodeIgniter\Debug\Exceptions->errorHandler(2, 'Undefined varia...', '/opt/lampp/htdo...', 13)
#1 /opt/lampp/htdocs/arsipsurat/system/View/View.php(214): include('/opt/lampp/htdo...')
#2 /opt/lampp/htdocs/arsipsurat/system/View/View.php(217): CodeIgniter\View\View->CodeIgniter\View\{closure}()
#3 /opt/lampp/htdocs/arsipsurat/system/Common.php(1092): CodeIgniter\View\View->render('section/index_p...', Array, true)
#4 /opt/lampp/htdocs/arsipsurat/app/Controllers/Home.php(58): view('section/index_p...', Array)
#5 /opt/lampp/htdocs/arsipsurat/system/CodeIgniter.php(802): App\Controllers\Home->profile()
#6 /opt/lampp/htdocs/arsipsurat/system/CodeIgniter.php(399): CodeIgniter\CodeIgniter->runController(Object(App\Controllers\Home))
#7 /opt/lampp/htdocs/arsipsurat/system/CodeIgniter.php(317): CodeIgniter\CodeIgniter->handleRequest(NULL, Object(Config\Cache), false)
#8 /opt/lampp/htdocs/arsipsurat/index.php(38): CodeIgniter\CodeIgniter->run()
#9 {main}
CRITICAL - 2024-03-07 08:33:44 --> Undefined variable $tanggal_register
#0 /opt/lampp/htdocs/arsipsurat/app/Views/section/index_profile1.php(46): CodeIgniter\Debug\Exceptions->errorHandler(2, 'Undefined varia...', '/opt/lampp/htdo...', 46)
#1 /opt/lampp/htdocs/arsipsurat/system/View/View.php(214): include('/opt/lampp/htdo...')
#2 /opt/lampp/htdocs/arsipsurat/system/View/View.php(217): CodeIgniter\View\View->CodeIgniter\View\{closure}()
#3 /opt/lampp/htdocs/arsipsurat/system/Common.php(1092): CodeIgniter\View\View->render('section/index_p...', Array, true)
#4 /opt/lampp/htdocs/arsipsurat/app/Controllers/Home.php(58): view('section/index_p...', Array)
#5 /opt/lampp/htdocs/arsipsurat/system/CodeIgniter.php(802): App\Controllers\Home->profile()
#6 /opt/lampp/htdocs/arsipsurat/system/CodeIgniter.php(399): CodeIgniter\CodeIgniter->runController(Object(App\Controllers\Home))
#7 /opt/lampp/htdocs/arsipsurat/system/CodeIgniter.php(317): CodeIgniter\CodeIgniter->handleRequest(NULL, Object(Config\Cache), false)
#8 /opt/lampp/htdocs/arsipsurat/index.php(38): CodeIgniter\CodeIgniter->run()
#9 {main}
CRITICAL - 2024-03-07 08:33:45 --> Undefined variable $tanggal_register
#0 /opt/lampp/htdocs/arsipsurat/app/Views/section/index_profile1.php(46): CodeIgniter\Debug\Exceptions->errorHandler(2, 'Undefined varia...', '/opt/lampp/htdo...', 46)
#1 /opt/lampp/htdocs/arsipsurat/system/View/View.php(214): include('/opt/lampp/htdo...')
#2 /opt/lampp/htdocs/arsipsurat/system/View/View.php(217): CodeIgniter\View\View->CodeIgniter\View\{closure}()
#3 /opt/lampp/htdocs/arsipsurat/system/Common.php(1092): CodeIgniter\View\View->render('section/index_p...', Array, true)
#4 /opt/lampp/htdocs/arsipsurat/app/Controllers/Home.php(58): view('section/index_p...', Array)
#5 /opt/lampp/htdocs/arsipsurat/system/CodeIgniter.php(802): App\Controllers\Home->profile()
#6 /opt/lampp/htdocs/arsipsurat/system/CodeIgniter.php(399): CodeIgniter\CodeIgniter->runController(Object(App\Controllers\Home))
#7 /opt/lampp/htdocs/arsipsurat/system/CodeIgniter.php(317): CodeIgniter\CodeIgniter->handleRequest(NULL, Object(Config\Cache), false)
#8 /opt/lampp/htdocs/arsipsurat/index.php(38): CodeIgniter\CodeIgniter->run()
#9 {main}
CRITICAL - 2024-03-07 08:33:51 --> Undefined variable $tanggal_register
#0 /opt/lampp/htdocs/arsipsurat/app/Views/section/index_profile1.php(46): CodeIgniter\Debug\Exceptions->errorHandler(2, 'Undefined varia...', '/opt/lampp/htdo...', 46)
#1 /opt/lampp/htdocs/arsipsurat/system/View/View.php(214): include('/opt/lampp/htdo...')
#2 /opt/lampp/htdocs/arsipsurat/system/View/View.php(217): CodeIgniter\View\View->CodeIgniter\View\{closure}()
#3 /opt/lampp/htdocs/arsipsurat/system/Common.php(1092): CodeIgniter\View\View->render('section/index_p...', Array, true)
#4 /opt/lampp/htdocs/arsipsurat/app/Controllers/Home.php(58): view('section/index_p...', Array)
#5 /opt/lampp/htdocs/arsipsurat/system/CodeIgniter.php(802): App\Controllers\Home->profile()
#6 /opt/lampp/htdocs/arsipsurat/system/CodeIgniter.php(399): CodeIgniter\CodeIgniter->runController(Object(App\Controllers\Home))
#7 /opt/lampp/htdocs/arsipsurat/system/CodeIgniter.php(317): CodeIgniter\CodeIgniter->handleRequest(NULL, Object(Config\Cache), false)
#8 /opt/lampp/htdocs/arsipsurat/index.php(38): CodeIgniter\CodeIgniter->run()
#9 {main}
CRITICAL - 2024-03-07 08:33:52 --> Undefined variable $tanggal_register
#0 /opt/lampp/htdocs/arsipsurat/app/Views/section/index_profile1.php(46): CodeIgniter\Debug\Exceptions->errorHandler(2, 'Undefined varia...', '/opt/lampp/htdo...', 46)
#1 /opt/lampp/htdocs/arsipsurat/system/View/View.php(214): include('/opt/lampp/htdo...')
#2 /opt/lampp/htdocs/arsipsurat/system/View/View.php(217): CodeIgniter\View\View->CodeIgniter\View\{closure}()
#3 /opt/lampp/htdocs/arsipsurat/system/Common.php(1092): CodeIgniter\View\View->render('section/index_p...', Array, true)
#4 /opt/lampp/htdocs/arsipsurat/app/Controllers/Home.php(58): view('section/index_p...', Array)
#5 /opt/lampp/htdocs/arsipsurat/system/CodeIgniter.php(802): App\Controllers\Home->profile()
#6 /opt/lampp/htdocs/arsipsurat/system/CodeIgniter.php(399): CodeIgniter\CodeIgniter->runController(Object(App\Controllers\Home))
#7 /opt/lampp/htdocs/arsipsurat/system/CodeIgniter.php(317): CodeIgniter\CodeIgniter->handleRequest(NULL, Object(Config\Cache), false)
#8 /opt/lampp/htdocs/arsipsurat/index.php(38): CodeIgniter\CodeIgniter->run()
#9 {main}
CRITICAL - 2024-03-07 08:35:33 --> Invalid file: section/index_profile1.php
#0 /opt/lampp/htdocs/arsipsurat/system/View/View.php(198): CodeIgniter\Exceptions\FrameworkException::forInvalidFile('section/index_p...')
#1 /opt/lampp/htdocs/arsipsurat/system/Common.php(1092): CodeIgniter\View\View->render('section/index_p...', Array, true)
#2 /opt/lampp/htdocs/arsipsurat/app/Controllers/Home.php(58): view('section/index_p...', Array)
#3 /opt/lampp/htdocs/arsipsurat/system/CodeIgniter.php(802): App\Controllers\Home->profile()
#4 /opt/lampp/htdocs/arsipsurat/system/CodeIgniter.php(399): CodeIgniter\CodeIgniter->runController(Object(App\Controllers\Home))
#5 /opt/lampp/htdocs/arsipsurat/system/CodeIgniter.php(317): CodeIgniter\CodeIgniter->handleRequest(NULL, Object(Config\Cache), false)
#6 /opt/lampp/htdocs/arsipsurat/index.php(38): CodeIgniter\CodeIgniter->run()
#7 {main}
CRITICAL - 2024-03-07 08:35:57 --> Invalid file: section/index_profile1.php
#0 /opt/lampp/htdocs/arsipsurat/system/View/View.php(198): CodeIgniter\Exceptions\FrameworkException::forInvalidFile('section/index_p...')
#1 /opt/lampp/htdocs/arsipsurat/system/Common.php(1092): CodeIgniter\View\View->render('section/index_p...', Array, true)
#2 /opt/lampp/htdocs/arsipsurat/app/Controllers/Home.php(58): view('section/index_p...', Array)
#3 /opt/lampp/htdocs/arsipsurat/system/CodeIgniter.php(802): App\Controllers\Home->profile()
#4 /opt/lampp/htdocs/arsipsurat/system/CodeIgniter.php(399): CodeIgniter\CodeIgniter->runController(Object(App\Controllers\Home))
#5 /opt/lampp/htdocs/arsipsurat/system/CodeIgniter.php(317): CodeIgniter\CodeIgniter->handleRequest(NULL, Object(Config\Cache), false)
#6 /opt/lampp/htdocs/arsipsurat/index.php(38): CodeIgniter\CodeIgniter->run()
#7 {main}
CRITICAL - 2024-03-07 08:35:58 --> Invalid file: section/index_profile1.php
#0 /opt/lampp/htdocs/arsipsurat/system/View/View.php(198): CodeIgniter\Exceptions\FrameworkException::forInvalidFile('section/index_p...')
#1 /opt/lampp/htdocs/arsipsurat/system/Common.php(1092): CodeIgniter\View\View->render('section/index_p...', Array, true)
#2 /opt/lampp/htdocs/arsipsurat/app/Controllers/Home.php(58): view('section/index_p...', Array)
#3 /opt/lampp/htdocs/arsipsurat/system/CodeIgniter.php(802): App\Controllers\Home->profile()
#4 /opt/lampp/htdocs/arsipsurat/system/CodeIgniter.php(399): CodeIgniter\CodeIgniter->runController(Object(App\Controllers\Home))
#5 /opt/lampp/htdocs/arsipsurat/system/CodeIgniter.php(317): CodeIgniter\CodeIgniter->handleRequest(NULL, Object(Config\Cache), false)
#6 /opt/lampp/htdocs/arsipsurat/index.php(38): CodeIgniter\CodeIgniter->run()
#7 {main}
CRITICAL - 2024-03-07 09:51:01 --> Undefined property: CodeIgniter\View\View::$db
#0 /opt/lampp/htdocs/arsipsurat/app/Views/layout/fixed-sidebar.php(115): CodeIgniter\Debug\Exceptions->errorHandler(2, 'Undefined prope...', '/opt/lampp/htdo...', 115)
#1 /opt/lampp/htdocs/arsipsurat/system/View/View.php(214): include('/opt/lampp/htdo...')
#2 /opt/lampp/htdocs/arsipsurat/system/View/View.php(217): CodeIgniter\View\View->CodeIgniter\View\{closure}()
#3 /opt/lampp/htdocs/arsipsurat/system/View/View.php(230): CodeIgniter\View\View->render('layout/fixed-si...', Array, true)
#4 /opt/lampp/htdocs/arsipsurat/system/Common.php(1092): CodeIgniter\View\View->render('section/index_u...', Array, true)
#5 /opt/lampp/htdocs/arsipsurat/app/Controllers/Home.php(38): view('section/index_u...', Array)
#6 /opt/lampp/htdocs/arsipsurat/system/CodeIgniter.php(802): App\Controllers\Home->user()
#7 /opt/lampp/htdocs/arsipsurat/system/CodeIgniter.php(399): CodeIgniter\CodeIgniter->runController(Object(App\Controllers\Home))
#8 /opt/lampp/htdocs/arsipsurat/system/CodeIgniter.php(317): CodeIgniter\CodeIgniter->handleRequest(NULL, Object(Config\Cache), false)
#9 /opt/lampp/htdocs/arsipsurat/index.php(38): CodeIgniter\CodeIgniter->run()
#10 {main}
CRITICAL - 2024-03-07 09:54:39 --> syntax error, unexpected token ";", expecting "("
#0 /opt/lampp/htdocs/arsipsurat/system/View/View.php(217): CodeIgniter\View\View->CodeIgniter\View\{closure}()
#1 /opt/lampp/htdocs/arsipsurat/system/View/View.php(230): CodeIgniter\View\View->render('layout/fixed-si...', Array, true)
#2 /opt/lampp/htdocs/arsipsurat/system/Common.php(1092): CodeIgniter\View\View->render('section/index_u...', Array, true)
#3 /opt/lampp/htdocs/arsipsurat/app/Controllers/Home.php(38): view('section/index_u...', Array)
#4 /opt/lampp/htdocs/arsipsurat/system/CodeIgniter.php(802): App\Controllers\Home->user()
#5 /opt/lampp/htdocs/arsipsurat/system/CodeIgniter.php(399): CodeIgniter\CodeIgniter->runController(Object(App\Controllers\Home))
#6 /opt/lampp/htdocs/arsipsurat/system/CodeIgniter.php(317): CodeIgniter\CodeIgniter->handleRequest(NULL, Object(Config\Cache), false)
#7 /opt/lampp/htdocs/arsipsurat/index.php(38): CodeIgniter\CodeIgniter->run()
#8 {main}
CRITICAL - 2024-03-07 09:54:46 --> syntax error, unexpected token ";", expecting "("
#0 /opt/lampp/htdocs/arsipsurat/system/View/View.php(217): CodeIgniter\View\View->CodeIgniter\View\{closure}()
#1 /opt/lampp/htdocs/arsipsurat/system/View/View.php(230): CodeIgniter\View\View->render('layout/fixed-si...', Array, true)
#2 /opt/lampp/htdocs/arsipsurat/system/Common.php(1092): CodeIgniter\View\View->render('section/index_u...', Array, true)
#3 /opt/lampp/htdocs/arsipsurat/app/Controllers/Home.php(38): view('section/index_u...', Array)
#4 /opt/lampp/htdocs/arsipsurat/system/CodeIgniter.php(802): App\Controllers\Home->user()
#5 /opt/lampp/htdocs/arsipsurat/system/CodeIgniter.php(399): CodeIgniter\CodeIgniter->runController(Object(App\Controllers\Home))
#6 /opt/lampp/htdocs/arsipsurat/system/CodeIgniter.php(317): CodeIgniter\CodeIgniter->handleRequest(NULL, Object(Config\Cache), false)
#7 /opt/lampp/htdocs/arsipsurat/index.php(38): CodeIgniter\CodeIgniter->run()
#8 {main}
CRITICAL - 2024-03-07 09:54:51 --> Undefined variable $i
#0 /opt/lampp/htdocs/arsipsurat/app/Views/layout/fixed-sidebar.php(121): CodeIgniter\Debug\Exceptions->errorHandler(2, 'Undefined varia...', '/opt/lampp/htdo...', 121)
#1 /opt/lampp/htdocs/arsipsurat/system/View/View.php(214): include('/opt/lampp/htdo...')
#2 /opt/lampp/htdocs/arsipsurat/system/View/View.php(217): CodeIgniter\View\View->CodeIgniter\View\{closure}()
#3 /opt/lampp/htdocs/arsipsurat/system/View/View.php(230): CodeIgniter\View\View->render('layout/fixed-si...', Array, true)
#4 /opt/lampp/htdocs/arsipsurat/system/Common.php(1092): CodeIgniter\View\View->render('section/index_u...', Array, true)
#5 /opt/lampp/htdocs/arsipsurat/app/Controllers/Home.php(38): view('section/index_u...', Array)
#6 /opt/lampp/htdocs/arsipsurat/system/CodeIgniter.php(802): App\Controllers\Home->user()
#7 /opt/lampp/htdocs/arsipsurat/system/CodeIgniter.php(399): CodeIgniter\CodeIgniter->runController(Object(App\Controllers\Home))
#8 /opt/lampp/htdocs/arsipsurat/system/CodeIgniter.php(317): CodeIgniter\CodeIgniter->handleRequest(NULL, Object(Config\Cache), false)
#9 /opt/lampp/htdocs/arsipsurat/index.php(38): CodeIgniter\CodeIgniter->run()
#10 {main}
CRITICAL - 2024-03-07 09:56:45 --> syntax error, unexpected token "foreach"
#0 /opt/lampp/htdocs/arsipsurat/system/View/View.php(217): CodeIgniter\View\View->CodeIgniter\View\{closure}()
#1 /opt/lampp/htdocs/arsipsurat/system/View/View.php(230): CodeIgniter\View\View->render('layout/fixed-si...', Array, true)
#2 /opt/lampp/htdocs/arsipsurat/system/Common.php(1092): CodeIgniter\View\View->render('section/index_u...', Array, true)
#3 /opt/lampp/htdocs/arsipsurat/app/Controllers/Home.php(38): view('section/index_u...', Array)
#4 /opt/lampp/htdocs/arsipsurat/system/CodeIgniter.php(802): App\Controllers\Home->user()
#5 /opt/lampp/htdocs/arsipsurat/system/CodeIgniter.php(399): CodeIgniter\CodeIgniter->runController(Object(App\Controllers\Home))
#6 /opt/lampp/htdocs/arsipsurat/system/CodeIgniter.php(317): CodeIgniter\CodeIgniter->handleRequest(NULL, Object(Config\Cache), false)
#7 /opt/lampp/htdocs/arsipsurat/index.php(38): CodeIgniter\CodeIgniter->run()
#8 {main}
CRITICAL - 2024-03-07 09:57:10 --> Call to undefined function request()
#0 /opt/lampp/htdocs/arsipsurat/system/View/View.php(214): include()
#1 /opt/lampp/htdocs/arsipsurat/system/View/View.php(217): CodeIgniter\View\View->CodeIgniter\View\{closure}()
#2 /opt/lampp/htdocs/arsipsurat/system/View/View.php(230): CodeIgniter\View\View->render('layout/fixed-si...', Array, true)
#3 /opt/lampp/htdocs/arsipsurat/system/Common.php(1092): CodeIgniter\View\View->render('section/index_u...', Array, true)
#4 /opt/lampp/htdocs/arsipsurat/app/Controllers/Home.php(38): view('section/index_u...', Array)
#5 /opt/lampp/htdocs/arsipsurat/system/CodeIgniter.php(802): App\Controllers\Home->user()
#6 /opt/lampp/htdocs/arsipsurat/system/CodeIgniter.php(399): CodeIgniter\CodeIgniter->runController(Object(App\Controllers\Home))
#7 /opt/lampp/htdocs/arsipsurat/system/CodeIgniter.php(317): CodeIgniter\CodeIgniter->handleRequest(NULL, Object(Config\Cache), false)
#8 /opt/lampp/htdocs/arsipsurat/index.php(38): CodeIgniter\CodeIgniter->run()
#9 {main}
CRITICAL - 2024-03-07 09:57:12 --> Call to undefined function request()
#0 /opt/lampp/htdocs/arsipsurat/system/View/View.php(214): include()
#1 /opt/lampp/htdocs/arsipsurat/system/View/View.php(217): CodeIgniter\View\View->CodeIgniter\View\{closure}()
#2 /opt/lampp/htdocs/arsipsurat/system/View/View.php(230): CodeIgniter\View\View->render('layout/fixed-si...', Array, true)
#3 /opt/lampp/htdocs/arsipsurat/system/Common.php(1092): CodeIgniter\View\View->render('section/index_u...', Array, true)
#4 /opt/lampp/htdocs/arsipsurat/app/Controllers/Home.php(38): view('section/index_u...', Array)
#5 /opt/lampp/htdocs/arsipsurat/system/CodeIgniter.php(802): App\Controllers\Home->user()
#6 /opt/lampp/htdocs/arsipsurat/system/CodeIgniter.php(399): CodeIgniter\CodeIgniter->runController(Object(App\Controllers\Home))
#7 /opt/lampp/htdocs/arsipsurat/system/CodeIgniter.php(317): CodeIgniter\CodeIgniter->handleRequest(NULL, Object(Config\Cache), false)
#8 /opt/lampp/htdocs/arsipsurat/index.php(38): CodeIgniter\CodeIgniter->run()
#9 {main}
CRITICAL - 2024-03-07 09:59:33 --> Attempt to read property "id_jenis_surat" on array
#0 /opt/lampp/htdocs/arsipsurat/app/Views/layout/fixed-sidebar.php(121): CodeIgniter\Debug\Exceptions->errorHandler(2, 'Attempt to read...', '/opt/lampp/htdo...', 121)
#1 /opt/lampp/htdocs/arsipsurat/system/View/View.php(214): include('/opt/lampp/htdo...')
#2 /opt/lampp/htdocs/arsipsurat/system/View/View.php(217): CodeIgniter\View\View->CodeIgniter\View\{closure}()
#3 /opt/lampp/htdocs/arsipsurat/system/View/View.php(230): CodeIgniter\View\View->render('layout/fixed-si...', Array, true)
#4 /opt/lampp/htdocs/arsipsurat/system/Common.php(1092): CodeIgniter\View\View->render('section/index_u...', Array, true)
#5 /opt/lampp/htdocs/arsipsurat/app/Controllers/Home.php(38): view('section/index_u...', Array)
#6 /opt/lampp/htdocs/arsipsurat/system/CodeIgniter.php(802): App\Controllers\Home->user()
#7 /opt/lampp/htdocs/arsipsurat/system/CodeIgniter.php(399): CodeIgniter\CodeIgniter->runController(Object(App\Controllers\Home))
#8 /opt/lampp/htdocs/arsipsurat/system/CodeIgniter.php(317): CodeIgniter\CodeIgniter->handleRequest(NULL, Object(Config\Cache), false)
#9 /opt/lampp/htdocs/arsipsurat/index.php(38): CodeIgniter\CodeIgniter->run()
#10 {main}
CRITICAL - 2024-03-07 09:59:46 --> Undefined array key "id_jenis_surat"
#0 /opt/lampp/htdocs/arsipsurat/app/Views/layout/fixed-sidebar.php(121): CodeIgniter\Debug\Exceptions->errorHandler(2, 'Undefined array...', '/opt/lampp/htdo...', 121)
#1 /opt/lampp/htdocs/arsipsurat/system/View/View.php(214): include('/opt/lampp/htdo...')
#2 /opt/lampp/htdocs/arsipsurat/system/View/View.php(217): CodeIgniter\View\View->CodeIgniter\View\{closure}()
#3 /opt/lampp/htdocs/arsipsurat/system/View/View.php(230): CodeIgniter\View\View->render('layout/fixed-si...', Array, true)
#4 /opt/lampp/htdocs/arsipsurat/system/Common.php(1092): CodeIgniter\View\View->render('section/index_u...', Array, true)
#5 /opt/lampp/htdocs/arsipsurat/app/Controllers/Home.php(38): view('section/index_u...', Array)
#6 /opt/lampp/htdocs/arsipsurat/system/CodeIgniter.php(802): App\Controllers\Home->user()
#7 /opt/lampp/htdocs/arsipsurat/system/CodeIgniter.php(399): CodeIgniter\CodeIgniter->runController(Object(App\Controllers\Home))
#8 /opt/lampp/htdocs/arsipsurat/system/CodeIgniter.php(317): CodeIgniter\CodeIgniter->handleRequest(NULL, Object(Config\Cache), false)
#9 /opt/lampp/htdocs/arsipsurat/index.php(38): CodeIgniter\CodeIgniter->run()
#10 {main}
CRITICAL - 2024-03-07 10:29:22 --> Attempt to read property "nama_surat" on null
#0 /opt/lampp/htdocs/arsipsurat/app/Controllers/Surat.php(22): CodeIgniter\Debug\Exceptions->errorHandler(2, 'Attempt to read...', '/opt/lampp/htdo...', 22)
#1 /opt/lampp/htdocs/arsipsurat/system/CodeIgniter.php(802): App\Controllers\Surat->jenis_surat('TXc9PQ==')
#2 /opt/lampp/htdocs/arsipsurat/system/CodeIgniter.php(399): CodeIgniter\CodeIgniter->runController(Object(App\Controllers\Surat))
#3 /opt/lampp/htdocs/arsipsurat/system/CodeIgniter.php(317): CodeIgniter\CodeIgniter->handleRequest(NULL, Object(Config\Cache), false)
#4 /opt/lampp/htdocs/arsipsurat/index.php(38): CodeIgniter\CodeIgniter->run()
#5 {main}
CRITICAL - 2024-03-07 10:30:41 --> Attempt to read property "nama_surat" on null
#0 /opt/lampp/htdocs/arsipsurat/app/Controllers/Surat.php(23): CodeIgniter\Debug\Exceptions->errorHandler(2, 'Attempt to read...', '/opt/lampp/htdo...', 23)
#1 /opt/lampp/htdocs/arsipsurat/system/CodeIgniter.php(802): App\Controllers\Surat->jenis_surat('TXc9PQ==')
#2 /opt/lampp/htdocs/arsipsurat/system/CodeIgniter.php(399): CodeIgniter\CodeIgniter->runController(Object(App\Controllers\Surat))
#3 /opt/lampp/htdocs/arsipsurat/system/CodeIgniter.php(317): CodeIgniter\CodeIgniter->handleRequest(NULL, Object(Config\Cache), false)
#4 /opt/lampp/htdocs/arsipsurat/index.php(38): CodeIgniter\CodeIgniter->run()
#5 {main}
CRITICAL - 2024-03-07 10:30:42 --> Attempt to read property "nama_surat" on null
#0 /opt/lampp/htdocs/arsipsurat/app/Controllers/Surat.php(23): CodeIgniter\Debug\Exceptions->errorHandler(2, 'Attempt to read...', '/opt/lampp/htdo...', 23)
#1 /opt/lampp/htdocs/arsipsurat/system/CodeIgniter.php(802): App\Controllers\Surat->jenis_surat('TXc9PQ==')
#2 /opt/lampp/htdocs/arsipsurat/system/CodeIgniter.php(399): CodeIgniter\CodeIgniter->runController(Object(App\Controllers\Surat))
#3 /opt/lampp/htdocs/arsipsurat/system/CodeIgniter.php(317): CodeIgniter\CodeIgniter->handleRequest(NULL, Object(Config\Cache), false)
#4 /opt/lampp/htdocs/arsipsurat/index.php(38): CodeIgniter\CodeIgniter->run()
#5 {main}
CRITICAL - 2024-03-07 10:30:49 --> Attempt to read property "nama_jenis_surat" on null
#0 /opt/lampp/htdocs/arsipsurat/app/Controllers/Surat.php(23): CodeIgniter\Debug\Exceptions->errorHandler(2, 'Attempt to read...', '/opt/lampp/htdo...', 23)
#1 /opt/lampp/htdocs/arsipsurat/system/CodeIgniter.php(802): App\Controllers\Surat->jenis_surat('TXc9PQ==')
#2 /opt/lampp/htdocs/arsipsurat/system/CodeIgniter.php(399): CodeIgniter\CodeIgniter->runController(Object(App\Controllers\Surat))
#3 /opt/lampp/htdocs/arsipsurat/system/CodeIgniter.php(317): CodeIgniter\CodeIgniter->handleRequest(NULL, Object(Config\Cache), false)
#4 /opt/lampp/htdocs/arsipsurat/index.php(38): CodeIgniter\CodeIgniter->run()
#5 {main}
CRITICAL - 2024-03-07 10:30:50 --> Attempt to read property "nama_jenis_surat" on null
#0 /opt/lampp/htdocs/arsipsurat/app/Controllers/Surat.php(23): CodeIgniter\Debug\Exceptions->errorHandler(2, 'Attempt to read...', '/opt/lampp/htdo...', 23)
#1 /opt/lampp/htdocs/arsipsurat/system/CodeIgniter.php(802): App\Controllers\Surat->jenis_surat('TXc9PQ==')
#2 /opt/lampp/htdocs/arsipsurat/system/CodeIgniter.php(399): CodeIgniter\CodeIgniter->runController(Object(App\Controllers\Surat))
#3 /opt/lampp/htdocs/arsipsurat/system/CodeIgniter.php(317): CodeIgniter\CodeIgniter->handleRequest(NULL, Object(Config\Cache), false)
#4 /opt/lampp/htdocs/arsipsurat/index.php(38): CodeIgniter\CodeIgniter->run()
#5 {main}
CRITICAL - 2024-03-07 10:31:25 --> Attempt to read property "nama_jenis_surat" on null
#0 /opt/lampp/htdocs/arsipsurat/app/Controllers/Surat.php(23): CodeIgniter\Debug\Exceptions->errorHandler(2, 'Attempt to read...', '/opt/lampp/htdo...', 23)
#1 /opt/lampp/htdocs/arsipsurat/system/CodeIgniter.php(802): App\Controllers\Surat->jenis_surat('TXc9PQ==')
#2 /opt/lampp/htdocs/arsipsurat/system/CodeIgniter.php(399): CodeIgniter\CodeIgniter->runController(Object(App\Controllers\Surat))
#3 /opt/lampp/htdocs/arsipsurat/system/CodeIgniter.php(317): CodeIgniter\CodeIgniter->handleRequest(NULL, Object(Config\Cache), false)
#4 /opt/lampp/htdocs/arsipsurat/index.php(38): CodeIgniter\CodeIgniter->run()
#5 {main}
CRITICAL - 2024-03-07 10:36:55 --> Undefined variable $id_jenis_surat
#0 /opt/lampp/htdocs/arsipsurat/app/Views/layout/fixed-sidebar.php(119): CodeIgniter\Debug\Exceptions->errorHandler(2, 'Undefined varia...', '/opt/lampp/htdo...', 119)
#1 /opt/lampp/htdocs/arsipsurat/system/View/View.php(214): include('/opt/lampp/htdo...')
#2 /opt/lampp/htdocs/arsipsurat/system/View/View.php(217): CodeIgniter\View\View->CodeIgniter\View\{closure}()
#3 /opt/lampp/htdocs/arsipsurat/system/View/View.php(230): CodeIgniter\View\View->render('layout/fixed-si...', Array, true)
#4 /opt/lampp/htdocs/arsipsurat/system/Common.php(1092): CodeIgniter\View\View->render('section/index_s...', Array, true)
#5 /opt/lampp/htdocs/arsipsurat/app/Controllers/Surat.php(30): view('section/index_s...', Array)
#6 /opt/lampp/htdocs/arsipsurat/system/CodeIgniter.php(802): App\Controllers\Surat->jenis_surat('TVE9PQ==')
#7 /opt/lampp/htdocs/arsipsurat/system/CodeIgniter.php(399): CodeIgniter\CodeIgniter->runController(Object(App\Controllers\Surat))
#8 /opt/lampp/htdocs/arsipsurat/system/CodeIgniter.php(317): CodeIgniter\CodeIgniter->handleRequest(NULL, Object(Config\Cache), false)
#9 /opt/lampp/htdocs/arsipsurat/index.php(38): CodeIgniter\CodeIgniter->run()
#10 {main}
CRITICAL - 2024-03-07 10:54:36 --> Array to string conversion
#0 /opt/lampp/htdocs/arsipsurat/app/Views/section/index_surat.php(169): CodeIgniter\Debug\Exceptions->errorHandler(2, 'Array to string...', '/opt/lampp/htdo...', 169)
#1 /opt/lampp/htdocs/arsipsurat/system/View/View.php(214): include('/opt/lampp/htdo...')
#2 /opt/lampp/htdocs/arsipsurat/system/View/View.php(217): CodeIgniter\View\View->CodeIgniter\View\{closure}()
#3 /opt/lampp/htdocs/arsipsurat/system/Common.php(1092): CodeIgniter\View\View->render('section/index_s...', Array, true)
#4 /opt/lampp/htdocs/arsipsurat/app/Controllers/Surat.php(30): view('section/index_s...', Array)
#5 /opt/lampp/htdocs/arsipsurat/system/CodeIgniter.php(802): App\Controllers\Surat->jenis_surat('MQ==')
#6 /opt/lampp/htdocs/arsipsurat/system/CodeIgniter.php(399): CodeIgniter\CodeIgniter->runController(Object(App\Controllers\Surat))
#7 /opt/lampp/htdocs/arsipsurat/system/CodeIgniter.php(317): CodeIgniter\CodeIgniter->handleRequest(NULL, Object(Config\Cache), false)
#8 /opt/lampp/htdocs/arsipsurat/index.php(38): CodeIgniter\CodeIgniter->run()
#9 {main}
